2023.08.16 10:50:32 INFO  Started: Metals version 1.0.0 in folders 'E:\Extension\Projects\gatlingTest' for client Visual Studio Code 1.81.1.
рту 16, 2023 10:50:32 AM org.flywaydb.core.internal.license.VersionPrinter printVersionOnly
INFO: Flyway Community Edition 9.20.1 by Redgate
рту 16, 2023 10:50:32 AM org.flywaydb.core.internal.license.VersionPrinter printVersion
INFO: See release notes here: https://rd.gt/416ObMi
рту 16, 2023 10:50:32 AM org.flywaydb.core.internal.license.VersionPrinter printVersion
INFO: 
рту 16, 2023 10:50:32 AM org.flywaydb.core.internal.database.base.BaseDatabaseType createDatabase
INFO: Database: jdbc:h2:file:E:\Extension\Projects\gatlingTest\.metals\metals (H2 2.1)
рту 16, 2023 10:50:32 AM org.flywaydb.core.internal.schemahistory.JdbcTableSchemaHistory allAppliedMigrations
INFO: Schema history table "PUBLIC"."flyway_schema_history" does not exist yet
рту 16, 2023 10:50:32 AM org.flywaydb.core.internal.command.DbValidate validate
INFO: Successfully validated 4 migrations (execution time 00:00.010s)
рту 16, 2023 10:50:32 AM org.flywaydb.core.internal.schemahistory.JdbcTableSchemaHistory create
INFO: Creating Schema History table "PUBLIC"."flyway_schema_history" ...
рту 16, 2023 10:50:32 AM org.flywaydb.core.internal.command.DbMigrate migrateGroup
INFO: Current version of schema "PUBLIC": << Empty Schema >>
рту 16, 2023 10:50:32 AM org.flywaydb.core.internal.command.DbMigrate doMigrateGroup
INFO: Migrating schema "PUBLIC" to version "1 - Create tables"
рту 16, 2023 10:50:32 AM org.flywaydb.core.internal.command.DbMigrate doMigrateGroup
INFO: Migrating schema "PUBLIC" to version "2 - Server discovery"
рту 16, 2023 10:50:32 AM org.flywaydb.core.internal.command.DbMigrate doMigrateGroup
INFO: Migrating schema "PUBLIC" to version "3 - Jar symbols"
рту 16, 2023 10:50:32 AM org.flywaydb.core.internal.command.DbMigrate doMigrateGroup
INFO: Migrating schema "PUBLIC" to version "4 - Fingerprints"
рту 16, 2023 10:50:32 AM org.flywaydb.core.internal.command.DbMigrate logSummary
INFO: Successfully applied 4 migrations to schema "PUBLIC", now at version v4 (execution time 00:00.011s)
2023.08.16 10:50:32 INFO  time: initialize in 0.41s
2023.08.16 10:50:32 WARN  Build server is not auto-connectable.
2023.08.16 10:50:36 WARN  no build target for: E:\Extension\Projects\gatlingTest\build.sbt
2023.08.16 10:50:37 INFO  no build target found for E:\Extension\Projects\gatlingTest\build.sbt. Using presentation compiler with project's scala-library version: 3.3.0
2023.08.16 10:50:38 INFO  time: code lens generation in 1.33s
2023.08.16 10:50:43 WARN  no build target for: E:\Extension\Projects\gatlingTest\project\plugins.sbt
2023.08.16 10:50:46 WARN  no build target for: E:\Extension\Projects\gatlingTest\build.sbt
2023.08.16 10:50:57 WARN  no build target for: E:\Extension\Projects\gatlingTest\project\plugins.sbt
2023.08.16 10:51:00 WARN  no build target for: E:\Extension\Projects\gatlingTest\build.sbt
2023.08.16 10:54:36 WARN  no build target for: E:\Extension\Projects\gatlingTest\build.sbt
2023.08.16 10:54:42 WARN  no build target for: E:\Extension\Projects\gatlingTest\project\plugins.sbt
2023.08.16 10:54:45 WARN  no build target for: E:\Extension\Projects\gatlingTest\build.sbt
2023.08.16 10:55:26 WARN  no build target for: E:\Extension\Projects\gatlingTest\project\plugins.sbt
2023.08.16 10:55:35 WARN  no build target for: E:\Extension\Projects\gatlingTest\project\plugins.sbt
2023.08.16 10:55:39 WARN  no build target for: E:\Extension\Projects\gatlingTest\project\plugins.sbt
2023.08.16 10:55:43 INFO  skipping build import with status 'Dismissed'
2023.08.16 10:55:46 WARN  no build target for: E:\Extension\Projects\gatlingTest\project\plugins.sbt
2023.08.16 10:55:46 INFO  skipping build import with status 'Dismissed'
2023.08.16 10:55:46 WARN  no build target for: E:\Extension\Projects\gatlingTest\project\plugins.sbt
2023.08.16 10:55:46 INFO  skipping build import with status 'Dismissed'
2023.08.16 10:55:46 WARN  no build target for: E:\Extension\Projects\gatlingTest\project\plugins.sbt
2023.08.16 10:55:46 INFO  skipping build import with status 'Dismissed'
2023.08.16 10:55:48 INFO  running 'C:\Program Files\Java\jdk1.8.0_341\bin\java.exe -Djline.terminal=jline.UnsupportedTerminal -Dsbt.log.noformat=true -Dfile.encoding=UTF-8 -jar C:\Users\User\AppData\Local\Temp\metals7244696614265685545\sbt-launch.jar -Dbloop.export-jar-classifiers=sources bloopInstall'
2023.08.16 10:55:49 INFO  [info] welcome to sbt 1.9.3 (Oracle Corporation Java 1.8.0_341)
2023.08.16 10:55:51 INFO  [info] loading settings for project gatlingtest-build-build-build from metals.sbt ...
2023.08.16 10:55:51 INFO  [info] loading project definition from E:\Extension\Projects\gatlingTest\project\project\project
2023.08.16 10:55:52 INFO  [info] loading settings for project gatlingtest-build-build from metals.sbt ...
2023.08.16 10:55:52 INFO  [info] loading project definition from E:\Extension\Projects\gatlingTest\project\project
2023.08.16 10:55:52 INFO  [success] Generated .bloop\gatlingtest-build-build.json
2023.08.16 10:55:53 INFO  [success] Total time: 1 s, completed 16.08.2023 10:55:53
2023.08.16 10:55:53 INFO  [info] loading settings for project gatlingtest-build from metals.sbt,plugins.sbt ...
2023.08.16 10:55:53 INFO  [info] loading project definition from E:\Extension\Projects\gatlingTest\project
2023.08.16 10:55:56 INFO  [success] Generated .bloop\gatlingtest-build.json
2023.08.16 10:55:56 INFO  [success] Total time: 2 s, completed 16.08.2023 10:55:56
2023.08.16 10:55:56 INFO  [info] loading settings for project gatlingtest from build.sbt ...
2023.08.16 10:55:56 INFO  [info] set current project to gatlingtest (in build file:/E:/Extension/Projects/gatlingTest/)
2023.08.16 10:56:06 INFO  [success] Generated .bloop\gatlingtest.json
2023.08.16 10:56:06 INFO  [success] Generated .bloop\gatlingtest-test.json
2023.08.16 10:56:06 INFO  [success] Generated .bloop\gatlingtest-it.json
2023.08.16 10:56:06 INFO  [success] Total time: 10 s, completed 16.08.2023 10:56:06
2023.08.16 10:56:06 INFO  time: ran 'sbt bloopInstall' in 17s
2023.08.16 10:56:06 INFO  Attempting to connect to the build server...
2023.08.16 10:56:06 INFO  Bloop uses C:\Program Files\Java\jdk1.8.0_341 defined at C:\Users\User\.bloop\bloop.json
2023.08.16 10:56:06 INFO  tracing is disabled for protocol BSP, to enable tracing of incoming and outgoing JSON messages create an empty file at E:\Extension\Projects\gatlingTest\.metals\bsp.trace.json or C:\Users\User\AppData\Local\scalameta\metals\cache\bsp.trace.json
2023.08.16 10:56:14 INFO  Attempting to connect to the build server...
2023.08.16 10:56:14 INFO  Bloop uses C:\Program Files\Java\jdk1.8.0_341 defined at C:\Users\User\.bloop\bloop.json
2023.08.16 10:56:14 INFO  Attempting to connect to the build server...
2023.08.16 10:56:14 INFO  Bloop uses C:\Program Files\Java\jdk1.8.0_341 defined at C:\Users\User\.bloop\bloop.json
2023.08.16 10:56:14 INFO  tracing is disabled for protocol BSP, to enable tracing of incoming and outgoing JSON messages create an empty file at E:\Extension\Projects\gatlingTest\project\.metals\bsp.trace.json or C:\Users\User\AppData\Local\scalameta\metals\cache\bsp.trace.json
2023.08.16 10:56:14 INFO  tracing is disabled for protocol BSP, to enable tracing of incoming and outgoing JSON messages create an empty file at E:\Extension\Projects\gatlingTest\project\project\.metals\bsp.trace.json or C:\Users\User\AppData\Local\scalameta\metals\cache\bsp.trace.json
2023.08.16 10:56:14 INFO  time: Connected to build server in 7.39s
2023.08.16 10:56:14 INFO  Connected to Build server: Bloop v1.5.8
2023.08.16 10:56:16 INFO  time: indexed workspace in 2.27s
2023.08.16 10:56:18 INFO  time: code lens generation in 1.58s
2023.08.16 11:00:08 INFO  skipping build import with status 'Installed'
2023.08.16 11:00:08 INFO  skipping build import with status 'Installed'
2023.08.16 11:00:08 INFO  skipping build import with status 'Installed'
2023.08.16 11:00:08 INFO  skipping build import with status 'Installed'
2023.08.16 11:00:12 INFO  skipping build import with status 'Installed'
2023.08.16 11:00:21 INFO  compiling gatlingtest-test (1 scala source)
2023.08.16 11:00:28 INFO  time: compiled gatlingtest-test in 6.93s
2023.08.16 11:00:37 INFO  compiling gatlingtest-it (1 scala source)
2023.08.16 11:00:37 INFO  time: compiled gatlingtest-it in 0.69s
2023.08.16 11:15:59 INFO  compiling gatlingtest-test (1 scala source)
2023.08.16 11:15:59 INFO  time: compiled gatlingtest-test in 0.38s
2023.08.16 11:24:07 INFO  compiling gatlingtest-test (1 scala source)
2023.08.16 11:24:07 INFO  time: compiled gatlingtest-test in 0.38s
2023.08.16 11:24:11 INFO  compiling gatlingtest-test (1 scala source)
2023.08.16 11:24:11 INFO  time: compiled gatlingtest-test in 0.37s
2023.08.16 11:24:17 INFO  compiling gatlingtest-test (1 scala source)
2023.08.16 11:24:17 INFO  time: compiled gatlingtest-test in 0.43s
2023.08.16 11:30:38 INFO  compiling gatlingtest-test (1 scala source)
2023.08.16 11:30:38 INFO  time: compiled gatlingtest-test in 0.38s
2023.08.16 11:31:26 INFO  compiling gatlingtest-test (1 scala source)
2023.08.16 11:31:26 INFO  time: compiled gatlingtest-test in 0.17s
2023.08.16 11:31:29 WARN  Could not load snapshot text for E:\Extension\Projects\gatlingTest\src\test\scala\kindegarden\HttpSimulation.scala
2023.08.16 11:31:30 WARN  Could not load snapshot text for E:\Extension\Projects\gatlingTest\src\test\scala\kindegarden\HttpSimulation.scala
2023.08.16 11:31:30 WARN  Could not load snapshot text for E:\Extension\Projects\gatlingTest\src\test\scala\kindegarden\HttpSimulation.scala
2023.08.16 11:31:36 WARN  Could not load snapshot text for E:\Extension\Projects\gatlingTest\src\test\scala\kindegarden\HttpSimulation.scala
2023.08.16 11:31:36 INFO  compiling gatlingtest-test (1 scala source)
2023.08.16 11:31:36 INFO  time: compiled gatlingtest-test in 0.39s
2023.08.16 11:31:44 INFO  compiling gatlingtest-test (1 scala source)
2023.08.16 11:31:44 INFO  time: compiled gatlingtest-test in 0.64s
2023.08.16 11:31:46 INFO  compiling gatlingtest-test (1 scala source)
2023.08.16 11:31:46 INFO  time: compiled gatlingtest-test in 0.37s
2023.08.16 11:32:13 INFO  compiling gatlingtest-test (1 scala source)
2023.08.16 11:32:13 INFO  time: compiled gatlingtest-test in 0.42s
2023.08.16 11:32:29 INFO  Shutting down server
2023.08.16 11:32:29 INFO  shutting down Metals
2023.08.16 11:32:29 INFO  Shut down connection with build server.
2023.08.16 11:32:29 INFO  Shut down connection with build server.
2023.08.16 11:32:29 INFO  Shut down connection with build server.
2023.08.16 11:32:29 INFO  Exiting server
2023.08.16 11:32:51 INFO  Started: Metals version 1.0.0 in folders 'E:\Extension\Projects\gatlingTest' for client Visual Studio Code 1.81.1.
рту 16, 2023 11:32:51 AM org.flywaydb.core.internal.license.VersionPrinter printVersionOnly
INFO: Flyway Community Edition 9.20.1 by Redgate
рту 16, 2023 11:32:51 AM org.flywaydb.core.internal.license.VersionPrinter printVersion
INFO: See release notes here: https://rd.gt/416ObMi
рту 16, 2023 11:32:51 AM org.flywaydb.core.internal.license.VersionPrinter printVersion
INFO: 
рту 16, 2023 11:32:51 AM org.flywaydb.core.internal.database.base.BaseDatabaseType createDatabase
INFO: Database: jdbc:h2:file:E:\Extension\Projects\gatlingTest\.metals\metals (H2 2.1)
рту 16, 2023 11:32:51 AM org.flywaydb.core.internal.command.DbValidate validate
INFO: Successfully validated 4 migrations (execution time 00:00.014s)
рту 16, 2023 11:32:51 AM org.flywaydb.core.internal.command.DbMigrate migrateGroup
INFO: Current version of schema "PUBLIC": 4
рту 16, 2023 11:32:51 AM org.flywaydb.core.internal.command.DbMigrate logSummary
INFO: Schema "PUBLIC" is up to date. No migration necessary.
2023.08.16 11:32:51 INFO  time: initialize in 0.42s
2023.08.16 11:32:51 INFO  Attempting to connect to the build server...
2023.08.16 11:32:51 INFO  Bloop uses C:\Program Files\Java\jdk1.8.0_341 defined at C:\Users\User\.bloop\bloop.json
2023.08.16 11:32:52 INFO  skipping build import with status 'Installed'
2023.08.16 11:32:51 INFO  tracing is disabled for protocol BSP, to enable tracing of incoming and outgoing JSON messages create an empty file at E:\Extension\Projects\gatlingTest\.metals\bsp.trace.json or C:\Users\User\AppData\Local\scalameta\metals\cache\bsp.trace.json
2023.08.16 11:32:51 INFO  Attempting to connect to the build server...
2023.08.16 11:32:51 INFO  Bloop uses C:\Program Files\Java\jdk1.8.0_341 defined at C:\Users\User\.bloop\bloop.json
2023.08.16 11:32:51 INFO  Attempting to connect to the build server...
2023.08.16 11:32:51 INFO  Bloop uses C:\Program Files\Java\jdk1.8.0_341 defined at C:\Users\User\.bloop\bloop.json
2023.08.16 11:32:51 INFO  tracing is disabled for protocol BSP, to enable tracing of incoming and outgoing JSON messages create an empty file at E:\Extension\Projects\gatlingTest\project\project\.metals\bsp.trace.json or C:\Users\User\AppData\Local\scalameta\metals\cache\bsp.trace.json
2023.08.16 11:32:52 INFO  tracing is disabled for protocol BSP, to enable tracing of incoming and outgoing JSON messages create an empty file at E:\Extension\Projects\gatlingTest\project\.metals\bsp.trace.json or C:\Users\User\AppData\Local\scalameta\metals\cache\bsp.trace.json
2023.08.16 11:32:52 INFO  time: Connected to build server in 0.17s
2023.08.16 11:32:52 INFO  Connected to Build server: Bloop v1.5.8
2023.08.16 11:32:52 INFO  no build target found for E:\Extension\Projects\gatlingTest\src\test\scala\kindegarden\HttpSimulation.scala. Using presentation compiler with project's scala-library version: 3.3.0
2023.08.16 11:32:54 INFO  time: code lens generation in 1.99s
2023.08.16 11:32:55 INFO  time: indexed workspace in 3.58s
2023.08.16 11:33:51 INFO  compiling gatlingtest-test (1 scala source)
2023.08.16 11:33:51 INFO  time: compiled gatlingtest-test in 0.16s
2023.08.16 11:33:56 INFO  compiling gatlingtest-test (1 scala source)
2023.08.16 11:33:56 INFO  time: compiled gatlingtest-test in 0.5s
2023.08.16 11:34:06 INFO  compiling gatlingtest-test (1 scala source)
2023.08.16 11:34:06 INFO  time: compiled gatlingtest-test in 0.48s
2023.08.16 11:34:59 INFO  compiling gatlingtest-test (1 scala source)
2023.08.16 11:34:59 INFO  time: compiled gatlingtest-test in 0.55s
2023.08.16 11:35:54 INFO  compiling gatlingtest-test (1 scala source)
2023.08.16 11:35:54 INFO  time: compiled gatlingtest-test in 0.52s
2023.08.16 11:36:09 INFO  compiling gatlingtest-test (1 scala source)
2023.08.16 11:36:09 INFO  time: compiled gatlingtest-test in 0.18s
2023.08.16 11:36:12 INFO  compiling gatlingtest-test (1 scala source)
2023.08.16 11:36:12 INFO  time: compiled gatlingtest-test in 0.18s
2023.08.16 11:36:14 INFO  compiling gatlingtest-test (1 scala source)
2023.08.16 11:36:14 INFO  time: compiled gatlingtest-test in 0.5s
2023.08.16 11:36:44 INFO  compiling gatlingtest-test (1 scala source)
2023.08.16 11:36:44 INFO  time: compiled gatlingtest-test in 0.19s
2023.08.16 11:36:49 INFO  compiling gatlingtest-test (1 scala source)
2023.08.16 11:36:49 INFO  time: compiled gatlingtest-test in 0.18s
2023.08.16 11:36:57 INFO  compiling gatlingtest-test (1 scala source)
2023.08.16 11:36:57 INFO  time: compiled gatlingtest-test in 0.2s
2023.08.16 11:37:10 INFO  compiling gatlingtest-test (1 scala source)
2023.08.16 11:37:10 INFO  time: compiled gatlingtest-test in 0.5s
2023.08.16 11:37:25 INFO  compiling gatlingtest-test (1 scala source)
2023.08.16 11:37:25 INFO  time: compiled gatlingtest-test in 0.5s
2023.08.16 11:37:36 INFO  compiling gatlingtest-test (1 scala source)
2023.08.16 11:37:36 WARN  Could not load snapshot text for E:\Extension\Projects\gatlingTest\src\test\scala\kindegarden\HttpSimulation.scala
2023.08.16 11:37:36 WARN  Could not load snapshot text for E:\Extension\Projects\gatlingTest\src\test\scala\kindegarden\HttpSimulation.scala
2023.08.16 11:37:36 WARN  Could not load snapshot text for E:\Extension\Projects\gatlingTest\src\test\scala\kindegarden\HttpSimulation.scala
2023.08.16 11:37:36 WARN  Could not load snapshot text for E:\Extension\Projects\gatlingTest\src\test\scala\kindegarden\HttpSimulation.scala
2023.08.16 11:37:36 WARN  Could not load snapshot text for E:\Extension\Projects\gatlingTest\src\test\scala\kindegarden\HttpSimulation.scala
2023.08.16 11:37:36 WARN  Could not load snapshot text for E:\Extension\Projects\gatlingTest\src\test\scala\kindegarden\HttpSimulation.scala
2023.08.16 11:37:36 WARN  Could not load snapshot text for E:\Extension\Projects\gatlingTest\src\test\scala\kindegarden\HttpSimulation.scala
2023.08.16 11:37:36 WARN  Could not load snapshot text for E:\Extension\Projects\gatlingTest\src\test\scala\kindegarden\HttpSimulation.scala
2023.08.16 11:37:36 INFO  time: compiled gatlingtest-test in 0.56s
2023.08.16 11:38:21 INFO  compiling gatlingtest-test (1 scala source)
2023.08.16 11:38:21 INFO  time: compiled gatlingtest-test in 0.56s
2023.08.16 11:38:33 INFO  compiling gatlingtest-test (1 scala source)
2023.08.16 11:38:33 INFO  time: compiled gatlingtest-test in 0.18s
2023.08.16 11:38:36 INFO  compiling gatlingtest-test (1 scala source)
2023.08.16 11:38:36 INFO  time: compiled gatlingtest-test in 0.56s
2023.08.16 11:38:50 INFO  compiling gatlingtest-test (1 scala source)
2023.08.16 11:38:50 INFO  time: compiled gatlingtest-test in 0.55s
2023.08.16 11:38:54 INFO  compiling gatlingtest-test (1 scala source)
2023.08.16 11:38:54 INFO  time: compiled gatlingtest-test in 0.54s
2023.08.16 11:38:59 INFO  compiling gatlingtest-test (1 scala source)
2023.08.16 11:38:59 INFO  time: compiled gatlingtest-test in 0.54s
2023.08.16 11:39:40 INFO  compiling gatlingtest-test (1 scala source)
2023.08.16 11:39:40 INFO  time: compiled gatlingtest-test in 0.55s
2023.08.16 11:41:59 INFO  time: code lens generation in 1.39s
2023.08.16 11:44:20 INFO  compiling gatlingtest-test (1 scala source)
2023.08.16 11:44:20 INFO  time: compiled gatlingtest-test in 0.61s
2023.08.16 11:46:39 INFO  skipping build import with status 'Installed'
рту 16, 2023 11:48:13 AM org.eclipse.lsp4j.jsonrpc.RemoteEndpoint handleCancellation
WARNING: Unmatched cancel notification for request id 893
2023.08.16 11:48:35 INFO  compiling gatlingtest-test (1 scala source)
2023.08.16 11:48:35 INFO  time: compiled gatlingtest-test in 0.55s
2023.08.16 11:48:51 INFO  compiling gatlingtest-test (1 scala source)
2023.08.16 11:48:51 INFO  time: compiled gatlingtest-test in 0.19s
2023.08.16 11:48:55 INFO  compiling gatlingtest-test (1 scala source)
2023.08.16 11:48:55 INFO  time: compiled gatlingtest-test in 0.53s
2023.08.16 11:49:09 INFO  compiling gatlingtest-test (1 scala source)
2023.08.16 11:49:09 INFO  time: compiled gatlingtest-test in 0.56s
2023.08.16 11:49:29 INFO  compiling gatlingtest-test (1 scala source)
2023.08.16 11:49:29 INFO  time: compiled gatlingtest-test in 0.6s
2023.08.16 11:50:13 INFO  compiling gatlingtest-test (1 scala source)
2023.08.16 11:50:13 INFO  time: compiled gatlingtest-test in 0.88s
2023.08.16 11:51:03 INFO  compiling gatlingtest-test (1 scala source)
2023.08.16 11:51:03 INFO  time: compiled gatlingtest-test in 0.58s
2023.08.16 11:51:13 INFO  compiling gatlingtest-test (1 scala source)
2023.08.16 11:51:13 INFO  time: compiled gatlingtest-test in 0.52s
2023.08.16 11:52:46 INFO  compiling gatlingtest-test (1 scala source)
2023.08.16 11:52:46 INFO  time: compiled gatlingtest-test in 0.53s
2023.08.16 11:53:24 INFO  compiling gatlingtest-test (1 scala source)
2023.08.16 11:53:24 INFO  time: compiled gatlingtest-test in 0.54s
2023.08.16 11:54:29 WARN  Could not load snapshot text for E:\Extension\Projects\gatlingTest\src\test\scala\kindegarden\HttpSimulation.scala
2023.08.16 11:54:29 INFO  compiling gatlingtest-test (1 scala source)
2023.08.16 11:54:29 INFO  time: compiled gatlingtest-test in 0.55s
рту 16, 2023 11:57:05 AM org.eclipse.lsp4j.jsonrpc.RemoteEndpoint handleCancellation
WARNING: Unmatched cancel notification for request id 1384
2023.08.16 11:57:19 INFO  compiling gatlingtest-test (1 scala source)
2023.08.16 11:57:19 INFO  time: compiled gatlingtest-test in 0.53s
2023.08.16 11:57:24 INFO  Shutting down server
2023.08.16 11:57:24 INFO  shutting down Metals
2023.08.16 11:57:24 INFO  Shut down connection with build server.
2023.08.16 11:57:24 INFO  Shut down connection with build server.
2023.08.16 11:57:24 INFO  Shut down connection with build server.
рту 16, 2023 11:57:24 AM org.eclipse.lsp4j.jsonrpc.RemoteEndpoint notify
INFO: Failed to send notification message.
org.eclipse.lsp4j.jsonrpc.JsonRpcException: java.nio.channels.ClosedChannelException
	at org.eclipse.lsp4j.jsonrpc.json.StreamMessageConsumer.consume(StreamMessageConsumer.java:72)
	at org.eclipse.lsp4j.jsonrpc.RemoteEndpoint.notify(RemoteEndpoint.java:126)
	at org.eclipse.lsp4j.jsonrpc.RemoteEndpoint.sendCancelNotification(RemoteEndpoint.java:180)
	at org.eclipse.lsp4j.jsonrpc.RemoteEndpoint$1.cancel(RemoteEndpoint.java:150)
	at scala.meta.internal.metals.BuildServerConnection.$anonfun$register$2(BuildServerConnection.scala:348)
	at scala.runtime.java8.JFunction0$mcZ$sp.apply(JFunction0$mcZ$sp.scala:17)
	at scala.util.Try$.apply(Try.scala:210)
	at scala.meta.internal.metals.BuildServerConnection.$anonfun$register$1(BuildServerConnection.scala:348)
	at scala.meta.internal.metals.Cancelable$$anon$1.cancel(Cancelable.scala:18)
	at scala.meta.internal.metals.Cancelable$.$anonfun$cancelAll$1(Cancelable.scala:29)
	at scala.collection.immutable.List.foreach(List.scala:333)
	at scala.meta.internal.metals.Cancelable$.cancelAll(Cancelable.scala:28)
	at scala.meta.internal.metals.MutableCancelable.cancel(MutableCancelable.scala:25)
	at scala.meta.internal.metals.BuildServerConnection.cancel(BuildServerConnection.scala:285)
	at scala.meta.internal.metals.BuildServerConnection.$anonfun$shutdown$1(BuildServerConnection.scala:121)
	at scala.meta.internal.metals.BuildServerConnection.$anonfun$shutdown$1$adapted(BuildServerConnection.scala:114)
	at scala.concurrent.impl.Promise$Transformation.run(Promise.scala:467)
	at java.util.concurrent.ThreadPoolExecutor.runWorker(ThreadPoolExecutor.java:1149)
	at java.util.concurrent.ThreadPoolExecutor$Worker.run(ThreadPoolExecutor.java:624)
	at java.lang.Thread.run(Thread.java:750)
Caused by: java.nio.channels.ClosedChannelException
	at sun.nio.ch.SocketChannelImpl.ensureWriteOpen(SocketChannelImpl.java:268)
	at sun.nio.ch.SocketChannelImpl.write(SocketChannelImpl.java:459)
	at sun.nio.ch.SinkChannelImpl.write(SinkChannelImpl.java:114)
	at java.nio.channels.Channels.writeFullyImpl(Channels.java:78)
	at java.nio.channels.Channels.writeFully(Channels.java:98)
	at java.nio.channels.Channels.access$000(Channels.java:61)
	at java.nio.channels.Channels$1.write(Channels.java:174)
	at java.io.OutputStream.write(OutputStream.java:75)
	at java.nio.channels.Channels$1.write(Channels.java:155)
	at scala.meta.internal.metals.ClosableOutputStream.write(ClosableOutputStream.scala:26)
	at java.io.FilterOutputStream.write(FilterOutputStream.java:125)
	at java.io.FilterOutputStream.write(FilterOutputStream.java:97)
	at org.eclipse.lsp4j.jsonrpc.json.StreamMessageConsumer.consume(StreamMessageConsumer.java:67)
	... 19 more

2023.08.16 11:57:24 INFO  Cancelling compilation on Bloop server
2023.08.16 11:57:24 INFO  Exiting server
2023.08.16 11:57:40 INFO  Started: Metals version 1.0.0 in folders 'E:\Extension\Projects\gatlingTest' for client Visual Studio Code 1.81.1.
рту 16, 2023 11:57:41 AM org.flywaydb.core.internal.license.VersionPrinter printVersionOnly
INFO: Flyway Community Edition 9.20.1 by Redgate
рту 16, 2023 11:57:41 AM org.flywaydb.core.internal.license.VersionPrinter printVersion
INFO: See release notes here: https://rd.gt/416ObMi
рту 16, 2023 11:57:41 AM org.flywaydb.core.internal.license.VersionPrinter printVersion
INFO: 
рту 16, 2023 11:57:41 AM org.flywaydb.core.internal.database.base.BaseDatabaseType createDatabase
INFO: Database: jdbc:h2:file:E:\Extension\Projects\gatlingTest\.metals\metals (H2 2.1)
рту 16, 2023 11:57:41 AM org.flywaydb.core.internal.command.DbValidate validate
INFO: Successfully validated 4 migrations (execution time 00:00.014s)
рту 16, 2023 11:57:41 AM org.flywaydb.core.internal.command.DbMigrate migrateGroup
INFO: Current version of schema "PUBLIC": 4
рту 16, 2023 11:57:41 AM org.flywaydb.core.internal.command.DbMigrate logSummary
INFO: Schema "PUBLIC" is up to date. No migration necessary.
2023.08.16 11:57:41 INFO  time: initialize in 0.53s
2023.08.16 11:57:41 INFO  Attempting to connect to the build server...
2023.08.16 11:57:41 INFO  Bloop uses C:\Program Files\Java\jdk1.8.0_341 defined at C:\Users\User\.bloop\bloop.json
2023.08.16 11:57:41 INFO  skipping build import with status 'Installed'
2023.08.16 11:57:41 INFO  tracing is disabled for protocol BSP, to enable tracing of incoming and outgoing JSON messages create an empty file at E:\Extension\Projects\gatlingTest\.metals\bsp.trace.json or C:\Users\User\AppData\Local\scalameta\metals\cache\bsp.trace.json
2023.08.16 11:57:41 INFO  Attempting to connect to the build server...
2023.08.16 11:57:41 INFO  Bloop uses C:\Program Files\Java\jdk1.8.0_341 defined at C:\Users\User\.bloop\bloop.json
2023.08.16 11:57:41 INFO  Attempting to connect to the build server...
2023.08.16 11:57:41 INFO  Bloop uses C:\Program Files\Java\jdk1.8.0_341 defined at C:\Users\User\.bloop\bloop.json
2023.08.16 11:57:41 INFO  tracing is disabled for protocol BSP, to enable tracing of incoming and outgoing JSON messages create an empty file at E:\Extension\Projects\gatlingTest\project\project\.metals\bsp.trace.json or C:\Users\User\AppData\Local\scalameta\metals\cache\bsp.trace.json
2023.08.16 11:57:41 INFO  tracing is disabled for protocol BSP, to enable tracing of incoming and outgoing JSON messages create an empty file at E:\Extension\Projects\gatlingTest\project\.metals\bsp.trace.json or C:\Users\User\AppData\Local\scalameta\metals\cache\bsp.trace.json
2023.08.16 11:57:41 INFO  time: Connected to build server in 0.15s
2023.08.16 11:57:41 INFO  Connected to Build server: Bloop v1.5.8
2023.08.16 11:57:43 INFO  time: indexed workspace in 1.64s
2023.08.16 12:01:10 INFO  compiling gatlingtest-test (1 scala source)
2023.08.16 12:01:10 INFO  time: compiled gatlingtest-test in 0.2s
2023.08.16 12:01:13 INFO  compiling gatlingtest-test (1 scala source)
2023.08.16 12:01:13 INFO  time: compiled gatlingtest-test in 0.18s
2023.08.16 12:01:18 INFO  compiling gatlingtest-test (1 scala source)
2023.08.16 12:01:18 INFO  time: compiled gatlingtest-test in 0.18s
2023.08.16 12:01:21 INFO  compiling gatlingtest-test (1 scala source)
2023.08.16 12:01:21 INFO  time: compiled gatlingtest-test in 0.18s
2023.08.16 12:01:27 INFO  compiling gatlingtest-test (1 scala source)
2023.08.16 12:01:27 INFO  time: compiled gatlingtest-test in 0.55s
2023.08.16 12:01:29 INFO  compiling gatlingtest-test (1 scala source)
2023.08.16 12:01:29 INFO  time: compiled gatlingtest-test in 0.53s
2023.08.16 12:01:35 INFO  compiling gatlingtest-test (1 scala source)
2023.08.16 12:01:35 INFO  time: compiled gatlingtest-test in 0.18s
2023.08.16 12:01:37 WARN  Could not load snapshot text for E:\Extension\Projects\gatlingTest\src\test\scala\kindegarden\HttpSimulation.scala
2023.08.16 12:01:39 WARN  Could not load snapshot text for E:\Extension\Projects\gatlingTest\src\test\scala\kindegarden\HttpSimulation.scala
2023.08.16 12:01:40 WARN  Could not load snapshot text for E:\Extension\Projects\gatlingTest\src\test\scala\kindegarden\HttpSimulation.scala
2023.08.16 12:01:41 WARN  Could not load snapshot text for E:\Extension\Projects\gatlingTest\src\test\scala\kindegarden\HttpSimulation.scala
2023.08.16 12:01:43 WARN  Could not load snapshot text for E:\Extension\Projects\gatlingTest\src\test\scala\kindegarden\HttpSimulation.scala
2023.08.16 12:01:43 INFO  compiling gatlingtest-test (1 scala source)
2023.08.16 12:01:43 INFO  time: compiled gatlingtest-test in 0.18s
2023.08.16 12:01:45 INFO  compiling gatlingtest-test (1 scala source)
2023.08.16 12:01:45 INFO  time: compiled gatlingtest-test in 0.19s
2023.08.16 12:01:46 WARN  Could not load snapshot text for E:\Extension\Projects\gatlingTest\src\test\scala\kindegarden\HttpSimulation.scala
2023.08.16 12:01:46 WARN  Could not load snapshot text for E:\Extension\Projects\gatlingTest\src\test\scala\kindegarden\HttpSimulation.scala
2023.08.16 12:01:48 INFO  compiling gatlingtest-test (1 scala source)
2023.08.16 12:01:48 INFO  time: compiled gatlingtest-test in 0.21s
2023.08.16 12:01:48 WARN  Could not load snapshot text for E:\Extension\Projects\gatlingTest\src\test\scala\kindegarden\HttpSimulation.scala
2023.08.16 12:01:50 WARN  Could not load snapshot text for E:\Extension\Projects\gatlingTest\src\test\scala\kindegarden\HttpSimulation.scala
2023.08.16 12:01:59 WARN  Could not load snapshot text for E:\Extension\Projects\gatlingTest\src\test\scala\kindegarden\HttpSimulation.scala
2023.08.16 12:01:59 WARN  Could not load snapshot text for E:\Extension\Projects\gatlingTest\src\test\scala\kindegarden\HttpSimulation.scala
2023.08.16 12:01:59 WARN  Could not load snapshot text for E:\Extension\Projects\gatlingTest\src\test\scala\kindegarden\HttpSimulation.scala
2023.08.16 12:01:59 WARN  Could not load snapshot text for E:\Extension\Projects\gatlingTest\src\test\scala\kindegarden\HttpSimulation.scala
2023.08.16 12:01:59 WARN  Could not load snapshot text for E:\Extension\Projects\gatlingTest\src\test\scala\kindegarden\HttpSimulation.scala
2023.08.16 12:02:00 WARN  Could not load snapshot text for E:\Extension\Projects\gatlingTest\src\test\scala\kindegarden\HttpSimulation.scala
2023.08.16 12:02:02 WARN  Could not load snapshot text for E:\Extension\Projects\gatlingTest\src\test\scala\kindegarden\HttpSimulation.scala
2023.08.16 12:02:02 WARN  Could not load snapshot text for E:\Extension\Projects\gatlingTest\src\test\scala\kindegarden\HttpSimulation.scala
2023.08.16 12:02:03 INFO  compiling gatlingtest-test (1 scala source)
2023.08.16 12:02:03 INFO  time: compiled gatlingtest-test in 0.56s
рту 16, 2023 12:02:26 PM org.eclipse.lsp4j.jsonrpc.RemoteEndpoint handleCancellation
WARNING: Unmatched cancel notification for request id 297
2023.08.16 12:02:44 INFO  compiling gatlingtest-test (1 scala source)
2023.08.16 12:02:44 INFO  time: compiled gatlingtest-test in 0.54s
2023.08.16 12:02:59 INFO  compiling gatlingtest-test (1 scala source)
2023.08.16 12:02:59 INFO  time: compiled gatlingtest-test in 0.55s
2023.08.16 12:03:08 INFO  compiling gatlingtest-test (1 scala source)
2023.08.16 12:03:08 INFO  time: compiled gatlingtest-test in 0.59s
2023.08.16 12:03:45 INFO  compiling gatlingtest-test (1 scala source)
2023.08.16 12:03:45 INFO  time: compiled gatlingtest-test in 0.18s
2023.08.16 12:03:48 INFO  compiling gatlingtest-test (1 scala source)
2023.08.16 12:03:48 INFO  time: compiled gatlingtest-test in 0.57s
2023.08.16 12:03:56 INFO  compiling gatlingtest-test (1 scala source)
2023.08.16 12:03:56 INFO  time: compiled gatlingtest-test in 0.19s
2023.08.16 12:03:59 WARN  Could not load snapshot text for E:\Extension\Projects\gatlingTest\src\test\scala\kindegarden\HttpSimulation.scala
2023.08.16 12:04:00 WARN  Could not load snapshot text for E:\Extension\Projects\gatlingTest\src\test\scala\kindegarden\HttpSimulation.scala
2023.08.16 12:04:01 WARN  Could not load snapshot text for E:\Extension\Projects\gatlingTest\src\test\scala\kindegarden\HttpSimulation.scala
2023.08.16 12:04:02 WARN  Could not load snapshot text for E:\Extension\Projects\gatlingTest\src\test\scala\kindegarden\HttpSimulation.scala
2023.08.16 12:04:03 INFO  compiling gatlingtest-test (1 scala source)
2023.08.16 12:04:03 WARN  Could not load snapshot text for E:\Extension\Projects\gatlingTest\src\test\scala\kindegarden\HttpSimulation.scala
2023.08.16 12:04:03 INFO  time: compiled gatlingtest-test in 0.62s
2023.08.16 12:08:50 INFO  compiling gatlingtest-test (1 scala source)
2023.08.16 12:08:50 INFO  time: compiled gatlingtest-test in 0.2s
2023.08.16 12:08:52 INFO  compiling gatlingtest-test (1 scala source)
2023.08.16 12:08:52 INFO  time: compiled gatlingtest-test in 0.19s
2023.08.16 12:09:24 INFO  compiling gatlingtest-test (1 scala source)
2023.08.16 12:09:24 INFO  time: compiled gatlingtest-test in 0.2s
2023.08.16 12:09:27 INFO  compiling gatlingtest-test (1 scala source)
2023.08.16 12:09:27 INFO  time: compiled gatlingtest-test in 0.19s
2023.08.16 12:09:32 INFO  compiling gatlingtest-test (1 scala source)
2023.08.16 12:09:32 INFO  time: compiled gatlingtest-test in 0.61s
2023.08.16 12:10:16 INFO  compiling gatlingtest-test (1 scala source)
2023.08.16 12:10:16 INFO  time: compiled gatlingtest-test in 0.57s
2023.08.16 12:11:24 INFO  compiling gatlingtest-test (1 scala source)
2023.08.16 12:11:24 INFO  time: compiled gatlingtest-test in 0.58s
2023.08.16 12:11:27 INFO  compiling gatlingtest-test (1 scala source)
2023.08.16 12:11:27 INFO  time: compiled gatlingtest-test in 0.56s
2023.08.16 12:11:38 INFO  compiling gatlingtest-test (1 scala source)
2023.08.16 12:11:38 INFO  time: compiled gatlingtest-test in 0.61s
2023.08.16 12:11:43 INFO  compiling gatlingtest-test (1 scala source)
2023.08.16 12:11:43 INFO  time: compiled gatlingtest-test in 0.59s
2023.08.16 12:11:49 INFO  compiling gatlingtest-test (1 scala source)
2023.08.16 12:11:49 INFO  time: compiled gatlingtest-test in 0.56s
2023.08.16 12:12:07 INFO  compiling gatlingtest-test (1 scala source)
2023.08.16 12:12:07 INFO  time: compiled gatlingtest-test in 0.12s
2023.08.16 12:12:09 WARN  Could not load snapshot text for E:\Extension\Projects\gatlingTest\src\test\scala\kindegarden\HttpSimulation.scala
2023.08.16 12:12:13 WARN  Could not load snapshot text for E:\Extension\Projects\gatlingTest\src\test\scala\kindegarden\HttpSimulation.scala
2023.08.16 12:12:14 WARN  Could not load snapshot text for E:\Extension\Projects\gatlingTest\src\test\scala\kindegarden\HttpSimulation.scala
2023.08.16 12:12:16 WARN  Could not load snapshot text for E:\Extension\Projects\gatlingTest\src\test\scala\kindegarden\HttpSimulation.scala
2023.08.16 12:12:17 WARN  Could not load snapshot text for E:\Extension\Projects\gatlingTest\src\test\scala\kindegarden\HttpSimulation.scala
2023.08.16 12:12:18 WARN  Could not load snapshot text for E:\Extension\Projects\gatlingTest\src\test\scala\kindegarden\HttpSimulation.scala
2023.08.16 12:12:20 WARN  Could not load snapshot text for E:\Extension\Projects\gatlingTest\src\test\scala\kindegarden\HttpSimulation.scala
2023.08.16 12:12:24 WARN  Could not load snapshot text for E:\Extension\Projects\gatlingTest\src\test\scala\kindegarden\HttpSimulation.scala
2023.08.16 12:12:24 WARN  Could not load snapshot text for E:\Extension\Projects\gatlingTest\src\test\scala\kindegarden\HttpSimulation.scala
2023.08.16 12:12:26 WARN  Could not load snapshot text for E:\Extension\Projects\gatlingTest\src\test\scala\kindegarden\HttpSimulation.scala
2023.08.16 12:12:29 WARN  Could not load snapshot text for E:\Extension\Projects\gatlingTest\src\test\scala\kindegarden\HttpSimulation.scala
2023.08.16 12:12:30 WARN  Could not load snapshot text for E:\Extension\Projects\gatlingTest\src\test\scala\kindegarden\HttpSimulation.scala
2023.08.16 12:12:30 INFO  compiling gatlingtest-test (1 scala source)
2023.08.16 12:12:30 INFO  time: compiled gatlingtest-test in 0.61s
2023.08.16 12:12:43 INFO  compiling gatlingtest-test (1 scala source)
2023.08.16 12:12:43 INFO  time: compiled gatlingtest-test in 0.57s
2023.08.16 12:12:46 INFO  compiling gatlingtest-test (1 scala source)
2023.08.16 12:12:46 INFO  time: compiled gatlingtest-test in 0.55s
2023.08.16 12:13:15 INFO  compiling gatlingtest-test (1 scala source)
2023.08.16 12:13:15 INFO  time: compiled gatlingtest-test in 0.13s
2023.08.16 12:13:35 INFO  compiling gatlingtest-test (1 scala source)
2023.08.16 12:13:35 INFO  time: compiled gatlingtest-test in 0.12s
2023.08.16 12:13:37 INFO  compiling gatlingtest-test (1 scala source)
2023.08.16 12:13:37 INFO  time: compiled gatlingtest-test in 0.14s
2023.08.16 12:13:41 INFO  compiling gatlingtest-test (1 scala source)
2023.08.16 12:13:41 INFO  time: compiled gatlingtest-test in 0.58s
рту 16, 2023 12:13:46 PM org.eclipse.lsp4j.jsonrpc.RemoteEndpoint handleCancellation
WARNING: Unmatched cancel notification for request id 1326
2023.08.16 12:13:48 INFO  compiling gatlingtest-test (1 scala source)
2023.08.16 12:13:48 INFO  time: compiled gatlingtest-test in 0.58s
2023.08.16 12:13:51 INFO  compiling gatlingtest-test (1 scala source)
2023.08.16 12:13:51 INFO  time: compiled gatlingtest-test in 0.58s
2023.08.16 12:13:55 WARN  Could not load snapshot text for E:\Extension\Projects\gatlingTest\src\test\scala\kindegarden\HttpSimulation.scala
2023.08.16 12:13:55 INFO  compiling gatlingtest-test (1 scala source)
2023.08.16 12:13:55 WARN  Could not load snapshot text for E:\Extension\Projects\gatlingTest\src\test\scala\kindegarden\HttpSimulation.scala
2023.08.16 12:13:55 INFO  time: compiled gatlingtest-test in 0.62s
2023.08.16 12:13:58 INFO  compiling gatlingtest-test (1 scala source)
2023.08.16 12:13:58 INFO  time: compiled gatlingtest-test in 0.69s
2023.08.16 12:14:09 INFO  compiling gatlingtest-test (1 scala source)
2023.08.16 12:14:09 INFO  time: compiled gatlingtest-test in 0.5s
2023.08.16 12:14:13 INFO  compiling gatlingtest-test (1 scala source)
2023.08.16 12:14:13 INFO  time: compiled gatlingtest-test in 0.19s
2023.08.16 12:14:22 INFO  compiling gatlingtest-test (1 scala source)
2023.08.16 12:14:22 INFO  time: compiled gatlingtest-test in 0.71s
2023.08.16 12:14:33 INFO  compiling gatlingtest-test (1 scala source)
2023.08.16 12:14:33 INFO  time: compiled gatlingtest-test in 0.54s
2023.08.16 12:15:27 INFO  compiling gatlingtest-test (1 scala source)
2023.08.16 12:15:27 INFO  time: compiled gatlingtest-test in 0.2s
2023.08.16 12:15:30 INFO  compiling gatlingtest-test (1 scala source)
2023.08.16 12:15:30 INFO  time: compiled gatlingtest-test in 0.56s
2023.08.16 12:17:26 INFO  compiling gatlingtest-test (1 scala source)
2023.08.16 12:17:26 INFO  time: compiled gatlingtest-test in 0.56s
2023.08.16 12:17:36 INFO  compiling gatlingtest-test (1 scala source)
2023.08.16 12:17:36 INFO  time: compiled gatlingtest-test in 0.56s
2023.08.16 12:17:41 INFO  compiling gatlingtest-test (1 scala source)
2023.08.16 12:17:41 INFO  time: compiled gatlingtest-test in 0.57s
2023.08.16 12:17:51 INFO  compiling gatlingtest-test (1 scala source)
2023.08.16 12:17:51 INFO  time: compiled gatlingtest-test in 0.17s
2023.08.16 12:17:52 WARN  Could not load snapshot text for E:\Extension\Projects\gatlingTest\src\test\scala\kindegarden\HttpSimulation.scala
2023.08.16 12:17:54 WARN  Could not load snapshot text for E:\Extension\Projects\gatlingTest\src\test\scala\kindegarden\HttpSimulation.scala
2023.08.16 12:17:55 WARN  Could not load snapshot text for E:\Extension\Projects\gatlingTest\src\test\scala\kindegarden\HttpSimulation.scala
2023.08.16 12:17:56 WARN  Could not load snapshot text for E:\Extension\Projects\gatlingTest\src\test\scala\kindegarden\HttpSimulation.scala
2023.08.16 12:17:57 WARN  Could not load snapshot text for E:\Extension\Projects\gatlingTest\src\test\scala\kindegarden\HttpSimulation.scala
2023.08.16 12:17:58 WARN  Could not load snapshot text for E:\Extension\Projects\gatlingTest\src\test\scala\kindegarden\HttpSimulation.scala
2023.08.16 12:17:59 WARN  Could not load snapshot text for E:\Extension\Projects\gatlingTest\src\test\scala\kindegarden\HttpSimulation.scala
2023.08.16 12:18:00 WARN  Could not load snapshot text for E:\Extension\Projects\gatlingTest\src\test\scala\kindegarden\HttpSimulation.scala
2023.08.16 12:18:00 INFO  compiling gatlingtest-test (1 scala source)
2023.08.16 12:18:00 INFO  time: compiled gatlingtest-test in 0.55s
2023.08.16 13:08:46 INFO  compiling gatlingtest-test (1 scala source)
2023.08.16 13:08:46 INFO  time: compiled gatlingtest-test in 0.57s
2023.08.16 13:08:49 INFO  compiling gatlingtest-test (1 scala source)
2023.08.16 13:08:49 INFO  time: compiled gatlingtest-test in 0.53s
2023.08.16 13:10:23 INFO  compiling gatlingtest-test (1 scala source)
2023.08.16 13:10:23 INFO  time: compiled gatlingtest-test in 0.55s
2023.08.16 13:10:53 INFO  compiling gatlingtest-test (1 scala source)
2023.08.16 13:10:53 INFO  time: compiled gatlingtest-test in 0.56s
рту 16, 2023 1:11:03 PM org.eclipse.lsp4j.jsonrpc.RemoteEndpoint handleCancellation
WARNING: Unmatched cancel notification for request id 1899
2023.08.16 13:11:14 INFO  compiling gatlingtest-test (1 scala source)
2023.08.16 13:11:14 INFO  time: compiled gatlingtest-test in 0.55s
2023.08.16 13:11:24 INFO  compiling gatlingtest-test (1 scala source)
2023.08.16 13:11:24 INFO  time: compiled gatlingtest-test in 0.55s
2023.08.16 13:11:34 INFO  compiling gatlingtest-test (1 scala source)
2023.08.16 13:11:34 INFO  time: compiled gatlingtest-test in 0.58s
2023.08.16 13:11:37 INFO  compiling gatlingtest-test (1 scala source)
2023.08.16 13:11:37 INFO  time: compiled gatlingtest-test in 0.54s
2023.08.16 13:13:00 INFO  compiling gatlingtest-test (1 scala source)
2023.08.16 13:13:00 INFO  time: compiled gatlingtest-test in 0.55s
2023.08.16 13:18:40 INFO  compiling gatlingtest-test (1 scala source)
2023.08.16 13:18:40 INFO  time: compiled gatlingtest-test in 0.18s
2023.08.16 13:18:44 INFO  compiling gatlingtest-test (1 scala source)
2023.08.16 13:18:44 INFO  time: compiled gatlingtest-test in 0.57s
рту 16, 2023 1:18:52 PM org.eclipse.lsp4j.jsonrpc.RemoteEndpoint handleCancellation
WARNING: Unmatched cancel notification for request id 2235
2023.08.16 13:18:56 INFO  compiling gatlingtest-test (1 scala source)
2023.08.16 13:18:56 INFO  time: compiled gatlingtest-test in 0.19s
2023.08.16 13:19:14 INFO  compiling gatlingtest-test (1 scala source)
2023.08.16 13:19:14 INFO  time: compiled gatlingtest-test in 0.2s
2023.08.16 13:19:16 INFO  compiling gatlingtest-test (1 scala source)
2023.08.16 13:19:16 INFO  time: compiled gatlingtest-test in 0.59s
2023.08.16 13:20:40 WARN  Could not load snapshot text for E:\Extension\Projects\gatlingTest\src\test\scala\kindegarden\HttpSimulation.scala
2023.08.16 13:20:40 INFO  compiling gatlingtest-test (1 scala source)
2023.08.16 13:20:40 INFO  time: compiled gatlingtest-test in 0.57s
2023.08.16 13:20:56 INFO  compiling gatlingtest-test (1 scala source)
2023.08.16 13:20:56 INFO  time: compiled gatlingtest-test in 0.6s
2023.08.16 13:21:11 INFO  compiling gatlingtest-test (1 scala source)
2023.08.16 13:21:11 INFO  time: compiled gatlingtest-test in 0.55s
2023.08.16 13:21:18 INFO  compiling gatlingtest-test (1 scala source)
2023.08.16 13:21:18 INFO  time: compiled gatlingtest-test in 0.58s
2023.08.16 13:24:49 INFO  compiling gatlingtest-test (1 scala source)
2023.08.16 13:24:49 INFO  time: compiled gatlingtest-test in 0.2s
2023.08.16 13:27:27 INFO  file:///E:/Extension/Projects/gatlingTest/src/test/scala/kindegarden/HttpSimulation.scala:59:33: stale bloop error: not enough arguments for method body: (bd: io.gatling.core.body.Body): io.gatling.http.request.builder.HttpRequestBuilder.
Unspecified value parameter bd.
> http("put photo id")
>                                 .put("/kindergartens/28397/kid-photo/pud-id")
>                                 .header("Authorization", "Bearer #{response_token}")
> 
>                                 .body()
2023.08.16 13:27:27 INFO  file:///E:/Extension/Projects/gatlingTest/src/test/scala/kindegarden/HttpSimulation.scala:59:33: stale bloop error: not enough arguments for method body: (bd: io.gatling.core.body.Body): io.gatling.http.request.builder.HttpRequestBuilder.
Unspecified value parameter bd.
> http("put photo id")
>                                 .put("/kindergartens/28397/kid-photo/pud-id")
>                                 .header("Authorization", "Bearer #{response_token}")
> 
>                                 .body()
2023.08.16 13:27:29 INFO  compiling gatlingtest-test (1 scala source)
2023.08.16 13:27:29 INFO  time: compiled gatlingtest-test in 0.58s
2023.08.16 13:27:31 INFO  compiling gatlingtest-test (1 scala source)
2023.08.16 13:27:31 INFO  time: compiled gatlingtest-test in 0.58s
2023.08.16 13:27:43 INFO  compiling gatlingtest-test (1 scala source)
2023.08.16 13:27:43 INFO  time: compiled gatlingtest-test in 0.59s
2023.08.16 13:27:46 INFO  compiling gatlingtest-test (1 scala source)
2023.08.16 13:27:46 INFO  time: compiled gatlingtest-test in 0.56s
2023.08.16 13:51:20 INFO  compiling gatlingtest-test (1 scala source)
2023.08.16 13:51:20 INFO  time: compiled gatlingtest-test in 0.63s
2023.08.16 13:51:30 INFO  compiling gatlingtest-test (1 scala source)
2023.08.16 13:51:30 INFO  time: compiled gatlingtest-test in 0.59s
2023.08.16 13:51:46 INFO  compiling gatlingtest-test (1 scala source)
2023.08.16 13:51:46 INFO  time: compiled gatlingtest-test in 0.58s
2023.08.16 13:51:58 INFO  compiling gatlingtest-test (1 scala source)
2023.08.16 13:51:58 INFO  time: compiled gatlingtest-test in 0.6s
2023.08.16 13:52:02 INFO  compiling gatlingtest-test (1 scala source)
2023.08.16 13:52:02 INFO  time: compiled gatlingtest-test in 0.57s
2023.08.16 13:52:14 INFO  compiling gatlingtest-test (1 scala source)
2023.08.16 13:52:14 INFO  time: compiled gatlingtest-test in 0.6s
2023.08.16 13:52:20 INFO  compiling gatlingtest-test (1 scala source)
2023.08.16 13:52:20 INFO  time: compiled gatlingtest-test in 0.6s
2023.08.16 14:27:18 INFO  Shutting down server
2023.08.16 14:27:18 INFO  shutting down Metals
2023.08.16 14:27:18 INFO  Shut down connection with build server.
2023.08.16 14:27:18 INFO  Shut down connection with build server.
2023.08.16 14:27:18 INFO  Shut down connection with build server.
рту 16, 2023 2:27:18 PM org.eclipse.lsp4j.jsonrpc.RemoteEndpoint notify
INFO: Failed to send notification message.
org.eclipse.lsp4j.jsonrpc.JsonRpcException: java.nio.channels.ClosedChannelException
	at org.eclipse.lsp4j.jsonrpc.json.StreamMessageConsumer.consume(StreamMessageConsumer.java:72)
	at org.eclipse.lsp4j.jsonrpc.RemoteEndpoint.notify(RemoteEndpoint.java:126)
	at org.eclipse.lsp4j.jsonrpc.RemoteEndpoint.sendCancelNotification(RemoteEndpoint.java:180)
	at org.eclipse.lsp4j.jsonrpc.RemoteEndpoint$1.cancel(RemoteEndpoint.java:150)
	at scala.meta.internal.metals.BuildServerConnection.$anonfun$register$2(BuildServerConnection.scala:348)
	at scala.runtime.java8.JFunction0$mcZ$sp.apply(JFunction0$mcZ$sp.scala:17)
	at scala.util.Try$.apply(Try.scala:210)
	at scala.meta.internal.metals.BuildServerConnection.$anonfun$register$1(BuildServerConnection.scala:348)
	at scala.meta.internal.metals.Cancelable$$anon$1.cancel(Cancelable.scala:18)
	at scala.meta.internal.metals.Cancelable$.$anonfun$cancelAll$1(Cancelable.scala:29)
	at scala.collection.immutable.List.foreach(List.scala:333)
	at scala.meta.internal.metals.Cancelable$.cancelAll(Cancelable.scala:28)
	at scala.meta.internal.metals.MutableCancelable.cancel(MutableCancelable.scala:25)
	at scala.meta.internal.metals.BuildServerConnection.cancel(BuildServerConnection.scala:285)
	at scala.meta.internal.metals.BuildServerConnection.$anonfun$shutdown$1(BuildServerConnection.scala:121)
	at scala.meta.internal.metals.BuildServerConnection.$anonfun$shutdown$1$adapted(BuildServerConnection.scala:114)
	at scala.concurrent.impl.Promise$Transformation.run(Promise.scala:467)
	at java.util.concurrent.ThreadPoolExecutor.runWorker(ThreadPoolExecutor.java:1149)
	at java.util.concurrent.ThreadPoolExecutor$Worker.run(ThreadPoolExecutor.java:624)
	at java.lang.Thread.run(Thread.java:750)
Caused by: java.nio.channels.ClosedChannelException
	at sun.nio.ch.SocketChannelImpl.ensureWriteOpen(SocketChannelImpl.java:268)
	at sun.nio.ch.SocketChannelImpl.write(SocketChannelImpl.java:459)
	at sun.nio.ch.SinkChannelImpl.write(SinkChannelImpl.java:114)
	at java.nio.channels.Channels.writeFullyImpl(Channels.java:78)
	at java.nio.channels.Channels.writeFully(Channels.java:98)
	at java.nio.channels.Channels.access$000(Channels.java:61)
	at java.nio.channels.Channels$1.write(Channels.java:174)
	at java.io.OutputStream.write(OutputStream.java:75)
	at java.nio.channels.Channels$1.write(Channels.java:155)
	at scala.meta.internal.metals.ClosableOutputStream.write(ClosableOutputStream.scala:26)
	at java.io.FilterOutputStream.write(FilterOutputStream.java:125)
	at java.io.FilterOutputStream.write(FilterOutputStream.java:97)
	at org.eclipse.lsp4j.jsonrpc.json.StreamMessageConsumer.consume(StreamMessageConsumer.java:67)
	... 19 more

2023.08.16 14:27:18 INFO  Cancelling compilation on Bloop server
2023.08.16 14:27:18 INFO  Exiting server
2023.08.16 16:07:35 INFO  Started: Metals version 1.0.0 in folders 'E:\Extension\Projects\gatlingTest' for client Visual Studio Code 1.81.1.
рту 16, 2023 4:07:35 PM org.flywaydb.core.internal.license.VersionPrinter printVersionOnly
INFO: Flyway Community Edition 9.20.1 by Redgate
рту 16, 2023 4:07:35 PM org.flywaydb.core.internal.license.VersionPrinter printVersion
INFO: See release notes here: https://rd.gt/416ObMi
рту 16, 2023 4:07:35 PM org.flywaydb.core.internal.license.VersionPrinter printVersion
INFO: 
рту 16, 2023 4:07:36 PM org.flywaydb.core.internal.database.base.BaseDatabaseType createDatabase
INFO: Database: jdbc:h2:file:E:\Extension\Projects\gatlingTest\.metals\metals (H2 2.1)
рту 16, 2023 4:07:36 PM org.flywaydb.core.internal.command.DbValidate validate
INFO: Successfully validated 4 migrations (execution time 00:00.013s)
рту 16, 2023 4:07:36 PM org.flywaydb.core.internal.command.DbMigrate migrateGroup
INFO: Current version of schema "PUBLIC": 4
рту 16, 2023 4:07:36 PM org.flywaydb.core.internal.command.DbMigrate logSummary
INFO: Schema "PUBLIC" is up to date. No migration necessary.
2023.08.16 16:07:36 INFO  time: initialize in 0.46s
2023.08.16 16:07:36 INFO  Attempting to connect to the build server...
2023.08.16 16:07:36 INFO  Bloop uses C:\Program Files\Java\jdk1.8.0_341 defined at C:\Users\User\.bloop\bloop.json
2023.08.16 16:07:36 INFO  skipping build import with status 'Installed'
2023.08.16 16:07:36 INFO  tracing is disabled for protocol BSP, to enable tracing of incoming and outgoing JSON messages create an empty file at E:\Extension\Projects\gatlingTest\.metals\bsp.trace.json or C:\Users\User\AppData\Local\scalameta\metals\cache\bsp.trace.json
2023.08.16 16:07:36 INFO  Attempting to connect to the build server...
2023.08.16 16:07:36 INFO  Bloop uses C:\Program Files\Java\jdk1.8.0_341 defined at C:\Users\User\.bloop\bloop.json
2023.08.16 16:07:36 INFO  Attempting to connect to the build server...
2023.08.16 16:07:36 INFO  Bloop uses C:\Program Files\Java\jdk1.8.0_341 defined at C:\Users\User\.bloop\bloop.json
2023.08.16 16:07:36 INFO  tracing is disabled for protocol BSP, to enable tracing of incoming and outgoing JSON messages create an empty file at E:\Extension\Projects\gatlingTest\project\project\.metals\bsp.trace.json or C:\Users\User\AppData\Local\scalameta\metals\cache\bsp.trace.json
2023.08.16 16:07:36 INFO  tracing is disabled for protocol BSP, to enable tracing of incoming and outgoing JSON messages create an empty file at E:\Extension\Projects\gatlingTest\project\.metals\bsp.trace.json or C:\Users\User\AppData\Local\scalameta\metals\cache\bsp.trace.json
2023.08.16 16:07:36 INFO  time: Connected to build server in 0.14s
2023.08.16 16:07:36 INFO  Connected to Build server: Bloop v1.5.8
2023.08.16 16:07:38 INFO  time: indexed workspace in 1.64s
2023.08.16 16:10:37 INFO  compiling gatlingtest-test (1 scala source)
2023.08.16 16:10:37 INFO  time: compiled gatlingtest-test in 0.63s
2023.08.16 16:31:16 INFO  compiling gatlingtest-test (1 scala source)
2023.08.16 16:31:16 INFO  time: compiled gatlingtest-test in 0.15s
2023.08.16 16:31:22 INFO  compiling gatlingtest-test (1 scala source)
2023.08.16 16:31:22 INFO  time: compiled gatlingtest-test in 0.13s
2023.08.16 16:31:25 INFO  compiling gatlingtest-test (1 scala source)
2023.08.16 16:31:25 INFO  time: compiled gatlingtest-test in 0.12s
2023.08.16 16:31:46 INFO  compiling gatlingtest-test (1 scala source)
2023.08.16 16:31:46 INFO  time: compiled gatlingtest-test in 0.15s
рту 16, 2023 4:31:50 PM org.eclipse.lsp4j.jsonrpc.RemoteEndpoint handleCancellation
WARNING: Unmatched cancel notification for request id 147
2023.08.16 16:31:57 INFO  compiling gatlingtest-test (1 scala source)
2023.08.16 16:31:57 INFO  time: compiled gatlingtest-test in 0.12s
рту 16, 2023 4:32:00 PM org.eclipse.lsp4j.jsonrpc.RemoteEndpoint handleCancellation
WARNING: Unmatched cancel notification for request id 177
2023.08.16 16:32:11 INFO  compiling gatlingtest-test (1 scala source)
2023.08.16 16:32:11 INFO  time: compiled gatlingtest-test in 0.12s
2023.08.16 16:32:13 INFO  compiling gatlingtest-test (1 scala source)
2023.08.16 16:32:13 INFO  time: compiled gatlingtest-test in 0.12s
2023.08.16 16:32:26 INFO  compiling gatlingtest-test (1 scala source)
2023.08.16 16:32:26 INFO  time: compiled gatlingtest-test in 0.14s
2023.08.16 16:32:29 INFO  compiling gatlingtest-test (1 scala source)
2023.08.16 16:32:29 INFO  time: compiled gatlingtest-test in 0.12s
2023.08.16 16:32:38 INFO  compiling gatlingtest-test (1 scala source)
2023.08.16 16:32:38 INFO  time: compiled gatlingtest-test in 0.12s
2023.08.16 16:32:45 INFO  compiling gatlingtest-test (1 scala source)
2023.08.16 16:32:45 INFO  time: compiled gatlingtest-test in 0.96s
2023.08.16 16:32:46 WARN  Could not load snapshot text for E:\Extension\Projects\gatlingTest\src\test\scala\kindegarden\HttpSimulation.scala
2023.08.16 16:32:48 INFO  compiling gatlingtest-test (1 scala source)
2023.08.16 16:32:48 INFO  time: compiled gatlingtest-test in 0.13s
2023.08.16 16:32:48 WARN  Could not load snapshot text for E:\Extension\Projects\gatlingTest\src\test\scala\kindegarden\HttpSimulation.scala
2023.08.16 16:32:50 WARN  Could not load snapshot text for E:\Extension\Projects\gatlingTest\src\test\scala\kindegarden\HttpSimulation.scala
2023.08.16 16:32:55 WARN  Could not load snapshot text for E:\Extension\Projects\gatlingTest\src\test\scala\kindegarden\HttpSimulation.scala
2023.08.16 16:32:58 WARN  Could not load snapshot text for E:\Extension\Projects\gatlingTest\src\test\scala\kindegarden\HttpSimulation.scala
2023.08.16 16:32:59 WARN  Could not load snapshot text for E:\Extension\Projects\gatlingTest\src\test\scala\kindegarden\HttpSimulation.scala
2023.08.16 16:33:00 INFO  compiling gatlingtest-test (1 scala source)
2023.08.16 16:33:00 INFO  time: compiled gatlingtest-test in 0.12s
2023.08.16 16:33:03 WARN  Could not load snapshot text for E:\Extension\Projects\gatlingTest\src\test\scala\kindegarden\HttpSimulation.scala
2023.08.16 16:33:20 WARN  Could not load snapshot text for E:\Extension\Projects\gatlingTest\src\test\scala\kindegarden\HttpSimulation.scala
2023.08.16 16:33:20 INFO  compiling gatlingtest-test (1 scala source)
2023.08.16 16:33:20 INFO  time: compiled gatlingtest-test in 0.12s
2023.08.16 16:33:22 WARN  Could not load snapshot text for E:\Extension\Projects\gatlingTest\src\test\scala\kindegarden\HttpSimulation.scala
2023.08.16 16:33:23 WARN  Could not load snapshot text for E:\Extension\Projects\gatlingTest\src\test\scala\kindegarden\HttpSimulation.scala
2023.08.16 16:33:24 WARN  Could not load snapshot text for E:\Extension\Projects\gatlingTest\src\test\scala\kindegarden\HttpSimulation.scala
2023.08.16 16:33:25 WARN  Could not load snapshot text for E:\Extension\Projects\gatlingTest\src\test\scala\kindegarden\HttpSimulation.scala
2023.08.16 16:33:26 WARN  Could not load snapshot text for E:\Extension\Projects\gatlingTest\src\test\scala\kindegarden\HttpSimulation.scala
2023.08.16 16:33:28 WARN  Could not load snapshot text for E:\Extension\Projects\gatlingTest\src\test\scala\kindegarden\HttpSimulation.scala
2023.08.16 16:33:30 WARN  Could not load snapshot text for E:\Extension\Projects\gatlingTest\src\test\scala\kindegarden\HttpSimulation.scala
2023.08.16 16:33:31 WARN  Could not load snapshot text for E:\Extension\Projects\gatlingTest\src\test\scala\kindegarden\HttpSimulation.scala
2023.08.16 16:33:33 WARN  Could not load snapshot text for E:\Extension\Projects\gatlingTest\src\test\scala\kindegarden\HttpSimulation.scala
2023.08.16 16:33:35 INFO  compiling gatlingtest-test (1 scala source)
2023.08.16 16:33:36 WARN  Could not load snapshot text for E:\Extension\Projects\gatlingTest\src\test\scala\kindegarden\HttpSimulation.scala
2023.08.16 16:33:35 INFO  time: compiled gatlingtest-test in 0.13s
2023.08.16 16:33:37 WARN  Could not load snapshot text for E:\Extension\Projects\gatlingTest\src\test\scala\kindegarden\HttpSimulation.scala
2023.08.16 16:33:38 INFO  compiling gatlingtest-test (1 scala source)
2023.08.16 16:33:38 INFO  time: compiled gatlingtest-test in 0.12s
2023.08.16 16:33:38 WARN  Could not load snapshot text for E:\Extension\Projects\gatlingTest\src\test\scala\kindegarden\HttpSimulation.scala
2023.08.16 16:33:40 WARN  Could not load snapshot text for E:\Extension\Projects\gatlingTest\src\test\scala\kindegarden\HttpSimulation.scala
2023.08.16 16:34:02 WARN  Could not load snapshot text for E:\Extension\Projects\gatlingTest\src\test\scala\kindegarden\HttpSimulation.scala
2023.08.16 16:34:05 WARN  Could not load snapshot text for E:\Extension\Projects\gatlingTest\src\test\scala\kindegarden\HttpSimulation.scala
2023.08.16 16:34:06 WARN  Could not load snapshot text for E:\Extension\Projects\gatlingTest\src\test\scala\kindegarden\HttpSimulation.scala
2023.08.16 16:34:08 WARN  Could not load snapshot text for E:\Extension\Projects\gatlingTest\src\test\scala\kindegarden\HttpSimulation.scala
2023.08.16 16:34:09 WARN  Could not load snapshot text for E:\Extension\Projects\gatlingTest\src\test\scala\kindegarden\HttpSimulation.scala
2023.08.16 16:34:10 WARN  Could not load snapshot text for E:\Extension\Projects\gatlingTest\src\test\scala\kindegarden\HttpSimulation.scala
2023.08.16 16:34:13 WARN  Could not load snapshot text for E:\Extension\Projects\gatlingTest\src\test\scala\kindegarden\HttpSimulation.scala
2023.08.16 16:34:16 WARN  Could not load snapshot text for E:\Extension\Projects\gatlingTest\src\test\scala\kindegarden\HttpSimulation.scala
2023.08.16 16:34:27 WARN  Could not load snapshot text for E:\Extension\Projects\gatlingTest\src\test\scala\kindegarden\HttpSimulation.scala
2023.08.16 16:34:28 INFO  compiling gatlingtest-test (1 scala source)
2023.08.16 16:34:28 INFO  time: compiled gatlingtest-test in 0.12s
2023.08.16 16:34:30 WARN  Could not load snapshot text for E:\Extension\Projects\gatlingTest\src\test\scala\kindegarden\HttpSimulation.scala
2023.08.16 16:34:30 WARN  Could not load snapshot text for E:\Extension\Projects\gatlingTest\src\test\scala\kindegarden\HttpSimulation.scala
2023.08.16 16:34:30 INFO  compiling gatlingtest-test (1 scala source)
2023.08.16 16:34:30 INFO  time: compiled gatlingtest-test in 0.12s
2023.08.16 16:34:32 WARN  Could not load snapshot text for E:\Extension\Projects\gatlingTest\src\test\scala\kindegarden\HttpSimulation.scala
2023.08.16 16:34:33 INFO  compiling gatlingtest-test (1 scala source)
2023.08.16 16:34:33 INFO  time: compiled gatlingtest-test in 0.12s
2023.08.16 16:34:33 WARN  Could not load snapshot text for E:\Extension\Projects\gatlingTest\src\test\scala\kindegarden\HttpSimulation.scala
2023.08.16 16:34:35 WARN  Could not load snapshot text for E:\Extension\Projects\gatlingTest\src\test\scala\kindegarden\HttpSimulation.scala
2023.08.16 16:34:47 INFO  compiling gatlingtest-test (1 scala source)
2023.08.16 16:34:47 WARN  Could not load snapshot text for E:\Extension\Projects\gatlingTest\src\test\scala\kindegarden\HttpSimulation.scala
2023.08.16 16:34:47 INFO  time: compiled gatlingtest-test in 0.12s
2023.08.16 16:34:47 WARN  Could not load snapshot text for E:\Extension\Projects\gatlingTest\src\test\scala\kindegarden\HttpSimulation.scala
2023.08.16 16:34:49 INFO  compiling gatlingtest-test (1 scala source)
2023.08.16 16:34:49 INFO  time: compiled gatlingtest-test in 0.15s
2023.08.16 16:34:49 WARN  Could not load snapshot text for E:\Extension\Projects\gatlingTest\src\test\scala\kindegarden\HttpSimulation.scala
2023.08.16 16:34:51 WARN  Could not load snapshot text for E:\Extension\Projects\gatlingTest\src\test\scala\kindegarden\HttpSimulation.scala
2023.08.16 16:34:55 WARN  Could not load snapshot text for E:\Extension\Projects\gatlingTest\src\test\scala\kindegarden\HttpSimulation.scala
2023.08.16 16:34:56 WARN  Could not load snapshot text for E:\Extension\Projects\gatlingTest\src\test\scala\kindegarden\HttpSimulation.scala
2023.08.16 16:34:57 WARN  Could not load snapshot text for E:\Extension\Projects\gatlingTest\src\test\scala\kindegarden\HttpSimulation.scala
2023.08.16 16:35:00 WARN  Could not load snapshot text for E:\Extension\Projects\gatlingTest\src\test\scala\kindegarden\HttpSimulation.scala
2023.08.16 16:35:00 WARN  Could not load snapshot text for E:\Extension\Projects\gatlingTest\src\test\scala\kindegarden\HttpSimulation.scala
2023.08.16 16:35:01 WARN  Could not load snapshot text for E:\Extension\Projects\gatlingTest\src\test\scala\kindegarden\HttpSimulation.scala
2023.08.16 16:35:02 INFO  compiling gatlingtest-test (1 scala source)
2023.08.16 16:35:02 INFO  time: compiled gatlingtest-test in 0.12s
2023.08.16 16:35:04 WARN  Could not load snapshot text for E:\Extension\Projects\gatlingTest\src\test\scala\kindegarden\HttpSimulation.scala
2023.08.16 16:35:06 WARN  Could not load snapshot text for E:\Extension\Projects\gatlingTest\src\test\scala\kindegarden\HttpSimulation.scala
2023.08.16 16:35:08 WARN  Could not load snapshot text for E:\Extension\Projects\gatlingTest\src\test\scala\kindegarden\HttpSimulation.scala
2023.08.16 16:35:09 WARN  Could not load snapshot text for E:\Extension\Projects\gatlingTest\src\test\scala\kindegarden\HttpSimulation.scala
2023.08.16 16:35:09 INFO  compiling gatlingtest-test (1 scala source)
2023.08.16 16:35:09 INFO  time: compiled gatlingtest-test in 0.12s
2023.08.16 16:35:12 WARN  Could not load snapshot text for E:\Extension\Projects\gatlingTest\src\test\scala\kindegarden\HttpSimulation.scala
2023.08.16 16:35:15 WARN  Could not load snapshot text for E:\Extension\Projects\gatlingTest\src\test\scala\kindegarden\HttpSimulation.scala
2023.08.16 16:35:16 INFO  compiling gatlingtest-test (1 scala source)
2023.08.16 16:35:16 WARN  Could not load snapshot text for E:\Extension\Projects\gatlingTest\src\test\scala\kindegarden\HttpSimulation.scala
2023.08.16 16:35:16 INFO  time: compiled gatlingtest-test in 0.12s
2023.08.16 16:35:19 WARN  Could not load snapshot text for E:\Extension\Projects\gatlingTest\src\test\scala\kindegarden\HttpSimulation.scala
2023.08.16 16:35:19 WARN  Could not load snapshot text for E:\Extension\Projects\gatlingTest\src\test\scala\kindegarden\HttpSimulation.scala
2023.08.16 16:35:19 INFO  compiling gatlingtest-test (1 scala source)
2023.08.16 16:35:19 INFO  time: compiled gatlingtest-test in 0.12s
2023.08.16 16:35:19 WARN  Could not load snapshot text for E:\Extension\Projects\gatlingTest\src\test\scala\kindegarden\HttpSimulation.scala
2023.08.16 16:35:21 INFO  compiling gatlingtest-test (1 scala source)
2023.08.16 16:35:21 INFO  time: compiled gatlingtest-test in 0.12s
2023.08.16 16:35:21 WARN  Could not load snapshot text for E:\Extension\Projects\gatlingTest\src\test\scala\kindegarden\HttpSimulation.scala
2023.08.16 16:35:23 WARN  Could not load snapshot text for E:\Extension\Projects\gatlingTest\src\test\scala\kindegarden\HttpSimulation.scala
2023.08.16 16:35:44 WARN  Could not load snapshot text for E:\Extension\Projects\gatlingTest\src\test\scala\kindegarden\HttpSimulation.scala
2023.08.16 16:35:45 INFO  compiling gatlingtest-test (1 scala source)
2023.08.16 16:35:45 INFO  time: compiled gatlingtest-test in 0.18s
2023.08.16 16:35:48 INFO  compiling gatlingtest-test (1 scala source)
2023.08.16 16:35:48 INFO  time: compiled gatlingtest-test in 0.17s
2023.08.16 16:35:48 WARN  Could not load snapshot text for E:\Extension\Projects\gatlingTest\src\test\scala\kindegarden\HttpSimulation.scala
2023.08.16 16:35:50 WARN  Could not load snapshot text for E:\Extension\Projects\gatlingTest\src\test\scala\kindegarden\HttpSimulation.scala
2023.08.16 16:35:53 INFO  compiling gatlingtest-test (1 scala source)
2023.08.16 16:35:53 WARN  Could not load snapshot text for E:\Extension\Projects\gatlingTest\src\test\scala\kindegarden\HttpSimulation.scala
2023.08.16 16:35:53 INFO  time: compiled gatlingtest-test in 0.55s
2023.08.16 16:36:27 INFO  compiling gatlingtest-test (1 scala source)
2023.08.16 16:36:27 INFO  time: compiled gatlingtest-test in 0.17s
2023.08.16 16:36:50 INFO  compiling gatlingtest-test (1 scala source)
2023.08.16 16:36:50 INFO  time: compiled gatlingtest-test in 0.17s
2023.08.16 16:36:55 INFO  compiling gatlingtest-test (1 scala source)
2023.08.16 16:36:55 INFO  time: compiled gatlingtest-test in 0.18s
2023.08.16 16:36:57 INFO  compiling gatlingtest-test (1 scala source)
2023.08.16 16:36:57 INFO  time: compiled gatlingtest-test in 0.17s
2023.08.16 16:37:01 INFO  compiling gatlingtest-test (1 scala source)
2023.08.16 16:37:01 INFO  time: compiled gatlingtest-test in 0.16s
2023.08.16 16:38:34 INFO  compiling gatlingtest-test (1 scala source)
2023.08.16 16:38:34 INFO  time: compiled gatlingtest-test in 0.17s
2023.08.16 16:38:49 INFO  compiling gatlingtest-test (1 scala source)
2023.08.16 16:38:49 INFO  time: compiled gatlingtest-test in 0.55s
2023.08.16 16:39:13 INFO  compiling gatlingtest-test (1 scala source)
2023.08.16 16:39:13 INFO  time: compiled gatlingtest-test in 0.18s
2023.08.16 16:39:16 INFO  compiling gatlingtest-test (1 scala source)
2023.08.16 16:39:16 INFO  time: compiled gatlingtest-test in 0.16s
2023.08.16 17:00:09 INFO  Shutting down server
2023.08.16 17:00:09 INFO  shutting down Metals
2023.08.16 17:00:09 INFO  Shut down connection with build server.
2023.08.16 17:00:09 INFO  Shut down connection with build server.
2023.08.16 17:00:09 INFO  Shut down connection with build server.
2023.08.16 17:00:09 INFO  Exiting server
2023.08.16 18:18:33 INFO  Started: Metals version 1.0.0 in folders 'E:\Extension\Projects\gatlingTest' for client Visual Studio Code 1.81.1.
рту 16, 2023 6:18:33 PM org.flywaydb.core.internal.license.VersionPrinter printVersionOnly
INFO: Flyway Community Edition 9.20.1 by Redgate
рту 16, 2023 6:18:33 PM org.flywaydb.core.internal.license.VersionPrinter printVersion
INFO: See release notes here: https://rd.gt/416ObMi
рту 16, 2023 6:18:33 PM org.flywaydb.core.internal.license.VersionPrinter printVersion
INFO: 
рту 16, 2023 6:18:34 PM org.flywaydb.core.internal.database.base.BaseDatabaseType createDatabase
INFO: Database: jdbc:h2:file:E:\Extension\Projects\gatlingTest\.metals\metals (H2 2.1)
рту 16, 2023 6:18:34 PM org.flywaydb.core.internal.command.DbValidate validate
INFO: Successfully validated 4 migrations (execution time 00:00.014s)
рту 16, 2023 6:18:34 PM org.flywaydb.core.internal.command.DbMigrate migrateGroup
INFO: Current version of schema "PUBLIC": 4
рту 16, 2023 6:18:34 PM org.flywaydb.core.internal.command.DbMigrate logSummary
INFO: Schema "PUBLIC" is up to date. No migration necessary.
2023.08.16 18:18:34 INFO  time: initialize in 1.03s
2023.08.16 18:18:35 INFO  Attempting to connect to the build server...
2023.08.16 18:18:35 INFO  Bloop uses C:\Program Files\Java\jdk1.8.0_341 defined at C:\Users\User\.bloop\bloop.json
2023.08.16 18:18:35 INFO  skipping build import with status 'Installed'
2023.08.16 18:18:36 INFO  no build target found for E:\Extension\Projects\gatlingTest\src\test\scala\kindegarden\HttpSimulation.scala. Using presentation compiler with project's scala-library version: 3.3.0
2023.08.16 18:18:37 INFO  time: code lens generation in 2.44s
2023.08.16 18:18:39 INFO  tracing is disabled for protocol BSP, to enable tracing of incoming and outgoing JSON messages create an empty file at E:\Extension\Projects\gatlingTest\.metals\bsp.trace.json or C:\Users\User\AppData\Local\scalameta\metals\cache\bsp.trace.json
2023.08.16 18:18:39 INFO  Attempting to connect to the build server...
2023.08.16 18:18:39 INFO  Bloop uses C:\Program Files\Java\jdk1.8.0_341 defined at C:\Users\User\.bloop\bloop.json
2023.08.16 18:18:39 INFO  Attempting to connect to the build server...
2023.08.16 18:18:39 INFO  Bloop uses C:\Program Files\Java\jdk1.8.0_341 defined at C:\Users\User\.bloop\bloop.json
2023.08.16 18:18:39 INFO  tracing is disabled for protocol BSP, to enable tracing of incoming and outgoing JSON messages create an empty file at E:\Extension\Projects\gatlingTest\project\project\.metals\bsp.trace.json or C:\Users\User\AppData\Local\scalameta\metals\cache\bsp.trace.json
2023.08.16 18:18:39 INFO  tracing is disabled for protocol BSP, to enable tracing of incoming and outgoing JSON messages create an empty file at E:\Extension\Projects\gatlingTest\project\.metals\bsp.trace.json or C:\Users\User\AppData\Local\scalameta\metals\cache\bsp.trace.json
2023.08.16 18:18:39 INFO  time: Connected to build server in 4.17s
2023.08.16 18:18:39 INFO  Connected to Build server: Bloop v1.5.8
2023.08.16 18:18:39 INFO  time: Imported build in 0.1s
2023.08.16 18:18:41 INFO  time: indexed workspace in 1.44s
2023.08.16 18:18:41 INFO  compiling gatlingtest-test (1 scala source)
2023.08.16 18:18:44 INFO  time: compiled gatlingtest-test in 3.06s
рту 16, 2023 6:31:37 PM org.eclipse.lsp4j.jsonrpc.RemoteEndpoint fallbackResponseError
SEVERE: Internal error: scala.meta.internal.metals.debug.DebugProvider$NoRunOptionException$: There is nothing to run or test in the current file.
java.util.concurrent.CompletionException: scala.meta.internal.metals.debug.DebugProvider$NoRunOptionException$: There is nothing to run or test in the current file.
	at java.util.concurrent.CompletableFuture.encodeThrowable(CompletableFuture.java:292)
	at java.util.concurrent.CompletableFuture.completeThrowable(CompletableFuture.java:308)
	at java.util.concurrent.CompletableFuture.uniAccept(CompletableFuture.java:661)
	at java.util.concurrent.CompletableFuture$UniAccept.tryFire(CompletableFuture.java:646)
	at java.util.concurrent.CompletableFuture.uniAcceptStage(CompletableFuture.java:686)
	at java.util.concurrent.CompletableFuture.thenAcceptAsync(CompletableFuture.java:2014)
	at scala.concurrent.java8.FuturesConvertersImpl$CF.thenAccept(FutureConvertersImpl.scala:37)
	at org.eclipse.lsp4j.jsonrpc.RemoteEndpoint.handleRequest(RemoteEndpoint.java:279)
	at org.eclipse.lsp4j.jsonrpc.RemoteEndpoint.consume(RemoteEndpoint.java:190)
	at org.eclipse.lsp4j.jsonrpc.json.StreamMessageProducer.handleMessage(StreamMessageProducer.java:194)
	at org.eclipse.lsp4j.jsonrpc.json.StreamMessageProducer.listen(StreamMessageProducer.java:94)
	at org.eclipse.lsp4j.jsonrpc.json.ConcurrentMessageProcessor.run(ConcurrentMessageProcessor.java:113)
	at java.util.concurrent.Executors$RunnableAdapter.call(Executors.java:511)
	at java.util.concurrent.FutureTask.run(FutureTask.java:266)
	at java.util.concurrent.ThreadPoolExecutor.runWorker(ThreadPoolExecutor.java:1149)
	at java.util.concurrent.ThreadPoolExecutor$Worker.run(ThreadPoolExecutor.java:624)
	at java.lang.Thread.run(Thread.java:750)
Caused by: scala.meta.internal.metals.debug.DebugProvider$NoRunOptionException$: There is nothing to run or test in the current file.
	at scala.meta.internal.metals.debug.DebugProvider$NoRunOptionException$.<clinit>(DebugProvider.scala:910)
	at scala.meta.internal.metals.debug.DebugProvider.$anonfun$resolveInFile$2(DebugProvider.scala:369)
	at scala.Option.fold(Option.scala:263)
	at scala.meta.internal.metals.debug.DebugProvider.resolveInFile(DebugProvider.scala:340)
	at scala.meta.internal.metals.debug.DebugProvider.debugDiscovery(DebugProvider.scala:474)
	at scala.meta.internal.metals.MetalsLspService.debugDiscovery(MetalsLspService.scala:1770)
	at scala.meta.internal.metals.WorkspaceLspService.executeCommand(WorkspaceLspService.scala:869)
	at scala.meta.metals.lsp.DelegatingScalaService.executeCommand(DelegatingScalaService.scala:169)
	at sun.reflect.NativeMethodAccessorImpl.invoke0(Native Method)
	at sun.reflect.NativeMethodAccessorImpl.invoke(NativeMethodAccessorImpl.java:62)
	at sun.reflect.DelegatingMethodAccessorImpl.invoke(DelegatingMethodAccessorImpl.java:43)
	at java.lang.reflect.Method.invoke(Method.java:498)
	at org.eclipse.lsp4j.jsonrpc.services.GenericEndpoint.lambda$null$0(GenericEndpoint.java:65)
	at org.eclipse.lsp4j.jsonrpc.services.GenericEndpoint.request(GenericEndpoint.java:120)
	at org.eclipse.lsp4j.jsonrpc.RemoteEndpoint.handleRequest(RemoteEndpoint.java:261)
	... 9 more

2023.08.16 18:32:31 INFO  compiling gatlingtest-it (1 scala source)
2023.08.16 18:32:31 INFO  time: compiled gatlingtest-it in 0.69s
2023.08.16 18:34:06 INFO  running 'C:\Program Files\Java\jdk1.8.0_341\bin\java.exe -Djline.terminal=jline.UnsupportedTerminal -Dsbt.log.noformat=true -Dfile.encoding=UTF-8 -jar C:\Users\User\AppData\Local\Temp\metals8492180554697722717\sbt-launch.jar -Dbloop.export-jar-classifiers=sources bloopInstall'
2023.08.16 18:34:07 INFO  [info] welcome to sbt 1.9.3 (Oracle Corporation Java 1.8.0_341)
2023.08.16 18:34:07 INFO  [info] loading settings for project gatlingtest-build-build-build from metals.sbt ...
2023.08.16 18:34:07 INFO  [info] loading project definition from E:\Extension\Projects\gatlingTest\project\project\project
2023.08.16 18:34:08 INFO  [info] loading settings for project gatlingtest-build-build from metals.sbt ...
2023.08.16 18:34:08 INFO  [info] loading project definition from E:\Extension\Projects\gatlingTest\project\project
2023.08.16 18:34:09 INFO  [success] Generated .bloop\gatlingtest-build-build.json
2023.08.16 18:34:09 INFO  [success] Total time: 1 s, completed 16.08.2023 18:34:09
2023.08.16 18:34:09 INFO  [info] loading settings for project gatlingtest-build from metals.sbt,plugins.sbt ...
2023.08.16 18:34:09 INFO  [info] loading project definition from E:\Extension\Projects\gatlingTest\project
2023.08.16 18:34:09 INFO  [success] Generated .bloop\gatlingtest-build.json
2023.08.16 18:34:09 INFO  [success] Total time: 0 s, completed 16.08.2023 18:34:10
2023.08.16 18:34:09 INFO  [info] loading settings for project gatlingtest from build.sbt ...
2023.08.16 18:34:09 INFO  [info] set current project to gatlingtest (in build file:/E:/Extension/Projects/gatlingTest/)
2023.08.16 18:34:10 INFO  [success] Generated .bloop\gatlingtest.json
2023.08.16 18:34:10 INFO  [success] Generated .bloop\gatlingtest-it.json
2023.08.16 18:34:10 INFO  [success] Generated .bloop\gatlingtest-test.json
2023.08.16 18:34:10 INFO  [success] Total time: 0 s, completed 16.08.2023 18:34:11
2023.08.16 18:34:11 INFO  time: ran 'sbt bloopInstall' in 4.58s
2023.08.16 18:34:11 INFO  Disconnecting from Bloop session...
2023.08.16 18:34:11 INFO  Shut down connection with build server.
2023.08.16 18:34:11 INFO  Shut down connection with build server.
2023.08.16 18:34:11 INFO  Shut down connection with build server.
2023.08.16 18:34:11 INFO  Attempting to connect to the build server...
2023.08.16 18:34:11 INFO  Bloop uses C:\Program Files\Java\jdk1.8.0_341 defined at C:\Users\User\.bloop\bloop.json
2023.08.16 18:34:11 INFO  tracing is disabled for protocol BSP, to enable tracing of incoming and outgoing JSON messages create an empty file at E:\Extension\Projects\gatlingTest\.metals\bsp.trace.json or C:\Users\User\AppData\Local\scalameta\metals\cache\bsp.trace.json
2023.08.16 18:34:11 INFO  Attempting to connect to the build server...
2023.08.16 18:34:11 INFO  Bloop uses C:\Program Files\Java\jdk1.8.0_341 defined at C:\Users\User\.bloop\bloop.json
2023.08.16 18:34:11 INFO  Attempting to connect to the build server...
2023.08.16 18:34:11 INFO  Bloop uses C:\Program Files\Java\jdk1.8.0_341 defined at C:\Users\User\.bloop\bloop.json
2023.08.16 18:34:11 INFO  tracing is disabled for protocol BSP, to enable tracing of incoming and outgoing JSON messages create an empty file at E:\Extension\Projects\gatlingTest\project\project\.metals\bsp.trace.json or C:\Users\User\AppData\Local\scalameta\metals\cache\bsp.trace.json
2023.08.16 18:34:11 INFO  tracing is disabled for protocol BSP, to enable tracing of incoming and outgoing JSON messages create an empty file at E:\Extension\Projects\gatlingTest\project\.metals\bsp.trace.json or C:\Users\User\AppData\Local\scalameta\metals\cache\bsp.trace.json
2023.08.16 18:34:11 INFO  time: Connected to build server in 73ms
2023.08.16 18:34:11 INFO  Connected to Build server: Bloop v1.5.8
2023.08.16 18:34:11 INFO  time: indexed workspace in 0.75s
2023.08.16 18:34:23 INFO  Disconnecting from Bloop session...
2023.08.16 18:34:23 INFO  Shut down connection with build server.
2023.08.16 18:34:23 INFO  Shut down connection with build server.
2023.08.16 18:34:23 INFO  Shut down connection with build server.
2023.08.16 18:34:23 INFO  Attempting to connect to the build server...
2023.08.16 18:34:23 INFO  Bloop uses C:\Program Files\Java\jdk1.8.0_341 defined at C:\Users\User\.bloop\bloop.json
2023.08.16 18:34:27 INFO  tracing is disabled for protocol BSP, to enable tracing of incoming and outgoing JSON messages create an empty file at E:\Extension\Projects\gatlingTest\.metals\bsp.trace.json or C:\Users\User\AppData\Local\scalameta\metals\cache\bsp.trace.json
2023.08.16 18:34:27 INFO  Attempting to connect to the build server...
2023.08.16 18:34:27 INFO  Bloop uses C:\Program Files\Java\jdk1.8.0_341 defined at C:\Users\User\.bloop\bloop.json
2023.08.16 18:34:27 INFO  Attempting to connect to the build server...
2023.08.16 18:34:27 INFO  Bloop uses C:\Program Files\Java\jdk1.8.0_341 defined at C:\Users\User\.bloop\bloop.json
2023.08.16 18:34:27 INFO  tracing is disabled for protocol BSP, to enable tracing of incoming and outgoing JSON messages create an empty file at E:\Extension\Projects\gatlingTest\project\.metals\bsp.trace.json or C:\Users\User\AppData\Local\scalameta\metals\cache\bsp.trace.json
2023.08.16 18:34:27 INFO  tracing is disabled for protocol BSP, to enable tracing of incoming and outgoing JSON messages create an empty file at E:\Extension\Projects\gatlingTest\project\project\.metals\bsp.trace.json or C:\Users\User\AppData\Local\scalameta\metals\cache\bsp.trace.json
2023.08.16 18:34:27 INFO  time: Connected to build server in 3.75s
2023.08.16 18:34:27 INFO  Connected to Build server: Bloop v1.5.8
2023.08.16 18:34:27 INFO  time: indexed workspace in 0.74s
2023.08.16 18:34:28 INFO  Deduplicating compilation of gatlingtest-test from bsp client 'Metals 1.0.0' (since 1.174s)
2023.08.16 18:34:51 INFO  running 'C:\Program Files\Java\jdk1.8.0_341\bin\java.exe -Djline.terminal=jline.UnsupportedTerminal -Dsbt.log.noformat=true -Dfile.encoding=UTF-8 -jar C:\Users\User\AppData\Local\Temp\metals511306957503788284\sbt-launch.jar -Dbloop.export-jar-classifiers=sources bloopInstall'
2023.08.16 18:34:52 INFO  [info] welcome to sbt 1.9.3 (Oracle Corporation Java 1.8.0_341)
2023.08.16 18:34:52 INFO  [info] loading settings for project gatlingtest-build-build-build from metals.sbt ...
2023.08.16 18:34:52 INFO  [info] loading project definition from E:\Extension\Projects\gatlingTest\project\project\project
2023.08.16 18:34:53 INFO  [info] loading settings for project gatlingtest-build-build from metals.sbt ...
2023.08.16 18:34:53 INFO  [info] loading project definition from E:\Extension\Projects\gatlingTest\project\project
2023.08.16 18:34:54 INFO  [success] Generated .bloop\gatlingtest-build-build.json
2023.08.16 18:34:54 INFO  [success] Total time: 1 s, completed 16.08.2023 18:34:54
2023.08.16 18:34:54 INFO  [info] loading settings for project gatlingtest-build from metals.sbt,plugins.sbt ...
2023.08.16 18:34:54 INFO  [info] loading project definition from E:\Extension\Projects\gatlingTest\project
2023.08.16 18:34:54 INFO  [success] Generated .bloop\gatlingtest-build.json
2023.08.16 18:34:54 INFO  [success] Total time: 0 s, completed 16.08.2023 18:34:55
2023.08.16 18:34:54 INFO  [info] loading settings for project gatlingtest from build.sbt ...
2023.08.16 18:34:54 INFO  [info] set current project to gatlingtest (in build file:/E:/Extension/Projects/gatlingTest/)
2023.08.16 18:34:56 INFO  [success] Generated .bloop\gatlingtest.json
2023.08.16 18:34:56 INFO  [success] Generated .bloop\gatlingtest-it.json
2023.08.16 18:34:56 INFO  [success] Generated .bloop\gatlingtest-test.json
2023.08.16 18:34:56 INFO  [success] Total time: 0 s, completed 16.08.2023 18:34:56
2023.08.16 18:34:56 INFO  time: ran 'sbt bloopInstall' in 4.58s
2023.08.16 18:34:56 INFO  Disconnecting from Bloop session...
2023.08.16 18:34:56 INFO  Shut down connection with build server.
2023.08.16 18:34:56 INFO  Shut down connection with build server.
2023.08.16 18:34:56 INFO  Shut down connection with build server.
2023.08.16 18:34:56 INFO  Attempting to connect to the build server...
2023.08.16 18:34:56 INFO  Bloop uses C:\Program Files\Java\jdk1.8.0_341 defined at C:\Users\User\.bloop\bloop.json
2023.08.16 18:34:56 INFO  tracing is disabled for protocol BSP, to enable tracing of incoming and outgoing JSON messages create an empty file at E:\Extension\Projects\gatlingTest\.metals\bsp.trace.json or C:\Users\User\AppData\Local\scalameta\metals\cache\bsp.trace.json
2023.08.16 18:34:56 INFO  Attempting to connect to the build server...
2023.08.16 18:34:56 INFO  Bloop uses C:\Program Files\Java\jdk1.8.0_341 defined at C:\Users\User\.bloop\bloop.json
2023.08.16 18:34:56 INFO  Attempting to connect to the build server...
2023.08.16 18:34:56 INFO  Bloop uses C:\Program Files\Java\jdk1.8.0_341 defined at C:\Users\User\.bloop\bloop.json
2023.08.16 18:34:56 INFO  tracing is disabled for protocol BSP, to enable tracing of incoming and outgoing JSON messages create an empty file at E:\Extension\Projects\gatlingTest\project\project\.metals\bsp.trace.json or C:\Users\User\AppData\Local\scalameta\metals\cache\bsp.trace.json
2023.08.16 18:34:56 INFO  tracing is disabled for protocol BSP, to enable tracing of incoming and outgoing JSON messages create an empty file at E:\Extension\Projects\gatlingTest\project\.metals\bsp.trace.json or C:\Users\User\AppData\Local\scalameta\metals\cache\bsp.trace.json
2023.08.16 18:34:56 INFO  time: Connected to build server in 63ms
2023.08.16 18:34:56 INFO  Connected to Build server: Bloop v1.5.8
2023.08.16 18:34:56 INFO  time: indexed workspace in 0.73s
2023.08.16 18:35:07 INFO  Disconnecting from Bloop session...
2023.08.16 18:35:07 INFO  Shut down connection with build server.
2023.08.16 18:35:07 INFO  Shut down connection with build server.
2023.08.16 18:35:07 INFO  Shut down connection with build server.
2023.08.16 18:35:07 INFO  Attempting to connect to the build server...
2023.08.16 18:35:07 INFO  Bloop uses C:\Program Files\Java\jdk1.8.0_341 defined at C:\Users\User\.bloop\bloop.json
2023.08.16 18:35:07 INFO  tracing is disabled for protocol BSP, to enable tracing of incoming and outgoing JSON messages create an empty file at E:\Extension\Projects\gatlingTest\.metals\bsp.trace.json or C:\Users\User\AppData\Local\scalameta\metals\cache\bsp.trace.json
2023.08.16 18:35:07 INFO  Attempting to connect to the build server...
2023.08.16 18:35:07 INFO  Bloop uses C:\Program Files\Java\jdk1.8.0_341 defined at C:\Users\User\.bloop\bloop.json
2023.08.16 18:35:07 INFO  Attempting to connect to the build server...
2023.08.16 18:35:07 INFO  Bloop uses C:\Program Files\Java\jdk1.8.0_341 defined at C:\Users\User\.bloop\bloop.json
2023.08.16 18:35:07 INFO  tracing is disabled for protocol BSP, to enable tracing of incoming and outgoing JSON messages create an empty file at E:\Extension\Projects\gatlingTest\project\.metals\bsp.trace.json or C:\Users\User\AppData\Local\scalameta\metals\cache\bsp.trace.json
2023.08.16 18:35:07 INFO  tracing is disabled for protocol BSP, to enable tracing of incoming and outgoing JSON messages create an empty file at E:\Extension\Projects\gatlingTest\project\project\.metals\bsp.trace.json or C:\Users\User\AppData\Local\scalameta\metals\cache\bsp.trace.json
2023.08.16 18:35:07 INFO  time: Connected to build server in 60ms
2023.08.16 18:35:07 INFO  Connected to Build server: Bloop v1.5.8
2023.08.16 18:35:07 INFO  time: indexed workspace in 0.7s
2023.08.16 18:35:10 INFO  Disconnecting from Bloop session...
2023.08.16 18:35:10 INFO  Shut down connection with build server.
2023.08.16 18:35:10 INFO  Shut down connection with build server.
2023.08.16 18:35:10 INFO  Shut down connection with build server.
рту 16, 2023 6:35:10 PM org.eclipse.lsp4j.jsonrpc.RemoteEndpoint notify
INFO: Failed to send notification message.
org.eclipse.lsp4j.jsonrpc.JsonRpcException: java.nio.channels.ClosedChannelException
	at org.eclipse.lsp4j.jsonrpc.json.StreamMessageConsumer.consume(StreamMessageConsumer.java:72)
	at org.eclipse.lsp4j.jsonrpc.RemoteEndpoint.notify(RemoteEndpoint.java:126)
	at org.eclipse.lsp4j.jsonrpc.RemoteEndpoint.sendCancelNotification(RemoteEndpoint.java:180)
	at org.eclipse.lsp4j.jsonrpc.RemoteEndpoint$1.cancel(RemoteEndpoint.java:150)
	at scala.meta.internal.metals.BuildServerConnection.$anonfun$register$2(BuildServerConnection.scala:348)
	at scala.runtime.java8.JFunction0$mcZ$sp.apply(JFunction0$mcZ$sp.scala:17)
	at scala.util.Try$.apply(Try.scala:210)
	at scala.meta.internal.metals.BuildServerConnection.$anonfun$register$1(BuildServerConnection.scala:348)
	at scala.meta.internal.metals.Cancelable$$anon$1.cancel(Cancelable.scala:18)
	at scala.meta.internal.metals.Cancelable$.$anonfun$cancelAll$1(Cancelable.scala:29)
	at scala.collection.immutable.List.foreach(List.scala:333)
	at scala.meta.internal.metals.Cancelable$.cancelAll(Cancelable.scala:28)
	at scala.meta.internal.metals.MutableCancelable.cancel(MutableCancelable.scala:25)
	at scala.meta.internal.metals.BuildServerConnection.cancel(BuildServerConnection.scala:285)
	at scala.meta.internal.metals.BuildServerConnection.$anonfun$shutdown$1(BuildServerConnection.scala:121)
	at scala.meta.internal.metals.BuildServerConnection.$anonfun$shutdown$1$adapted(BuildServerConnection.scala:114)
	at scala.concurrent.impl.Promise$Transformation.run(Promise.scala:467)
	at java.util.concurrent.ThreadPoolExecutor.runWorker(ThreadPoolExecutor.java:1149)
	at java.util.concurrent.ThreadPoolExecutor$Worker.run(ThreadPoolExecutor.java:624)
	at java.lang.Thread.run(Thread.java:750)
Caused by: java.nio.channels.ClosedChannelException
	at sun.nio.ch.SocketChannelImpl.ensureWriteOpen(SocketChannelImpl.java:268)
	at sun.nio.ch.SocketChannelImpl.write(SocketChannelImpl.java:459)
	at sun.nio.ch.SinkChannelImpl.write(SinkChannelImpl.java:114)
	at java.nio.channels.Channels.writeFullyImpl(Channels.java:78)
	at java.nio.channels.Channels.writeFully(Channels.java:98)
	at java.nio.channels.Channels.access$000(Channels.java:61)
	at java.nio.channels.Channels$1.write(Channels.java:174)
	at java.io.OutputStream.write(OutputStream.java:75)
	at java.nio.channels.Channels$1.write(Channels.java:155)
	at scala.meta.internal.metals.ClosableOutputStream.write(ClosableOutputStream.scala:26)
	at java.io.FilterOutputStream.write(FilterOutputStream.java:125)
	at java.io.FilterOutputStream.write(FilterOutputStream.java:97)
	at org.eclipse.lsp4j.jsonrpc.json.StreamMessageConsumer.consume(StreamMessageConsumer.java:67)
	... 19 more

2023.08.16 18:35:10 INFO  Attempting to connect to the build server...
2023.08.16 18:35:10 INFO  Cancelling compilation on Bloop server
2023.08.16 18:35:10 INFO  Bloop uses C:\Program Files\Java\jdk1.8.0_341 defined at C:\Users\User\.bloop\bloop.json
2023.08.16 18:35:10 INFO  tracing is disabled for protocol BSP, to enable tracing of incoming and outgoing JSON messages create an empty file at E:\Extension\Projects\gatlingTest\.metals\bsp.trace.json or C:\Users\User\AppData\Local\scalameta\metals\cache\bsp.trace.json
2023.08.16 18:35:10 INFO  Attempting to connect to the build server...
2023.08.16 18:35:10 INFO  Bloop uses C:\Program Files\Java\jdk1.8.0_341 defined at C:\Users\User\.bloop\bloop.json
2023.08.16 18:35:10 INFO  Attempting to connect to the build server...
2023.08.16 18:35:10 INFO  Bloop uses C:\Program Files\Java\jdk1.8.0_341 defined at C:\Users\User\.bloop\bloop.json
2023.08.16 18:35:10 INFO  tracing is disabled for protocol BSP, to enable tracing of incoming and outgoing JSON messages create an empty file at E:\Extension\Projects\gatlingTest\project\.metals\bsp.trace.json or C:\Users\User\AppData\Local\scalameta\metals\cache\bsp.trace.json
2023.08.16 18:35:11 INFO  tracing is disabled for protocol BSP, to enable tracing of incoming and outgoing JSON messages create an empty file at E:\Extension\Projects\gatlingTest\project\project\.metals\bsp.trace.json or C:\Users\User\AppData\Local\scalameta\metals\cache\bsp.trace.json
2023.08.16 18:35:11 INFO  time: Connected to build server in 70ms
2023.08.16 18:35:11 INFO  Connected to Build server: Bloop v1.5.8
2023.08.16 18:35:11 INFO  time: indexed workspace in 0.7s
2023.08.16 18:35:16 INFO  Disconnecting from Bloop session...
2023.08.16 18:35:16 INFO  Shut down connection with build server.
2023.08.16 18:35:16 INFO  Shut down connection with build server.
2023.08.16 18:35:17 INFO  running 'C:\Program Files\Java\jdk1.8.0_341\bin\java.exe -Djline.terminal=jline.UnsupportedTerminal -Dsbt.log.noformat=true -Dfile.encoding=UTF-8 -jar C:\Users\User\AppData\Local\Temp\metals4698280417719381937\sbt-launch.jar -Dbloop.export-jar-classifiers=sources bloopInstall'
2023.08.16 18:35:18 INFO  Shut down connection with build server.
рту 16, 2023 6:35:18 PM org.eclipse.lsp4j.jsonrpc.RemoteEndpoint notify
INFO: Failed to send notification message.
org.eclipse.lsp4j.jsonrpc.JsonRpcException: java.nio.channels.ClosedChannelException
	at org.eclipse.lsp4j.jsonrpc.json.StreamMessageConsumer.consume(StreamMessageConsumer.java:72)
	at org.eclipse.lsp4j.jsonrpc.RemoteEndpoint.notify(RemoteEndpoint.java:126)
	at org.eclipse.lsp4j.jsonrpc.RemoteEndpoint.sendCancelNotification(RemoteEndpoint.java:180)
	at org.eclipse.lsp4j.jsonrpc.RemoteEndpoint$1.cancel(RemoteEndpoint.java:150)
	at scala.meta.internal.metals.BuildServerConnection.$anonfun$register$2(BuildServerConnection.scala:348)
	at scala.runtime.java8.JFunction0$mcZ$sp.apply(JFunction0$mcZ$sp.scala:17)
	at scala.util.Try$.apply(Try.scala:210)
	at scala.meta.internal.metals.BuildServerConnection.$anonfun$register$1(BuildServerConnection.scala:348)
	at scala.meta.internal.metals.Cancelable$$anon$1.cancel(Cancelable.scala:18)
	at scala.meta.internal.metals.Cancelable$.$anonfun$cancelAll$1(Cancelable.scala:29)
	at scala.collection.immutable.List.foreach(List.scala:333)
	at scala.meta.internal.metals.Cancelable$.cancelAll(Cancelable.scala:28)
	at scala.meta.internal.metals.MutableCancelable.cancel(MutableCancelable.scala:25)
	at scala.meta.internal.metals.BuildServerConnection.cancel(BuildServerConnection.scala:284)
	at scala.meta.internal.metals.BuildServerConnection.$anonfun$shutdown$1(BuildServerConnection.scala:121)
	at scala.meta.internal.metals.BuildServerConnection.$anonfun$shutdown$1$adapted(BuildServerConnection.scala:114)
	at scala.concurrent.impl.Promise$Transformation.run(Promise.scala:467)
	at java.util.concurrent.ThreadPoolExecutor.runWorker(ThreadPoolExecutor.java:1149)
	at java.util.concurrent.ThreadPoolExecutor$Worker.run(ThreadPoolExecutor.java:624)
	at java.lang.Thread.run(Thread.java:750)
Caused by: java.nio.channels.ClosedChannelException
	at sun.nio.ch.SocketChannelImpl.ensureWriteOpen(SocketChannelImpl.java:268)
	at sun.nio.ch.SocketChannelImpl.write(SocketChannelImpl.java:459)
	at sun.nio.ch.SinkChannelImpl.write(SinkChannelImpl.java:114)
	at java.nio.channels.Channels.writeFullyImpl(Channels.java:78)
	at java.nio.channels.Channels.writeFully(Channels.java:98)
	at java.nio.channels.Channels.access$000(Channels.java:61)
	at java.nio.channels.Channels$1.write(Channels.java:174)
	at java.io.OutputStream.write(OutputStream.java:75)
	at java.nio.channels.Channels$1.write(Channels.java:155)
	at scala.meta.internal.metals.ClosableOutputStream.write(ClosableOutputStream.scala:26)
	at java.io.FilterOutputStream.write(FilterOutputStream.java:125)
	at java.io.FilterOutputStream.write(FilterOutputStream.java:97)
	at org.eclipse.lsp4j.jsonrpc.json.StreamMessageConsumer.consume(StreamMessageConsumer.java:67)
	... 19 more

2023.08.16 18:35:18 INFO  Failed to run request with params ScalaMainClassesResult
2023.08.16 18:35:17 INFO  Bloop should support `buildTarget/jvmRunEnvironment`, but it fails.
2023.08.16 18:35:18 INFO  Failed to run request with params ScalaTestClassesResult
2023.08.16 18:35:18 INFO  Attempting to connect to the build server...
2023.08.16 18:35:18 INFO  Bloop uses C:\Program Files\Java\jdk1.8.0_341 defined at C:\Users\User\.bloop\bloop.json
2023.08.16 18:35:18 INFO  tracing is disabled for protocol BSP, to enable tracing of incoming and outgoing JSON messages create an empty file at E:\Extension\Projects\gatlingTest\.metals\bsp.trace.json or C:\Users\User\AppData\Local\scalameta\metals\cache\bsp.trace.json
2023.08.16 18:35:18 INFO  Attempting to connect to the build server...
2023.08.16 18:35:18 INFO  Bloop uses C:\Program Files\Java\jdk1.8.0_341 defined at C:\Users\User\.bloop\bloop.json
2023.08.16 18:35:18 INFO  Attempting to connect to the build server...
2023.08.16 18:35:18 INFO  Bloop uses C:\Program Files\Java\jdk1.8.0_341 defined at C:\Users\User\.bloop\bloop.json
2023.08.16 18:35:18 INFO  tracing is disabled for protocol BSP, to enable tracing of incoming and outgoing JSON messages create an empty file at E:\Extension\Projects\gatlingTest\project\project\.metals\bsp.trace.json or C:\Users\User\AppData\Local\scalameta\metals\cache\bsp.trace.json
2023.08.16 18:35:18 INFO  tracing is disabled for protocol BSP, to enable tracing of incoming and outgoing JSON messages create an empty file at E:\Extension\Projects\gatlingTest\project\.metals\bsp.trace.json or C:\Users\User\AppData\Local\scalameta\metals\cache\bsp.trace.json
2023.08.16 18:35:18 INFO  time: Connected to build server in 61ms
2023.08.16 18:35:18 INFO  Connected to Build server: Bloop v1.5.8
2023.08.16 18:35:18 INFO  [info] welcome to sbt 1.9.3 (Oracle Corporation Java 1.8.0_341)
2023.08.16 18:35:19 INFO  time: indexed workspace in 0.81s
2023.08.16 18:35:18 INFO  [info] loading settings for project gatlingtest-build-build-build from metals.sbt ...
2023.08.16 18:35:18 INFO  [info] loading project definition from E:\Extension\Projects\gatlingTest\project\project\project
2023.08.16 18:35:19 INFO  [info] loading settings for project gatlingtest-build-build from metals.sbt ...
2023.08.16 18:35:19 INFO  [info] loading project definition from E:\Extension\Projects\gatlingTest\project\project
2023.08.16 18:35:21 INFO  [success] Generated .bloop\gatlingtest-build-build.json
2023.08.16 18:35:21 INFO  [success] Total time: 1 s, completed 16.08.2023 18:35:21
2023.08.16 18:35:21 INFO  [info] loading settings for project gatlingtest-build from metals.sbt,plugins.sbt ...
2023.08.16 18:35:21 INFO  [info] loading project definition from E:\Extension\Projects\gatlingTest\project
2023.08.16 18:35:21 INFO  [success] Generated .bloop\gatlingtest-build.json
2023.08.16 18:35:21 INFO  [success] Total time: 0 s, completed 16.08.2023 18:35:21
2023.08.16 18:35:21 INFO  [info] loading settings for project gatlingtest from build.sbt ...
2023.08.16 18:35:21 INFO  [info] set current project to gatlingtest (in build file:/E:/Extension/Projects/gatlingTest/)
2023.08.16 18:35:22 INFO  [success] Generated .bloop\gatlingtest.json
2023.08.16 18:35:22 INFO  [success] Generated .bloop\gatlingtest-it.json
2023.08.16 18:35:22 INFO  [success] Generated .bloop\gatlingtest-test.json
2023.08.16 18:35:22 INFO  [success] Total time: 0 s, completed 16.08.2023 18:35:22
2023.08.16 18:35:22 INFO  time: ran 'sbt bloopInstall' in 4.7s
2023.08.16 18:35:22 INFO  Disconnecting from Bloop session...
2023.08.16 18:35:22 INFO  Shut down connection with build server.
2023.08.16 18:35:22 INFO  Shut down connection with build server.
2023.08.16 18:35:22 INFO  Shut down connection with build server.
рту 16, 2023 6:35:22 PM org.eclipse.lsp4j.jsonrpc.RemoteEndpoint notify
INFO: Failed to send notification message.
org.eclipse.lsp4j.jsonrpc.JsonRpcException: java.nio.channels.ClosedChannelException
	at org.eclipse.lsp4j.jsonrpc.json.StreamMessageConsumer.consume(StreamMessageConsumer.java:72)
	at org.eclipse.lsp4j.jsonrpc.RemoteEndpoint.notify(RemoteEndpoint.java:126)
	at org.eclipse.lsp4j.jsonrpc.RemoteEndpoint.sendCancelNotification(RemoteEndpoint.java:180)
	at org.eclipse.lsp4j.jsonrpc.RemoteEndpoint$1.cancel(RemoteEndpoint.java:150)
	at scala.meta.internal.metals.BuildServerConnection.$anonfun$register$2(BuildServerConnection.scala:348)
	at scala.runtime.java8.JFunction0$mcZ$sp.apply(JFunction0$mcZ$sp.scala:17)
	at scala.util.Try$.apply(Try.scala:210)
	at scala.meta.internal.metals.BuildServerConnection.$anonfun$register$1(BuildServerConnection.scala:348)
	at scala.meta.internal.metals.Cancelable$$anon$1.cancel(Cancelable.scala:18)
	at scala.meta.internal.metals.Cancelable$.$anonfun$cancelAll$1(Cancelable.scala:29)
	at scala.collection.immutable.List.foreach(List.scala:333)
	at scala.meta.internal.metals.Cancelable$.cancelAll(Cancelable.scala:28)
	at scala.meta.internal.metals.MutableCancelable.cancel(MutableCancelable.scala:25)
	at scala.meta.internal.metals.BuildServerConnection.cancel(BuildServerConnection.scala:285)
	at scala.meta.internal.metals.BuildServerConnection.$anonfun$shutdown$1(BuildServerConnection.scala:121)
	at scala.meta.internal.metals.BuildServerConnection.$anonfun$shutdown$1$adapted(BuildServerConnection.scala:114)
	at scala.concurrent.impl.Promise$Transformation.run(Promise.scala:467)
	at java.util.concurrent.ThreadPoolExecutor.runWorker(ThreadPoolExecutor.java:1149)
	at java.util.concurrent.ThreadPoolExecutor$Worker.run(ThreadPoolExecutor.java:624)
	at java.lang.Thread.run(Thread.java:750)
Caused by: java.nio.channels.ClosedChannelException
	at sun.nio.ch.SocketChannelImpl.ensureWriteOpen(SocketChannelImpl.java:268)
	at sun.nio.ch.SocketChannelImpl.write(SocketChannelImpl.java:459)
	at sun.nio.ch.SinkChannelImpl.write(SinkChannelImpl.java:114)
	at java.nio.channels.Channels.writeFullyImpl(Channels.java:78)
	at java.nio.channels.Channels.writeFully(Channels.java:98)
	at java.nio.channels.Channels.access$000(Channels.java:61)
	at java.nio.channels.Channels$1.write(Channels.java:174)
	at java.io.OutputStream.write(OutputStream.java:75)
	at java.nio.channels.Channels$1.write(Channels.java:155)
	at scala.meta.internal.metals.ClosableOutputStream.write(ClosableOutputStream.scala:26)
	at java.io.FilterOutputStream.write(FilterOutputStream.java:125)
	at java.io.FilterOutputStream.write(FilterOutputStream.java:97)
	at org.eclipse.lsp4j.jsonrpc.json.StreamMessageConsumer.consume(StreamMessageConsumer.java:67)
	... 19 more

2023.08.16 18:35:22 INFO  Attempting to connect to the build server...
2023.08.16 18:35:22 INFO  Cancelling compilation on Bloop server
2023.08.16 18:35:22 INFO  Bloop uses C:\Program Files\Java\jdk1.8.0_341 defined at C:\Users\User\.bloop\bloop.json
2023.08.16 18:35:22 INFO  tracing is disabled for protocol BSP, to enable tracing of incoming and outgoing JSON messages create an empty file at E:\Extension\Projects\gatlingTest\.metals\bsp.trace.json or C:\Users\User\AppData\Local\scalameta\metals\cache\bsp.trace.json
2023.08.16 18:35:22 INFO  Attempting to connect to the build server...
2023.08.16 18:35:22 INFO  Bloop uses C:\Program Files\Java\jdk1.8.0_341 defined at C:\Users\User\.bloop\bloop.json
2023.08.16 18:35:22 INFO  Attempting to connect to the build server...
2023.08.16 18:35:22 INFO  Bloop uses C:\Program Files\Java\jdk1.8.0_341 defined at C:\Users\User\.bloop\bloop.json
2023.08.16 18:35:22 INFO  tracing is disabled for protocol BSP, to enable tracing of incoming and outgoing JSON messages create an empty file at E:\Extension\Projects\gatlingTest\project\project\.metals\bsp.trace.json or C:\Users\User\AppData\Local\scalameta\metals\cache\bsp.trace.json
2023.08.16 18:35:22 INFO  tracing is disabled for protocol BSP, to enable tracing of incoming and outgoing JSON messages create an empty file at E:\Extension\Projects\gatlingTest\project\.metals\bsp.trace.json or C:\Users\User\AppData\Local\scalameta\metals\cache\bsp.trace.json
2023.08.16 18:35:22 INFO  time: Connected to build server in 67ms
2023.08.16 18:35:22 INFO  Connected to Build server: Bloop v1.5.8
2023.08.16 18:35:22 INFO  time: indexed workspace in 0.71s
рту 16, 2023 6:35:53 PM org.eclipse.lsp4j.jsonrpc.RemoteEndpoint fallbackResponseError
SEVERE: Internal error: scala.meta.internal.metals.debug.DebugProvider$NoRunOptionException$: There is nothing to run or test in the current file.
java.util.concurrent.CompletionException: scala.meta.internal.metals.debug.DebugProvider$NoRunOptionException$: There is nothing to run or test in the current file.
	at java.util.concurrent.CompletableFuture.encodeThrowable(CompletableFuture.java:292)
	at java.util.concurrent.CompletableFuture.completeThrowable(CompletableFuture.java:308)
	at java.util.concurrent.CompletableFuture.uniAccept(CompletableFuture.java:661)
	at java.util.concurrent.CompletableFuture$UniAccept.tryFire(CompletableFuture.java:646)
	at java.util.concurrent.CompletableFuture.uniAcceptStage(CompletableFuture.java:686)
	at java.util.concurrent.CompletableFuture.thenAcceptAsync(CompletableFuture.java:2014)
	at scala.concurrent.java8.FuturesConvertersImpl$CF.thenAccept(FutureConvertersImpl.scala:37)
	at org.eclipse.lsp4j.jsonrpc.RemoteEndpoint.handleRequest(RemoteEndpoint.java:279)
	at org.eclipse.lsp4j.jsonrpc.RemoteEndpoint.consume(RemoteEndpoint.java:190)
	at org.eclipse.lsp4j.jsonrpc.json.StreamMessageProducer.handleMessage(StreamMessageProducer.java:194)
	at org.eclipse.lsp4j.jsonrpc.json.StreamMessageProducer.listen(StreamMessageProducer.java:94)
	at org.eclipse.lsp4j.jsonrpc.json.ConcurrentMessageProcessor.run(ConcurrentMessageProcessor.java:113)
	at java.util.concurrent.Executors$RunnableAdapter.call(Executors.java:511)
	at java.util.concurrent.FutureTask.run(FutureTask.java:266)
	at java.util.concurrent.ThreadPoolExecutor.runWorker(ThreadPoolExecutor.java:1149)
	at java.util.concurrent.ThreadPoolExecutor$Worker.run(ThreadPoolExecutor.java:624)
	at java.lang.Thread.run(Thread.java:750)
Caused by: scala.meta.internal.metals.debug.DebugProvider$NoRunOptionException$: There is nothing to run or test in the current file.
	at scala.meta.internal.metals.debug.DebugProvider$NoRunOptionException$.<clinit>(DebugProvider.scala:910)
	at scala.meta.internal.metals.debug.DebugProvider.$anonfun$resolveInFile$2(DebugProvider.scala:369)
	at scala.Option.fold(Option.scala:263)
	at scala.meta.internal.metals.debug.DebugProvider.resolveInFile(DebugProvider.scala:340)
	at scala.meta.internal.metals.debug.DebugProvider.debugDiscovery(DebugProvider.scala:474)
	at scala.meta.internal.metals.MetalsLspService.debugDiscovery(MetalsLspService.scala:1770)
	at scala.meta.internal.metals.WorkspaceLspService.executeCommand(WorkspaceLspService.scala:869)
	at scala.meta.metals.lsp.DelegatingScalaService.executeCommand(DelegatingScalaService.scala:169)
	at sun.reflect.NativeMethodAccessorImpl.invoke0(Native Method)
	at sun.reflect.NativeMethodAccessorImpl.invoke(NativeMethodAccessorImpl.java:62)
	at sun.reflect.DelegatingMethodAccessorImpl.invoke(DelegatingMethodAccessorImpl.java:43)
	at java.lang.reflect.Method.invoke(Method.java:498)
	at org.eclipse.lsp4j.jsonrpc.services.GenericEndpoint.lambda$null$0(GenericEndpoint.java:65)
	at org.eclipse.lsp4j.jsonrpc.services.GenericEndpoint.request(GenericEndpoint.java:120)
	at org.eclipse.lsp4j.jsonrpc.RemoteEndpoint.handleRequest(RemoteEndpoint.java:261)
	... 9 more

рту 16, 2023 6:36:01 PM org.eclipse.lsp4j.jsonrpc.services.GenericEndpoint notify
INFO: Unsupported notification method: $/setTrace
2023.08.16 18:37:32 INFO  compiling gatlingtest-test (1 scala source)
2023.08.16 18:37:35 INFO  time: compiled gatlingtest-test in 2.65s
2023.08.16 18:37:54 INFO  running 'C:\Program Files\Java\jdk1.8.0_341\bin\java.exe -Djline.terminal=jline.UnsupportedTerminal -Dsbt.log.noformat=true -Dfile.encoding=UTF-8 -jar C:\Users\User\AppData\Local\Temp\metals4632264985965579991\sbt-launch.jar -Dbloop.export-jar-classifiers=sources bloopInstall'
2023.08.16 18:37:54 INFO  [info] welcome to sbt 1.9.3 (Oracle Corporation Java 1.8.0_341)
2023.08.16 18:37:54 INFO  [info] loading settings for project gatlingtest-build-build-build from metals.sbt ...
2023.08.16 18:37:54 INFO  [info] loading project definition from E:\Extension\Projects\gatlingTest\project\project\project
2023.08.16 18:37:56 INFO  [info] loading settings for project gatlingtest-build-build from metals.sbt ...
2023.08.16 18:37:56 INFO  [info] loading project definition from E:\Extension\Projects\gatlingTest\project\project
2023.08.16 18:37:57 INFO  [success] Generated .bloop\gatlingtest-build-build.json
2023.08.16 18:37:57 INFO  [success] Total time: 1 s, completed 16.08.2023 18:37:57
2023.08.16 18:37:57 INFO  [info] loading settings for project gatlingtest-build from metals.sbt,plugins.sbt ...
2023.08.16 18:37:57 INFO  [info] loading project definition from E:\Extension\Projects\gatlingTest\project
2023.08.16 18:37:57 INFO  [success] Generated .bloop\gatlingtest-build.json
2023.08.16 18:37:57 INFO  [success] Total time: 0 s, completed 16.08.2023 18:37:57
2023.08.16 18:37:57 INFO  [info] loading settings for project gatlingtest from build.sbt ...
2023.08.16 18:37:57 INFO  [info] set current project to gatlingtest (in build file:/E:/Extension/Projects/gatlingTest/)
2023.08.16 18:37:58 INFO  [success] Generated .bloop\gatlingtest.json
2023.08.16 18:37:58 INFO  [success] Generated .bloop\gatlingtest-test.json
2023.08.16 18:37:58 INFO  [success] Generated .bloop\gatlingtest-it.json
2023.08.16 18:37:58 INFO  [success] Total time: 0 s, completed 16.08.2023 18:37:58
2023.08.16 18:37:58 INFO  time: ran 'sbt bloopInstall' in 4.55s
2023.08.16 18:37:58 INFO  Disconnecting from Bloop session...
2023.08.16 18:37:58 INFO  Shut down connection with build server.
2023.08.16 18:37:58 INFO  Shut down connection with build server.
2023.08.16 18:37:58 INFO  Shut down connection with build server.
2023.08.16 18:37:58 INFO  Attempting to connect to the build server...
2023.08.16 18:37:58 INFO  Bloop uses C:\Program Files\Java\jdk1.8.0_341 defined at C:\Users\User\.bloop\bloop.json
2023.08.16 18:37:58 INFO  tracing is disabled for protocol BSP, to enable tracing of incoming and outgoing JSON messages create an empty file at E:\Extension\Projects\gatlingTest\.metals\bsp.trace.json or C:\Users\User\AppData\Local\scalameta\metals\cache\bsp.trace.json
2023.08.16 18:37:58 INFO  Attempting to connect to the build server...
2023.08.16 18:37:58 INFO  Bloop uses C:\Program Files\Java\jdk1.8.0_341 defined at C:\Users\User\.bloop\bloop.json
2023.08.16 18:37:58 INFO  Attempting to connect to the build server...
2023.08.16 18:37:58 INFO  Bloop uses C:\Program Files\Java\jdk1.8.0_341 defined at C:\Users\User\.bloop\bloop.json
2023.08.16 18:37:58 INFO  tracing is disabled for protocol BSP, to enable tracing of incoming and outgoing JSON messages create an empty file at E:\Extension\Projects\gatlingTest\project\.metals\bsp.trace.json or C:\Users\User\AppData\Local\scalameta\metals\cache\bsp.trace.json
2023.08.16 18:37:58 INFO  tracing is disabled for protocol BSP, to enable tracing of incoming and outgoing JSON messages create an empty file at E:\Extension\Projects\gatlingTest\project\project\.metals\bsp.trace.json or C:\Users\User\AppData\Local\scalameta\metals\cache\bsp.trace.json
2023.08.16 18:37:58 INFO  time: Connected to build server in 64ms
2023.08.16 18:37:58 INFO  Connected to Build server: Bloop v1.5.8
2023.08.16 18:37:59 INFO  time: indexed workspace in 0.69s
2023.08.16 18:41:41 INFO  compiling gatlingtest-test (1 scala source)
2023.08.16 18:41:41 INFO  time: compiled gatlingtest-test in 0.19s
2023.08.16 18:41:53 INFO  compiling gatlingtest-test (1 scala source)
2023.08.16 18:41:53 INFO  time: compiled gatlingtest-test in 0.16s
2023.08.16 18:41:59 INFO  compiling gatlingtest-test (1 scala source)
2023.08.16 18:41:59 INFO  time: compiled gatlingtest-test in 0.15s
2023.08.16 18:42:01 INFO  compiling gatlingtest-test (1 scala source)
2023.08.16 18:42:01 INFO  time: compiled gatlingtest-test in 0.13s
2023.08.16 18:42:07 INFO  compiling gatlingtest-test (1 scala source)
2023.08.16 18:42:07 INFO  time: compiled gatlingtest-test in 0.43s
2023.08.16 18:42:09 INFO  compiling gatlingtest-test (1 scala source)
2023.08.16 18:42:09 INFO  time: compiled gatlingtest-test in 0.81s
2023.08.16 18:43:38 INFO  compiling gatlingtest-test (1 scala source)
2023.08.16 18:43:38 INFO  time: compiled gatlingtest-test in 0.7s
рту 16, 2023 6:43:49 PM org.eclipse.lsp4j.jsonrpc.RemoteEndpoint handleCancellation
WARNING: Unmatched cancel notification for request id 504
2023.08.16 18:43:56 INFO  compiling gatlingtest-test (1 scala source)
2023.08.16 18:43:56 INFO  time: compiled gatlingtest-test in 0.67s
2023.08.16 18:44:01 INFO  compiling gatlingtest-test (1 scala source)
2023.08.16 18:44:01 INFO  time: compiled gatlingtest-test in 0.62s
2023.08.16 18:52:53 INFO  compiling gatlingtest-test (1 scala source)
2023.08.16 18:52:53 INFO  time: compiled gatlingtest-test in 0.8s
2023.08.16 19:55:05 INFO  Shutting down server
2023.08.16 19:55:05 INFO  shutting down Metals
2023.08.16 19:55:05 INFO  Shut down connection with build server.
2023.08.16 19:55:05 INFO  Shut down connection with build server.
2023.08.16 19:55:05 INFO  Shut down connection with build server.
2023.08.16 19:55:05 INFO  Exiting server
2023.08.17 11:12:42 INFO  Started: Metals version 1.0.0 in folders 'E:\Extension\Projects\gatlingTest' for client Visual Studio Code 1.81.1.
рту 17, 2023 11:12:42 AM org.flywaydb.core.internal.license.VersionPrinter printVersionOnly
INFO: Flyway Community Edition 9.20.1 by Redgate
рту 17, 2023 11:12:42 AM org.flywaydb.core.internal.license.VersionPrinter printVersion
INFO: See release notes here: https://rd.gt/416ObMi
рту 17, 2023 11:12:42 AM org.flywaydb.core.internal.license.VersionPrinter printVersion
INFO: 
рту 17, 2023 11:12:42 AM org.flywaydb.core.internal.database.base.BaseDatabaseType createDatabase
INFO: Database: jdbc:h2:file:E:\Extension\Projects\gatlingTest\.metals\metals (H2 2.1)
рту 17, 2023 11:12:42 AM org.flywaydb.core.internal.command.DbValidate validate
INFO: Successfully validated 4 migrations (execution time 00:00.012s)
рту 17, 2023 11:12:42 AM org.flywaydb.core.internal.command.DbMigrate migrateGroup
INFO: Current version of schema "PUBLIC": 4
рту 17, 2023 11:12:42 AM org.flywaydb.core.internal.command.DbMigrate logSummary
INFO: Schema "PUBLIC" is up to date. No migration necessary.
2023.08.17 11:12:42 INFO  time: initialize in 0.67s
2023.08.17 11:12:43 INFO  Attempting to connect to the build server...
2023.08.17 11:12:43 INFO  Bloop uses C:\Program Files\Java\jdk1.8.0_341 defined at C:\Users\User\.bloop\bloop.json
2023.08.17 11:12:43 INFO  skipping build import with status 'Installed'
2023.08.17 11:12:45 INFO  no build target found for E:\Extension\Projects\gatlingTest\src\test\scala\kindegarden\HttpSimulation.scala. Using presentation compiler with project's scala-library version: 3.3.0
2023.08.17 11:12:47 INFO  tracing is disabled for protocol BSP, to enable tracing of incoming and outgoing JSON messages create an empty file at E:\Extension\Projects\gatlingTest\.metals\bsp.trace.json or C:\Users\User\AppData\Local\scalameta\metals\cache\bsp.trace.json
2023.08.17 11:12:47 INFO  time: code lens generation in 4.13s
2023.08.17 11:12:47 INFO  Attempting to connect to the build server...
2023.08.17 11:12:47 INFO  Bloop uses C:\Program Files\Java\jdk1.8.0_341 defined at C:\Users\User\.bloop\bloop.json
2023.08.17 11:12:47 INFO  Attempting to connect to the build server...
2023.08.17 11:12:47 INFO  Bloop uses C:\Program Files\Java\jdk1.8.0_341 defined at C:\Users\User\.bloop\bloop.json
2023.08.17 11:12:47 INFO  tracing is disabled for protocol BSP, to enable tracing of incoming and outgoing JSON messages create an empty file at E:\Extension\Projects\gatlingTest\project\.metals\bsp.trace.json or C:\Users\User\AppData\Local\scalameta\metals\cache\bsp.trace.json
2023.08.17 11:12:47 INFO  tracing is disabled for protocol BSP, to enable tracing of incoming and outgoing JSON messages create an empty file at E:\Extension\Projects\gatlingTest\project\project\.metals\bsp.trace.json or C:\Users\User\AppData\Local\scalameta\metals\cache\bsp.trace.json
2023.08.17 11:12:47 INFO  time: Connected to build server in 4.34s
2023.08.17 11:12:47 INFO  Connected to Build server: Bloop v1.5.8
2023.08.17 11:12:47 INFO  time: Imported build in 0.11s
2023.08.17 11:12:49 INFO  time: indexed workspace in 1.34s
2023.08.17 11:28:09 INFO  compiling gatlingtest-test (1 scala source)
2023.08.17 11:28:12 INFO  time: compiled gatlingtest-test in 2.79s
2023.08.17 11:29:47 INFO  compiling gatlingtest-test (1 scala source)
2023.08.17 11:29:47 INFO  file:///E:/Extension/Projects/gatlingTest/src/test/scala/kindegarden/HttpSimulation.scala:62:131: stale bloop error: unclosed multi-line string literal
                                .body(StringBody(""" {"created_at": "#{response_time}", "model": {"type": "json", "value": """"}} """))
                                                                                                                                  ^
2023.08.17 11:29:47 INFO  file:///E:/Extension/Projects/gatlingTest/src/test/scala/kindegarden/HttpSimulation.scala:62:131: stale bloop error: unclosed multi-line string literal
                                .body(StringBody(""" {"created_at": "#{response_time}", "model": {"type": "json", "value": """"}} """))
                                                                                                                                  ^
2023.08.17 11:29:47 INFO  file:///E:/Extension/Projects/gatlingTest/src/test/scala/kindegarden/HttpSimulation.scala:62:128: stale bloop error: ')' expected but '}' found.
                                .body(StringBody(""" {"created_at": "#{response_time}", "model": {"type": "json", "value": """"}} """))
                                                                                                                               ^
2023.08.17 11:29:47 INFO  file:///E:/Extension/Projects/gatlingTest/src/test/scala/kindegarden/HttpSimulation.scala:79:2: stale bloop error: '}' expected but eof found.
}
 ^
2023.08.17 11:29:47 INFO  time: compiled gatlingtest-test in 0.19s
2023.08.17 11:29:48 INFO  file:///E:/Extension/Projects/gatlingTest/src/test/scala/kindegarden/HttpSimulation.scala:62:131: stale bloop error: unclosed multi-line string literal
                                .body(StringBody(""" {"created_at": "#{response_time}", "model": {"type": "json", "value": """"}} """))
                                                                                                                                  ^
2023.08.17 11:29:48 INFO  file:///E:/Extension/Projects/gatlingTest/src/test/scala/kindegarden/HttpSimulation.scala:62:128: stale bloop error: ')' expected but '}' found.
                                .body(StringBody(""" {"created_at": "#{response_time}", "model": {"type": "json", "value": """"}} """))
                                                                                                                               ^
2023.08.17 11:29:48 INFO  file:///E:/Extension/Projects/gatlingTest/src/test/scala/kindegarden/HttpSimulation.scala:79:2: stale bloop error: '}' expected but eof found.
}
 ^
2023.08.17 11:29:48 INFO  file:///E:/Extension/Projects/gatlingTest/src/test/scala/kindegarden/HttpSimulation.scala:62:131: stale bloop error: unclosed multi-line string literal
                                .body(StringBody(""" {"created_at": "#{response_time}", "model": {"type": "json", "value": """"}} """))
                                                                                                                                  ^
2023.08.17 11:29:48 INFO  file:///E:/Extension/Projects/gatlingTest/src/test/scala/kindegarden/HttpSimulation.scala:62:128: stale bloop error: ')' expected but '}' found.
                                .body(StringBody(""" {"created_at": "#{response_time}", "model": {"type": "json", "value": """"}} """))
                                                                                                                               ^
2023.08.17 11:29:48 INFO  file:///E:/Extension/Projects/gatlingTest/src/test/scala/kindegarden/HttpSimulation.scala:79:2: stale bloop error: '}' expected but eof found.
}
 ^
2023.08.17 11:29:50 INFO  file:///E:/Extension/Projects/gatlingTest/src/test/scala/kindegarden/HttpSimulation.scala:62:131: stale bloop error: unclosed multi-line string literal
                                .body(StringBody(""" {"created_at": "#{response_time}", "model": {"type": "json", "value": """"}} """))
                                                                                                                                  ^
2023.08.17 11:29:50 INFO  file:///E:/Extension/Projects/gatlingTest/src/test/scala/kindegarden/HttpSimulation.scala:62:128: stale bloop error: ')' expected but '}' found.
                                .body(StringBody(""" {"created_at": "#{response_time}", "model": {"type": "json", "value": """"}} """))
                                                                                                                               ^
2023.08.17 11:29:50 INFO  file:///E:/Extension/Projects/gatlingTest/src/test/scala/kindegarden/HttpSimulation.scala:79:2: stale bloop error: '}' expected but eof found.
}
 ^
2023.08.17 11:29:50 INFO  file:///E:/Extension/Projects/gatlingTest/src/test/scala/kindegarden/HttpSimulation.scala:62:131: stale bloop error: unclosed multi-line string literal
                                .body(StringBody(""" {"created_at": "#{response_time}", "model": {"type": "json", "value": """"}} """))
                                                                                                                                  ^
2023.08.17 11:29:50 INFO  file:///E:/Extension/Projects/gatlingTest/src/test/scala/kindegarden/HttpSimulation.scala:62:128: stale bloop error: ')' expected but '}' found.
                                .body(StringBody(""" {"created_at": "#{response_time}", "model": {"type": "json", "value": """"}} """))
                                                                                                                               ^
2023.08.17 11:29:50 INFO  file:///E:/Extension/Projects/gatlingTest/src/test/scala/kindegarden/HttpSimulation.scala:79:2: stale bloop error: '}' expected but eof found.
}
 ^
2023.08.17 11:29:50 INFO  file:///E:/Extension/Projects/gatlingTest/src/test/scala/kindegarden/HttpSimulation.scala:62:131: stale bloop error: unclosed multi-line string literal
                                .body(StringBody(""" {"created_at": "#{response_time}", "model": {"type": "json", "value": """"}} """))
                                                                                                                                  ^
2023.08.17 11:29:50 INFO  file:///E:/Extension/Projects/gatlingTest/src/test/scala/kindegarden/HttpSimulation.scala:62:128: stale bloop error: ')' expected but '}' found.
                                .body(StringBody(""" {"created_at": "#{response_time}", "model": {"type": "json", "value": """"}} """))
                                                                                                                               ^
2023.08.17 11:29:50 INFO  file:///E:/Extension/Projects/gatlingTest/src/test/scala/kindegarden/HttpSimulation.scala:79:2: stale bloop error: '}' expected but eof found.
}
 ^
2023.08.17 11:29:51 INFO  file:///E:/Extension/Projects/gatlingTest/src/test/scala/kindegarden/HttpSimulation.scala:62:131: stale bloop error: unclosed multi-line string literal
                                .body(StringBody(""" {"created_at": "#{response_time}", "model": {"type": "json", "value": """"}} """))
                                                                                                                                  ^
2023.08.17 11:29:51 INFO  file:///E:/Extension/Projects/gatlingTest/src/test/scala/kindegarden/HttpSimulation.scala:62:128: stale bloop error: ')' expected but '}' found.
                                .body(StringBody(""" {"created_at": "#{response_time}", "model": {"type": "json", "value": """"}} """))
                                                                                                                               ^
2023.08.17 11:29:51 INFO  file:///E:/Extension/Projects/gatlingTest/src/test/scala/kindegarden/HttpSimulation.scala:79:2: stale bloop error: '}' expected but eof found.
}
 ^
2023.08.17 11:29:52 INFO  file:///E:/Extension/Projects/gatlingTest/src/test/scala/kindegarden/HttpSimulation.scala:62:131: stale bloop error: unclosed multi-line string literal
                                .body(StringBody(""" {"created_at": "#{response_time}", "model": {"type": "json", "value": """"}} """))
                                                                                                                                  ^
2023.08.17 11:29:52 INFO  file:///E:/Extension/Projects/gatlingTest/src/test/scala/kindegarden/HttpSimulation.scala:62:128: stale bloop error: ')' expected but '}' found.
                                .body(StringBody(""" {"created_at": "#{response_time}", "model": {"type": "json", "value": """"}} """))
                                                                                                                               ^
2023.08.17 11:29:52 INFO  file:///E:/Extension/Projects/gatlingTest/src/test/scala/kindegarden/HttpSimulation.scala:79:2: stale bloop error: '}' expected but eof found.
}
 ^
2023.08.17 11:29:52 INFO  file:///E:/Extension/Projects/gatlingTest/src/test/scala/kindegarden/HttpSimulation.scala:62:131: stale bloop error: unclosed multi-line string literal
                                .body(StringBody(""" {"created_at": "#{response_time}", "model": {"type": "json", "value": """"}} """))
                                                                                                                                  ^
2023.08.17 11:29:52 INFO  file:///E:/Extension/Projects/gatlingTest/src/test/scala/kindegarden/HttpSimulation.scala:62:128: stale bloop error: ')' expected but '}' found.
                                .body(StringBody(""" {"created_at": "#{response_time}", "model": {"type": "json", "value": """"}} """))
                                                                                                                               ^
2023.08.17 11:29:52 INFO  file:///E:/Extension/Projects/gatlingTest/src/test/scala/kindegarden/HttpSimulation.scala:79:2: stale bloop error: '}' expected but eof found.
}
 ^
2023.08.17 11:30:46 INFO  compiling gatlingtest-test (1 scala source)
2023.08.17 11:30:46 INFO  time: compiled gatlingtest-test in 0.86s
рту 17, 2023 11:31:02 AM org.eclipse.lsp4j.jsonrpc.RemoteEndpoint handleCancellation
WARNING: Unmatched cancel notification for request id 141
2023.08.17 11:31:07 INFO  compiling gatlingtest-test (1 scala source)
2023.08.17 11:31:07 INFO  time: compiled gatlingtest-test in 0.37s
2023.08.17 11:31:41 INFO  compiling gatlingtest-test (1 scala source)
2023.08.17 11:31:41 INFO  time: compiled gatlingtest-test in 0.29s
2023.08.17 11:31:45 INFO  compiling gatlingtest-test (1 scala source)
2023.08.17 11:31:45 INFO  time: compiled gatlingtest-test in 0.29s
2023.08.17 11:31:47 INFO  compiling gatlingtest-test (1 scala source)
2023.08.17 11:31:47 INFO  time: compiled gatlingtest-test in 0.25s
2023.08.17 11:33:50 INFO  compiling gatlingtest-test (1 scala source)
2023.08.17 11:33:50 INFO  time: compiled gatlingtest-test in 0.24s
рту 17, 2023 11:33:54 AM org.eclipse.lsp4j.jsonrpc.RemoteEndpoint handleCancellation
WARNING: Unmatched cancel notification for request id 290
2023.08.17 11:33:59 INFO  compiling gatlingtest-test (1 scala source)
2023.08.17 11:33:59 INFO  time: compiled gatlingtest-test in 0.24s
2023.08.17 11:34:04 INFO  compiling gatlingtest-test (1 scala source)
2023.08.17 11:34:04 INFO  time: compiled gatlingtest-test in 0.23s
2023.08.17 11:34:10 INFO  compiling gatlingtest-test (1 scala source)
2023.08.17 11:34:10 INFO  time: compiled gatlingtest-test in 0.23s
2023.08.17 11:34:13 INFO  compiling gatlingtest-test (1 scala source)
2023.08.17 11:34:13 INFO  time: compiled gatlingtest-test in 0.23s
2023.08.17 11:34:29 INFO  compiling gatlingtest-test (1 scala source)
2023.08.17 11:34:29 INFO  time: compiled gatlingtest-test in 0.22s
рту 17, 2023 11:34:32 AM org.eclipse.lsp4j.jsonrpc.RemoteEndpoint fallbackResponseError
SEVERE: Internal error: java.lang.UnsupportedOperationException: tail of empty list
java.util.concurrent.CompletionException: java.lang.UnsupportedOperationException: tail of empty list
	at java.util.concurrent.CompletableFuture.encodeThrowable(CompletableFuture.java:292)
	at java.util.concurrent.CompletableFuture.completeThrowable(CompletableFuture.java:308)
	at java.util.concurrent.CompletableFuture.uniAccept(CompletableFuture.java:661)
	at java.util.concurrent.CompletableFuture$UniAccept.tryFire(CompletableFuture.java:646)
	at java.util.concurrent.CompletableFuture.postComplete(CompletableFuture.java:488)
	at java.util.concurrent.CompletableFuture.completeExceptionally(CompletableFuture.java:1990)
	at scala.meta.internal.metals.CancelTokens$.$anonfun$future$1(CancelTokens.scala:40)
	at scala.meta.internal.metals.CancelTokens$.$anonfun$future$1$adapted(CancelTokens.scala:38)
	at scala.concurrent.impl.Promise$Transformation.run(Promise.scala:484)
	at java.util.concurrent.ThreadPoolExecutor.runWorker(ThreadPoolExecutor.java:1149)
	at java.util.concurrent.ThreadPoolExecutor$Worker.run(ThreadPoolExecutor.java:624)
	at java.lang.Thread.run(Thread.java:750)
Caused by: java.lang.UnsupportedOperationException: tail of empty list
	at scala.collection.immutable.Nil$.tail(List.scala:664)
	at scala.collection.immutable.Nil$.tail(List.scala:661)
	at scala.meta.internal.metals.codeactions.CreateCompanionObjectCodeAction.$anonfun$endPosOfTree$1(CreateCompanionObjectCodeAction.scala:77)
	at scala.Option.flatMap(Option.scala:283)
	at scala.meta.internal.metals.codeactions.CreateCompanionObjectCodeAction.endPosOfTree(CreateCompanionObjectCodeAction.scala:75)
	at scala.meta.internal.metals.codeactions.CreateCompanionObjectCodeAction.$anonfun$contribute$5(CreateCompanionObjectCodeAction.scala:61)
	at scala.Option.map(Option.scala:242)
	at scala.meta.internal.metals.codeactions.CreateCompanionObjectCodeAction.$anonfun$contribute$4(CreateCompanionObjectCodeAction.scala:58)
	at scala.Option$WithFilter.flatMap(Option.scala:283)
	at scala.meta.internal.metals.codeactions.CreateCompanionObjectCodeAction.$anonfun$contribute$2(CreateCompanionObjectCodeAction.scala:56)
	at scala.Option.flatMap(Option.scala:283)
	at scala.meta.internal.metals.codeactions.CreateCompanionObjectCodeAction.$anonfun$contribute$1(CreateCompanionObjectCodeAction.scala:55)
	at scala.concurrent.Future$.$anonfun$apply$1(Future.scala:687)
	at scala.concurrent.impl.Promise$Transformation.run(Promise.scala:467)
	... 3 more

2023.08.17 11:34:32 INFO  compiling gatlingtest-test (1 scala source)
2023.08.17 11:34:32 INFO  time: compiled gatlingtest-test in 0.24s
2023.08.17 11:34:35 INFO  compiling gatlingtest-test (1 scala source)
2023.08.17 11:34:35 INFO  time: compiled gatlingtest-test in 0.2s
2023.08.17 11:34:37 INFO  compiling gatlingtest-test (1 scala source)
2023.08.17 11:34:37 INFO  time: compiled gatlingtest-test in 0.21s
2023.08.17 11:34:46 INFO  compiling gatlingtest-test (1 scala source)
2023.08.17 11:34:46 INFO  time: compiled gatlingtest-test in 0.22s
2023.08.17 11:35:29 INFO  compiling gatlingtest-test (1 scala source)
2023.08.17 11:35:29 INFO  time: compiled gatlingtest-test in 0.2s
2023.08.17 11:35:32 INFO  compiling gatlingtest-test (1 scala source)
2023.08.17 11:35:32 INFO  time: compiled gatlingtest-test in 0.66s
2023.08.17 11:35:49 INFO  compiling gatlingtest-test (1 scala source)
2023.08.17 11:35:49 INFO  time: compiled gatlingtest-test in 0.6s
2023.08.17 11:36:05 INFO  compiling gatlingtest-test (1 scala source)
2023.08.17 11:36:05 INFO  time: compiled gatlingtest-test in 0.59s
2023.08.17 11:36:19 INFO  compiling gatlingtest-test (1 scala source)
2023.08.17 11:36:19 INFO  time: compiled gatlingtest-test in 0.19s
2023.08.17 11:36:46 INFO  compiling gatlingtest-test (1 scala source)
2023.08.17 11:36:46 INFO  time: compiled gatlingtest-test in 0.75s
2023.08.17 11:37:05 INFO  compiling gatlingtest-test (1 scala source)
2023.08.17 11:37:05 INFO  time: compiled gatlingtest-test in 0.63s
2023.08.17 11:38:18 INFO  compiling gatlingtest-test (1 scala source)
2023.08.17 11:38:18 INFO  time: compiled gatlingtest-test in 0.2s
2023.08.17 11:38:20 WARN  Could not load snapshot text for E:\Extension\Projects\gatlingTest\src\test\scala\kindegarden\HttpSimulation.scala
2023.08.17 11:38:21 INFO  compiling gatlingtest-test (1 scala source)
2023.08.17 11:38:21 INFO  time: compiled gatlingtest-test in 0.2s
2023.08.17 11:38:23 WARN  Could not load snapshot text for E:\Extension\Projects\gatlingTest\src\test\scala\kindegarden\HttpSimulation.scala
2023.08.17 11:38:26 WARN  Could not load snapshot text for E:\Extension\Projects\gatlingTest\src\test\scala\kindegarden\HttpSimulation.scala
2023.08.17 11:38:28 WARN  Could not load snapshot text for E:\Extension\Projects\gatlingTest\src\test\scala\kindegarden\HttpSimulation.scala
2023.08.17 11:38:29 WARN  Could not load snapshot text for E:\Extension\Projects\gatlingTest\src\test\scala\kindegarden\HttpSimulation.scala
2023.08.17 11:38:30 WARN  Could not load snapshot text for E:\Extension\Projects\gatlingTest\src\test\scala\kindegarden\HttpSimulation.scala
2023.08.17 11:38:30 INFO  compiling gatlingtest-test (1 scala source)
2023.08.17 11:38:30 INFO  time: compiled gatlingtest-test in 0.57s
2023.08.17 11:38:36 INFO  compiling gatlingtest-test (1 scala source)
2023.08.17 11:38:36 INFO  time: compiled gatlingtest-test in 0.57s
2023.08.17 11:39:18 INFO  compiling gatlingtest-test (1 scala source)
2023.08.17 11:39:18 INFO  time: compiled gatlingtest-test in 0.12s
2023.08.17 11:39:26 INFO  compiling gatlingtest-test (1 scala source)
2023.08.17 11:39:26 INFO  time: compiled gatlingtest-test in 0.13s
2023.08.17 11:39:28 INFO  compiling gatlingtest-test (1 scala source)
2023.08.17 11:39:28 INFO  time: compiled gatlingtest-test in 0.11s
2023.08.17 11:39:58 INFO  compiling gatlingtest-test (1 scala source)
2023.08.17 11:39:58 INFO  time: compiled gatlingtest-test in 0.56s
2023.08.17 11:40:01 INFO  compiling gatlingtest-test (1 scala source)
2023.08.17 11:40:01 INFO  time: compiled gatlingtest-test in 0.58s
2023.08.17 11:40:03 INFO  compiling gatlingtest-test (1 scala source)
2023.08.17 11:40:04 WARN  Could not load snapshot text for E:\Extension\Projects\gatlingTest\src\test\scala\kindegarden\HttpSimulation.scala
2023.08.17 11:40:03 INFO  time: compiled gatlingtest-test in 0.55s
2023.08.17 11:41:01 INFO  compiling gatlingtest-test (1 scala source)
2023.08.17 11:41:01 INFO  time: compiled gatlingtest-test in 0.12s
2023.08.17 11:41:03 INFO  compiling gatlingtest-test (1 scala source)
2023.08.17 11:41:03 INFO  time: compiled gatlingtest-test in 0.12s
2023.08.17 11:41:06 INFO  compiling gatlingtest-test (1 scala source)
2023.08.17 11:41:06 INFO  time: compiled gatlingtest-test in 0.11s
2023.08.17 11:41:13 INFO  compiling gatlingtest-test (1 scala source)
2023.08.17 11:41:13 INFO  time: compiled gatlingtest-test in 0.14s
2023.08.17 11:41:15 INFO  compiling gatlingtest-test (1 scala source)
2023.08.17 11:41:15 INFO  time: compiled gatlingtest-test in 0.12s
2023.08.17 11:41:17 INFO  compiling gatlingtest-test (1 scala source)
2023.08.17 11:41:17 INFO  time: compiled gatlingtest-test in 0.12s
2023.08.17 11:41:30 INFO  compiling gatlingtest-test (1 scala source)
рту 17, 2023 11:41:30 AM org.eclipse.lsp4j.jsonrpc.RemoteEndpoint fallbackResponseError
SEVERE: Internal error: java.nio.file.FileSystemNotFoundException: C:\Program%2520Files\Java\jdk1.8.0_341\src.zip
java.util.concurrent.CompletionException: java.nio.file.FileSystemNotFoundException: C:\Program%2520Files\Java\jdk1.8.0_341\src.zip
	at java.util.concurrent.CompletableFuture.encodeThrowable(CompletableFuture.java:292)
	at java.util.concurrent.CompletableFuture.completeThrowable(CompletableFuture.java:308)
	at java.util.concurrent.CompletableFuture.uniAccept(CompletableFuture.java:661)
	at java.util.concurrent.CompletableFuture$UniAccept.tryFire(CompletableFuture.java:646)
	at java.util.concurrent.CompletableFuture.postComplete(CompletableFuture.java:488)
	at java.util.concurrent.CompletableFuture.completeExceptionally(CompletableFuture.java:1990)
	at scala.meta.internal.metals.CancelTokens$.$anonfun$future$1(CancelTokens.scala:40)
	at scala.meta.internal.metals.CancelTokens$.$anonfun$future$1$adapted(CancelTokens.scala:38)
	at scala.concurrent.impl.Promise$Transformation.run(Promise.scala:484)
	at java.util.concurrent.ThreadPoolExecutor.runWorker(ThreadPoolExecutor.java:1149)
	at java.util.concurrent.ThreadPoolExecutor$Worker.run(ThreadPoolExecutor.java:624)
	at java.lang.Thread.run(Thread.java:750)
Caused by: java.nio.file.FileSystemNotFoundException: C:\Program%2520Files\Java\jdk1.8.0_341\src.zip
	at com.sun.nio.zipfs.ZipFileSystem.<init>(ZipFileSystem.java:120)
	at com.sun.nio.zipfs.ZipFileSystemProvider.newFileSystem(ZipFileSystemProvider.java:117)
	at java.nio.file.FileSystems.newFileSystem(FileSystems.java:326)
	at java.nio.file.FileSystems.newFileSystem(FileSystems.java:276)
	at scala.meta.internal.io.PlatformFileIO$.newFileSystem(PlatformFileIO.scala:104)
	at scala.meta.internal.mtags.MtagsEnrichments$XtensionURIMtags.toAbsolutePath(MtagsEnrichments.scala:126)
	at scala.meta.internal.mtags.MtagsEnrichments$XtensionStringMtags.$anonfun$toAbsolutePath$4(MtagsEnrichments.scala:179)
	at scala.meta.internal.mtags.MtagsEnrichments$XtensionStringMtags.withTryDecode$1(MtagsEnrichments.scala:158)
	at scala.meta.internal.mtags.MtagsEnrichments$XtensionStringMtags.toAbsolutePath(MtagsEnrichments.scala:179)
	at scala.meta.internal.metals.MetalsEnrichments$XtensionString.toAbsolutePath(MetalsEnrichments.scala:631)
	at scala.meta.internal.metals.MetalsEnrichments$XtensionString.toAbsolutePath(MetalsEnrichments.scala:628)
	at scala.meta.internal.metals.Compilers.$anonfun$definition$3(Compilers.scala:696)
	at scala.meta.internal.metals.MetalsEnrichments$XtensionJavaList.map(MetalsEnrichments.scala:236)
	at scala.meta.internal.metals.Compilers.$anonfun$definition$2(Compilers.scala:695)
	at scala.concurrent.impl.Promise$Transformation.run(Promise.scala:467)
	... 3 more

2023.08.17 11:41:30 INFO  time: compiled gatlingtest-test in 0.2s
2023.08.17 11:41:34 INFO  compiling gatlingtest-test (1 scala source)
2023.08.17 11:41:34 INFO  time: compiled gatlingtest-test in 0.17s
2023.08.17 11:41:38 INFO  compiling gatlingtest-test (1 scala source)
2023.08.17 11:41:38 INFO  time: compiled gatlingtest-test in 0.18s
2023.08.17 11:41:56 INFO  compiling gatlingtest-test (1 scala source)
2023.08.17 11:41:56 INFO  time: compiled gatlingtest-test in 0.19s
2023.08.17 11:41:59 INFO  compiling gatlingtest-test (1 scala source)
2023.08.17 11:41:59 INFO  time: compiled gatlingtest-test in 0.18s
2023.08.17 11:42:07 INFO  compiling gatlingtest-test (1 scala source)
2023.08.17 11:42:07 INFO  time: compiled gatlingtest-test in 0.18s
2023.08.17 11:42:13 INFO  compiling gatlingtest-test (1 scala source)
2023.08.17 11:42:13 INFO  time: compiled gatlingtest-test in 0.17s
2023.08.17 11:42:18 INFO  compiling gatlingtest-test (1 scala source)
2023.08.17 11:42:18 INFO  time: compiled gatlingtest-test in 0.18s
2023.08.17 11:42:28 INFO  compiling gatlingtest-test (1 scala source)
2023.08.17 11:42:28 INFO  time: compiled gatlingtest-test in 0.59s
2023.08.17 11:42:57 INFO  compiling gatlingtest-test (1 scala source)
2023.08.17 11:42:57 INFO  time: compiled gatlingtest-test in 0.57s
2023.08.17 11:43:19 INFO  compiling gatlingtest-test (1 scala source)
2023.08.17 11:43:19 INFO  time: compiled gatlingtest-test in 0.75s
2023.08.17 11:48:16 INFO  compiling gatlingtest-test (1 scala source)
2023.08.17 11:48:16 INFO  time: compiled gatlingtest-test in 0.57s
2023.08.17 11:48:50 INFO  compiling gatlingtest-test (1 scala source)
2023.08.17 11:48:50 INFO  time: compiled gatlingtest-test in 0.19s
2023.08.17 11:48:55 INFO  compiling gatlingtest-test (1 scala source)
2023.08.17 11:48:55 INFO  time: compiled gatlingtest-test in 0.17s
рту 17, 2023 11:49:06 AM org.eclipse.lsp4j.jsonrpc.RemoteEndpoint handleCancellation
WARNING: Unmatched cancel notification for request id 1316
2023.08.17 11:49:09 INFO  file:///E:/Extension/Projects/gatlingTest/src/test/scala/kindegarden/HttpSimulation.scala:63:39: stale bloop error: value fileName is not a member of io.gatling.core.body.BodyWithBytesExpression
                                .body(ByteArrayBody(session => Base64.getDecoder.decode(session("img.jpeg").as[String])).fileName("img.jpeg"))
                                      ^^^^^^^^^^^^^^^^^^^^^^^^^^^^^^^^^^^^^^^^^^^^^^^^^^^^^^^^^^^^^^^^^^^^^^^^^^^^^^^^^^^^^^^^^^^
2023.08.17 11:49:09 INFO  file:///E:/Extension/Projects/gatlingTest/src/test/scala/kindegarden/HttpSimulation.scala:63:39: stale bloop error: value fileName is not a member of io.gatling.core.body.BodyWithBytesExpression
                                .body(ByteArrayBody(session => Base64.getDecoder.decode(session("img.jpeg").as[String])).fileName("img.jpeg"))
                                      ^^^^^^^^^^^^^^^^^^^^^^^^^^^^^^^^^^^^^^^^^^^^^^^^^^^^^^^^^^^^^^^^^^^^^^^^^^^^^^^^^^^^^^^^^^^
2023.08.17 11:49:16 INFO  compiling gatlingtest-test (1 scala source)
2023.08.17 11:49:16 INFO  time: compiled gatlingtest-test in 0.18s
2023.08.17 11:50:12 INFO  compiling gatlingtest-test (1 scala source)
2023.08.17 11:50:12 INFO  time: compiled gatlingtest-test in 0.2s
2023.08.17 11:50:30 INFO  compiling gatlingtest-test (1 scala source)
2023.08.17 11:50:30 INFO  time: compiled gatlingtest-test in 0.18s
2023.08.17 11:50:36 INFO  compiling gatlingtest-test (1 scala source)
2023.08.17 11:50:36 INFO  time: compiled gatlingtest-test in 0.18s
2023.08.17 11:50:41 INFO  compiling gatlingtest-test (1 scala source)
2023.08.17 11:50:41 INFO  time: compiled gatlingtest-test in 0.17s
2023.08.17 11:50:43 INFO  compiling gatlingtest-test (1 scala source)
2023.08.17 11:50:43 INFO  time: compiled gatlingtest-test in 0.17s
2023.08.17 11:50:45 INFO  compiling gatlingtest-test (1 scala source)
2023.08.17 11:50:45 INFO  time: compiled gatlingtest-test in 0.18s
2023.08.17 11:51:33 INFO  compiling gatlingtest-test (1 scala source)
2023.08.17 11:51:33 INFO  time: compiled gatlingtest-test in 0.18s
2023.08.17 11:51:39 INFO  compiling gatlingtest-test (1 scala source)
2023.08.17 11:51:39 INFO  time: compiled gatlingtest-test in 0.54s
2023.08.17 11:52:02 INFO  compiling gatlingtest-test (1 scala source)
2023.08.17 11:52:02 INFO  time: compiled gatlingtest-test in 0.18s
2023.08.17 11:52:04 INFO  compiling gatlingtest-test (1 scala source)
2023.08.17 11:52:04 INFO  time: compiled gatlingtest-test in 0.55s
2023.08.17 11:53:42 INFO  compiling gatlingtest-test (1 scala source)
2023.08.17 11:53:42 INFO  time: compiled gatlingtest-test in 0.56s
2023.08.17 11:53:46 INFO  compiling gatlingtest-test (1 scala source)
2023.08.17 11:53:46 INFO  time: compiled gatlingtest-test in 0.17s
2023.08.17 11:53:50 INFO  compiling gatlingtest-test (1 scala source)
2023.08.17 11:53:50 INFO  time: compiled gatlingtest-test in 0.54s
2023.08.17 11:54:02 INFO  compiling gatlingtest-test (1 scala source)
2023.08.17 11:54:02 INFO  time: compiled gatlingtest-test in 0.55s
2023.08.17 11:55:36 INFO  compiling gatlingtest-test (1 scala source)
2023.08.17 11:55:36 INFO  time: compiled gatlingtest-test in 0.2s
2023.08.17 11:55:41 INFO  compiling gatlingtest-test (1 scala source)
2023.08.17 11:55:41 INFO  time: compiled gatlingtest-test in 0.17s
2023.08.17 11:55:43 INFO  compiling gatlingtest-test (1 scala source)
2023.08.17 11:55:43 INFO  time: compiled gatlingtest-test in 0.17s
2023.08.17 11:56:01 INFO  compiling gatlingtest-test (1 scala source)
2023.08.17 11:56:01 INFO  time: compiled gatlingtest-test in 0.54s
2023.08.17 11:56:04 INFO  compiling gatlingtest-test (1 scala source)
2023.08.17 11:56:04 INFO  time: compiled gatlingtest-test in 0.18s
2023.08.17 11:56:06 INFO  compiling gatlingtest-test (1 scala source)
2023.08.17 11:56:06 INFO  time: compiled gatlingtest-test in 0.19s
2023.08.17 11:56:08 INFO  compiling gatlingtest-test (1 scala source)
2023.08.17 11:56:08 INFO  time: compiled gatlingtest-test in 0.17s
2023.08.17 12:27:05 INFO  compiling gatlingtest-test (1 scala source)
2023.08.17 12:27:05 INFO  time: compiled gatlingtest-test in 0.55s
2023.08.17 12:32:33 INFO  compiling gatlingtest-test (1 scala source)
2023.08.17 12:32:33 INFO  time: compiled gatlingtest-test in 0.58s
2023.08.17 12:32:37 INFO  compiling gatlingtest-test (1 scala source)
2023.08.17 12:32:37 WARN  Could not load snapshot text for E:\Extension\Projects\gatlingTest\src\test\scala\kindegarden\HttpSimulation.scala
2023.08.17 12:32:37 INFO  time: compiled gatlingtest-test in 0.56s
2023.08.17 12:44:50 INFO  compiling gatlingtest-test (1 scala source)
2023.08.17 12:44:50 INFO  time: compiled gatlingtest-test in 0.59s
2023.08.17 12:44:55 INFO  compiling gatlingtest-test (1 scala source)
2023.08.17 12:44:55 INFO  time: compiled gatlingtest-test in 0.59s
2023.08.17 12:45:14 INFO  compiling gatlingtest-test (1 scala source)
2023.08.17 12:45:14 INFO  time: compiled gatlingtest-test in 0.75s
2023.08.17 12:45:17 INFO  compiling gatlingtest-test (1 scala source)
2023.08.17 12:45:17 INFO  time: compiled gatlingtest-test in 0.53s
2023.08.17 12:49:19 INFO  compiling gatlingtest-test (1 scala source)
2023.08.17 12:49:19 INFO  time: compiled gatlingtest-test in 0.51s
2023.08.17 12:49:29 INFO  compiling gatlingtest-test (1 scala source)
2023.08.17 12:49:29 INFO  time: compiled gatlingtest-test in 0.53s
2023.08.17 12:49:49 INFO  compiling gatlingtest-test (1 scala source)
2023.08.17 12:49:49 INFO  time: compiled gatlingtest-test in 0.53s
2023.08.17 12:49:58 INFO  compiling gatlingtest-test (1 scala source)
2023.08.17 12:49:58 INFO  time: compiled gatlingtest-test in 0.54s
2023.08.17 16:06:33 INFO  compiling gatlingtest-test (1 scala source)
2023.08.17 16:06:33 INFO  time: compiled gatlingtest-test in 0.56s
2023.08.17 16:06:45 INFO  compiling gatlingtest-test (1 scala source)
2023.08.17 16:06:45 INFO  time: compiled gatlingtest-test in 0.17s
2023.08.17 16:06:50 INFO  compiling gatlingtest-test (1 scala source)
2023.08.17 16:06:50 INFO  time: compiled gatlingtest-test in 0.59s
2023.08.17 16:07:00 INFO  compiling gatlingtest-test (1 scala source)
2023.08.17 16:07:00 INFO  time: compiled gatlingtest-test in 0.54s
2023.08.17 16:07:11 INFO  compiling gatlingtest-test (1 scala source)
2023.08.17 16:07:11 INFO  time: compiled gatlingtest-test in 0.17s
2023.08.17 16:07:38 INFO  compiling gatlingtest-test (1 scala source)
2023.08.17 16:07:38 INFO  time: compiled gatlingtest-test in 0.21s
2023.08.17 16:07:45 INFO  compiling gatlingtest-test (1 scala source)
2023.08.17 16:07:45 INFO  time: compiled gatlingtest-test in 0.17s
2023.08.17 16:07:51 INFO  compiling gatlingtest-test (1 scala source)
2023.08.17 16:07:51 INFO  time: compiled gatlingtest-test in 0.17s
2023.08.17 16:08:12 INFO  compiling gatlingtest-test (1 scala source)
2023.08.17 16:08:12 INFO  time: compiled gatlingtest-test in 0.17s
2023.08.17 16:08:19 INFO  compiling gatlingtest-test (1 scala source)
2023.08.17 16:08:19 INFO  time: compiled gatlingtest-test in 0.57s
2023.08.17 16:08:35 INFO  compiling gatlingtest-test (1 scala source)
2023.08.17 16:08:35 INFO  time: compiled gatlingtest-test in 0.16s
рту 17, 2023 4:10:23 PM org.eclipse.lsp4j.jsonrpc.RemoteEndpoint handleCancellation
WARNING: Unmatched cancel notification for request id 2685
2023.08.17 16:10:44 INFO  compiling gatlingtest-test (1 scala source)
2023.08.17 16:10:44 INFO  time: compiled gatlingtest-test in 0.2s
2023.08.17 16:10:53 INFO  compiling gatlingtest-test (1 scala source)
2023.08.17 16:10:53 INFO  time: compiled gatlingtest-test in 0.17s
2023.08.17 16:11:04 INFO  compiling gatlingtest-test (1 scala source)
2023.08.17 16:11:04 INFO  time: compiled gatlingtest-test in 0.56s
2023.08.17 16:11:11 INFO  compiling gatlingtest-test (1 scala source)
2023.08.17 16:11:11 INFO  time: compiled gatlingtest-test in 0.21s
2023.08.17 16:11:13 WARN  Could not load snapshot text for E:\Extension\Projects\gatlingTest\src\test\scala\kindegarden\HttpSimulation.scala
2023.08.17 16:11:13 INFO  compiling gatlingtest-test (1 scala source)
2023.08.17 16:11:13 INFO  time: compiled gatlingtest-test in 0.17s
2023.08.17 16:11:14 WARN  Could not load snapshot text for E:\Extension\Projects\gatlingTest\src\test\scala\kindegarden\HttpSimulation.scala
2023.08.17 16:11:45 INFO  compiling gatlingtest-test (1 scala source)
2023.08.17 16:11:45 INFO  time: compiled gatlingtest-test in 0.17s
2023.08.17 16:12:11 INFO  compiling gatlingtest-test (1 scala source)
2023.08.17 16:12:11 INFO  time: compiled gatlingtest-test in 0.19s
2023.08.17 16:12:13 INFO  compiling gatlingtest-test (1 scala source)
2023.08.17 16:12:13 INFO  time: compiled gatlingtest-test in 0.16s
2023.08.17 16:12:18 INFO  compiling gatlingtest-test (1 scala source)
2023.08.17 16:12:18 INFO  time: compiled gatlingtest-test in 0.16s
2023.08.17 16:12:21 INFO  compiling gatlingtest-test (1 scala source)
2023.08.17 16:12:21 INFO  time: compiled gatlingtest-test in 0.16s
2023.08.17 16:12:34 INFO  compiling gatlingtest-test (1 scala source)
2023.08.17 16:12:34 INFO  time: compiled gatlingtest-test in 0.18s
рту 17, 2023 4:12:41 PM org.eclipse.lsp4j.jsonrpc.RemoteEndpoint fallbackResponseError
SEVERE: Internal error: java.lang.UnsupportedOperationException: tail of empty list
java.util.concurrent.CompletionException: java.lang.UnsupportedOperationException: tail of empty list
	at java.util.concurrent.CompletableFuture.encodeThrowable(CompletableFuture.java:292)
	at java.util.concurrent.CompletableFuture.completeThrowable(CompletableFuture.java:308)
	at java.util.concurrent.CompletableFuture.uniAccept(CompletableFuture.java:661)
	at java.util.concurrent.CompletableFuture$UniAccept.tryFire(CompletableFuture.java:646)
	at java.util.concurrent.CompletableFuture.postComplete(CompletableFuture.java:488)
	at java.util.concurrent.CompletableFuture.completeExceptionally(CompletableFuture.java:1990)
	at scala.meta.internal.metals.CancelTokens$.$anonfun$future$1(CancelTokens.scala:40)
	at scala.meta.internal.metals.CancelTokens$.$anonfun$future$1$adapted(CancelTokens.scala:38)
	at scala.concurrent.impl.Promise$Transformation.run(Promise.scala:484)
	at java.util.concurrent.ThreadPoolExecutor.runWorker(ThreadPoolExecutor.java:1149)
	at java.util.concurrent.ThreadPoolExecutor$Worker.run(ThreadPoolExecutor.java:624)
	at java.lang.Thread.run(Thread.java:750)
Caused by: java.lang.UnsupportedOperationException: tail of empty list
	at scala.collection.immutable.Nil$.tail(List.scala:664)
	at scala.collection.immutable.Nil$.tail(List.scala:661)
	at scala.meta.internal.metals.codeactions.CreateCompanionObjectCodeAction.$anonfun$endPosOfTree$1(CreateCompanionObjectCodeAction.scala:77)
	at scala.Option.flatMap(Option.scala:283)
	at scala.meta.internal.metals.codeactions.CreateCompanionObjectCodeAction.endPosOfTree(CreateCompanionObjectCodeAction.scala:75)
	at scala.meta.internal.metals.codeactions.CreateCompanionObjectCodeAction.$anonfun$contribute$5(CreateCompanionObjectCodeAction.scala:61)
	at scala.Option.map(Option.scala:242)
	at scala.meta.internal.metals.codeactions.CreateCompanionObjectCodeAction.$anonfun$contribute$4(CreateCompanionObjectCodeAction.scala:58)
	at scala.Option$WithFilter.flatMap(Option.scala:283)
	at scala.meta.internal.metals.codeactions.CreateCompanionObjectCodeAction.$anonfun$contribute$2(CreateCompanionObjectCodeAction.scala:56)
	at scala.Option.flatMap(Option.scala:283)
	at scala.meta.internal.metals.codeactions.CreateCompanionObjectCodeAction.$anonfun$contribute$1(CreateCompanionObjectCodeAction.scala:55)
	at scala.concurrent.Future$.$anonfun$apply$1(Future.scala:687)
	at scala.concurrent.impl.Promise$Transformation.run(Promise.scala:467)
	... 3 more

2023.08.17 16:12:47 INFO  compiling gatlingtest-test (1 scala source)
2023.08.17 16:12:47 INFO  time: compiled gatlingtest-test in 0.16s
2023.08.17 16:12:50 INFO  compiling gatlingtest-test (1 scala source)
2023.08.17 16:12:50 INFO  time: compiled gatlingtest-test in 0.16s
2023.08.17 16:12:53 INFO  compiling gatlingtest-test (1 scala source)
2023.08.17 16:12:53 INFO  time: compiled gatlingtest-test in 0.17s
2023.08.17 16:14:03 INFO  compiling gatlingtest-test (1 scala source)
2023.08.17 16:14:03 INFO  time: compiled gatlingtest-test in 0.55s
2023.08.17 16:14:06 INFO  compiling gatlingtest-test (1 scala source)
2023.08.17 16:14:06 WARN  Could not load snapshot text for E:\Extension\Projects\gatlingTest\src\test\scala\kindegarden\HttpSimulation.scala
2023.08.17 16:14:06 INFO  time: compiled gatlingtest-test in 0.57s
2023.08.17 16:16:40 INFO  compiling gatlingtest-test (1 scala source)
2023.08.17 16:16:40 INFO  time: compiled gatlingtest-test in 0.16s
2023.08.17 16:17:23 INFO  compiling gatlingtest-test (1 scala source)
2023.08.17 16:17:23 INFO  time: compiled gatlingtest-test in 0.57s
2023.08.17 16:17:28 INFO  compiling gatlingtest-test (1 scala source)
2023.08.17 16:17:28 INFO  time: compiled gatlingtest-test in 0.84s
2023.08.17 16:18:15 INFO  compiling gatlingtest-test (1 scala source)
2023.08.17 16:18:15 INFO  time: compiled gatlingtest-test in 0.18s
2023.08.17 16:18:23 INFO  compiling gatlingtest-test (1 scala source)
2023.08.17 16:18:23 INFO  time: compiled gatlingtest-test in 0.17s
2023.08.17 16:18:25 INFO  compiling gatlingtest-test (1 scala source)
2023.08.17 16:18:25 INFO  time: compiled gatlingtest-test in 0.55s
2023.08.17 16:18:32 INFO  compiling gatlingtest-test (1 scala source)
2023.08.17 16:18:32 INFO  time: compiled gatlingtest-test in 0.17s
2023.08.17 16:18:34 INFO  compiling gatlingtest-test (1 scala source)
2023.08.17 16:18:34 INFO  time: compiled gatlingtest-test in 0.17s
2023.08.17 16:18:40 INFO  compiling gatlingtest-test (1 scala source)
2023.08.17 16:18:40 INFO  time: compiled gatlingtest-test in 0.54s
2023.08.17 16:18:49 INFO  compiling gatlingtest-test (1 scala source)
2023.08.17 16:18:49 INFO  time: compiled gatlingtest-test in 0.55s
2023.08.17 16:19:01 INFO  compiling gatlingtest-test (1 scala source)
2023.08.17 16:19:01 INFO  time: compiled gatlingtest-test in 0.52s
2023.08.17 16:19:49 INFO  compiling gatlingtest-test (1 scala source)
2023.08.17 16:19:49 INFO  time: compiled gatlingtest-test in 0.59s
2023.08.17 16:20:06 INFO  compiling gatlingtest-test (1 scala source)
2023.08.17 16:20:06 INFO  time: compiled gatlingtest-test in 0.56s
2023.08.17 17:02:17 INFO  Shutting down server
2023.08.17 17:02:17 INFO  shutting down Metals
2023.08.17 17:02:17 INFO  Shut down connection with build server.
2023.08.17 17:02:17 INFO  Shut down connection with build server.
2023.08.17 17:02:17 INFO  Shut down connection with build server.
2023.08.17 17:02:17 INFO  Exiting server
2023.08.17 18:28:57 INFO  Started: Metals version 1.0.0 in folders 'E:\Extension\Projects\gatlingTest' for client Visual Studio Code 1.81.1.
рту 17, 2023 6:28:57 PM org.flywaydb.core.internal.license.VersionPrinter printVersionOnly
INFO: Flyway Community Edition 9.20.1 by Redgate
рту 17, 2023 6:28:57 PM org.flywaydb.core.internal.license.VersionPrinter printVersion
INFO: See release notes here: https://rd.gt/416ObMi
рту 17, 2023 6:28:57 PM org.flywaydb.core.internal.license.VersionPrinter printVersion
INFO: 
рту 17, 2023 6:28:58 PM org.flywaydb.core.internal.database.base.BaseDatabaseType createDatabase
INFO: Database: jdbc:h2:file:E:\Extension\Projects\gatlingTest\.metals\metals (H2 2.1)
рту 17, 2023 6:28:58 PM org.flywaydb.core.internal.command.DbValidate validate
INFO: Successfully validated 4 migrations (execution time 00:00.013s)
рту 17, 2023 6:28:58 PM org.flywaydb.core.internal.command.DbMigrate migrateGroup
INFO: Current version of schema "PUBLIC": 4
рту 17, 2023 6:28:58 PM org.flywaydb.core.internal.command.DbMigrate logSummary
INFO: Schema "PUBLIC" is up to date. No migration necessary.
2023.08.17 18:28:58 INFO  time: initialize in 0.65s
2023.08.17 18:28:58 INFO  Attempting to connect to the build server...
2023.08.17 18:28:58 INFO  Bloop uses C:\Program Files\Java\jdk1.8.0_341 defined at C:\Users\User\.bloop\bloop.json
2023.08.17 18:28:58 INFO  skipping build import with status 'Installed'
2023.08.17 18:28:58 INFO  tracing is disabled for protocol BSP, to enable tracing of incoming and outgoing JSON messages create an empty file at E:\Extension\Projects\gatlingTest\.metals\bsp.trace.json or C:\Users\User\AppData\Local\scalameta\metals\cache\bsp.trace.json
2023.08.17 18:28:58 INFO  Attempting to connect to the build server...
2023.08.17 18:28:58 INFO  Bloop uses C:\Program Files\Java\jdk1.8.0_341 defined at C:\Users\User\.bloop\bloop.json
2023.08.17 18:28:58 INFO  Attempting to connect to the build server...
2023.08.17 18:28:58 INFO  Bloop uses C:\Program Files\Java\jdk1.8.0_341 defined at C:\Users\User\.bloop\bloop.json
2023.08.17 18:28:59 INFO  tracing is disabled for protocol BSP, to enable tracing of incoming and outgoing JSON messages create an empty file at E:\Extension\Projects\gatlingTest\project\.metals\bsp.trace.json or C:\Users\User\AppData\Local\scalameta\metals\cache\bsp.trace.json
2023.08.17 18:28:59 INFO  tracing is disabled for protocol BSP, to enable tracing of incoming and outgoing JSON messages create an empty file at E:\Extension\Projects\gatlingTest\project\project\.metals\bsp.trace.json or C:\Users\User\AppData\Local\scalameta\metals\cache\bsp.trace.json
2023.08.17 18:28:59 INFO  time: Connected to build server in 0.14s
2023.08.17 18:28:59 INFO  Connected to Build server: Bloop v1.5.8
2023.08.17 18:29:00 INFO  time: indexed workspace in 1.55s
2023.08.17 18:29:06 INFO  compiling gatlingtest-test (1 scala source)
Exception in thread "pool-3-thread-1" java.lang.Error: java.lang.InterruptedException
	at java.util.concurrent.ThreadPoolExecutor.runWorker(ThreadPoolExecutor.java:1155)
	at java.util.concurrent.ThreadPoolExecutor$Worker.run(ThreadPoolExecutor.java:624)
	at java.lang.Thread.run(Thread.java:750)
Caused by: java.lang.InterruptedException
	at scala.meta.internal.metals.FutureCancelToken.checkCanceled(FutureCancelToken.scala:29)
	at scala.meta.internal.pc.CompilerAccess.$anonfun$onCompilerJobQueue$1(CompilerAccess.scala:229)
	at scala.meta.internal.pc.CompilerJobQueue$Job.run(CompilerJobQueue.scala:152)
	at java.util.concurrent.ThreadPoolExecutor.runWorker(ThreadPoolExecutor.java:1149)
	... 2 more
2023.08.17 18:29:06 INFO  time: compiled gatlingtest-test in 0.61s
2023.08.17 18:29:10 INFO  compiling gatlingtest-test (1 scala source)
2023.08.17 18:29:10 WARN  Could not load snapshot text for E:\Extension\Projects\gatlingTest\src\test\scala\kindegarden\HttpSimulation.scala
2023.08.17 18:29:10 INFO  time: compiled gatlingtest-test in 0.53s
2023.08.17 18:29:12 INFO  compiling gatlingtest-test (1 scala source)
2023.08.17 18:29:12 INFO  time: compiled gatlingtest-test in 0.56s
2023.08.17 18:29:40 INFO  compiling gatlingtest-test (1 scala source)
2023.08.17 18:29:40 INFO  time: compiled gatlingtest-test in 0.57s
2023.08.17 18:30:11 INFO  compiling gatlingtest-test (1 scala source)
2023.08.17 18:30:11 INFO  time: compiled gatlingtest-test in 0.52s
2023.08.17 18:30:23 INFO  compiling gatlingtest-test (1 scala source)
2023.08.17 18:30:23 INFO  time: compiled gatlingtest-test in 0.53s
2023.08.17 18:31:11 INFO  compiling gatlingtest-test (1 scala source)
2023.08.17 18:31:11 INFO  time: compiled gatlingtest-test in 0.52s
2023.08.17 18:31:17 INFO  compiling gatlingtest-test (1 scala source)
2023.08.17 18:31:17 INFO  time: compiled gatlingtest-test in 0.56s
2023.08.17 18:31:24 INFO  compiling gatlingtest-test (1 scala source)
2023.08.17 18:31:24 INFO  time: compiled gatlingtest-test in 0.54s
2023.08.17 18:31:42 INFO  compiling gatlingtest-test (1 scala source)
2023.08.17 18:31:42 INFO  time: compiled gatlingtest-test in 0.22s
2023.08.17 18:31:57 INFO  compiling gatlingtest-test (1 scala source)
2023.08.17 18:31:57 INFO  time: compiled gatlingtest-test in 0.54s
2023.08.17 18:32:01 INFO  compiling gatlingtest-test (1 scala source)
2023.08.17 18:32:01 INFO  time: compiled gatlingtest-test in 0.54s
2023.08.17 18:32:04 INFO  compiling gatlingtest-test (1 scala source)
2023.08.17 18:32:04 INFO  time: compiled gatlingtest-test in 0.56s
2023.08.17 18:32:07 INFO  compiling gatlingtest-test (1 scala source)
2023.08.17 18:32:07 WARN  Could not load snapshot text for E:\Extension\Projects\gatlingTest\src\test\scala\kindegarden\HttpSimulation.scala
2023.08.17 18:32:07 INFO  time: compiled gatlingtest-test in 0.55s
2023.08.17 18:32:09 INFO  compiling gatlingtest-test (1 scala source)
2023.08.17 18:32:09 INFO  time: compiled gatlingtest-test in 0.55s
2023.08.17 18:32:20 INFO  compiling gatlingtest-test (1 scala source)
2023.08.17 18:32:20 INFO  time: compiled gatlingtest-test in 0.55s
2023.08.17 18:32:25 INFO  compiling gatlingtest-test (1 scala source)
2023.08.17 18:32:25 INFO  time: compiled gatlingtest-test in 0.58s
2023.08.17 18:32:42 INFO  compiling gatlingtest-test (1 scala source)
2023.08.17 18:32:42 INFO  time: compiled gatlingtest-test in 0.54s
2023.08.17 18:32:50 INFO  compiling gatlingtest-test (1 scala source)
2023.08.17 18:32:50 INFO  time: compiled gatlingtest-test in 0.55s
2023.08.17 18:36:57 INFO  compiling gatlingtest-test (1 scala source)
2023.08.17 18:36:57 INFO  time: compiled gatlingtest-test in 0.58s
2023.08.17 18:37:02 INFO  compiling gatlingtest-test (1 scala source)
2023.08.17 18:37:02 INFO  time: compiled gatlingtest-test in 0.56s
2023.08.17 18:37:05 INFO  compiling gatlingtest-test (1 scala source)
2023.08.17 18:37:05 INFO  time: compiled gatlingtest-test in 0.54s
2023.08.17 18:37:26 INFO  compiling gatlingtest-test (1 scala source)
2023.08.17 18:37:26 INFO  time: compiled gatlingtest-test in 0.54s
2023.08.17 18:39:23 INFO  compiling gatlingtest-test (1 scala source)
2023.08.17 18:39:23 INFO  time: compiled gatlingtest-test in 0.87s
рту 17, 2023 6:40:27 PM org.eclipse.lsp4j.jsonrpc.RemoteEndpoint handleCancellation
WARNING: Unmatched cancel notification for request id 551
2023.08.17 18:40:31 INFO  compiling gatlingtest-test (1 scala source)
2023.08.17 18:40:31 INFO  time: compiled gatlingtest-test in 0.67s
2023.08.17 18:40:34 INFO  compiling gatlingtest-test (1 scala source)
2023.08.17 18:40:34 INFO  time: compiled gatlingtest-test in 0.53s
2023.08.17 18:49:34 INFO  compiling gatlingtest-test (1 scala source)
2023.08.17 18:49:34 INFO  time: compiled gatlingtest-test in 0.12s
2023.08.17 18:50:06 INFO  compiling gatlingtest-test (1 scala source)
2023.08.17 18:50:06 INFO  time: compiled gatlingtest-test in 0.17s
2023.08.17 18:50:09 INFO  compiling gatlingtest-test (1 scala source)
2023.08.17 18:50:09 INFO  time: compiled gatlingtest-test in 0.57s
2023.08.17 18:50:17 INFO  compiling gatlingtest-test (1 scala source)
2023.08.17 18:50:17 INFO  time: compiled gatlingtest-test in 0.17s
2023.08.17 18:50:30 INFO  compiling gatlingtest-test (1 scala source)
2023.08.17 18:50:30 INFO  time: compiled gatlingtest-test in 0.17s
2023.08.17 18:50:33 INFO  compiling gatlingtest-test (1 scala source)
2023.08.17 18:50:33 INFO  time: compiled gatlingtest-test in 0.17s
2023.08.17 18:50:36 INFO  compiling gatlingtest-test (1 scala source)
2023.08.17 18:50:36 INFO  time: compiled gatlingtest-test in 0.55s
2023.08.17 18:50:54 INFO  compiling gatlingtest-test (1 scala source)
2023.08.17 18:50:54 INFO  time: compiled gatlingtest-test in 0.57s
2023.08.17 18:51:32 INFO  compiling gatlingtest-test (1 scala source)
2023.08.17 18:51:32 INFO  time: compiled gatlingtest-test in 0.56s
2023.08.17 18:51:43 INFO  compiling gatlingtest-test (1 scala source)
2023.08.17 18:51:43 INFO  time: compiled gatlingtest-test in 0.17s
2023.08.17 18:51:45 INFO  compiling gatlingtest-test (1 scala source)
2023.08.17 18:51:45 INFO  time: compiled gatlingtest-test in 0.54s
2023.08.17 18:51:53 INFO  compiling gatlingtest-test (1 scala source)
2023.08.17 18:51:53 INFO  time: compiled gatlingtest-test in 0.55s
2023.08.17 18:52:45 INFO  compiling gatlingtest-test (1 scala source)
2023.08.17 18:52:45 INFO  time: compiled gatlingtest-test in 0.57s
2023.08.17 18:53:01 INFO  compiling gatlingtest-test (1 scala source)
2023.08.17 18:53:01 INFO  time: compiled gatlingtest-test in 0.55s
2023.08.17 18:53:04 INFO  compiling gatlingtest-test (1 scala source)
2023.08.17 18:53:04 INFO  time: compiled gatlingtest-test in 0.54s
рту 17, 2023 6:53:07 PM org.eclipse.lsp4j.jsonrpc.RemoteEndpoint fallbackResponseError
SEVERE: Internal error: java.lang.UnsupportedOperationException: tail of empty list
java.util.concurrent.CompletionException: java.lang.UnsupportedOperationException: tail of empty list
	at java.util.concurrent.CompletableFuture.encodeThrowable(CompletableFuture.java:292)
	at java.util.concurrent.CompletableFuture.completeThrowable(CompletableFuture.java:308)
	at java.util.concurrent.CompletableFuture.uniAccept(CompletableFuture.java:661)
	at java.util.concurrent.CompletableFuture$UniAccept.tryFire(CompletableFuture.java:646)
	at java.util.concurrent.CompletableFuture.postComplete(CompletableFuture.java:488)
	at java.util.concurrent.CompletableFuture.completeExceptionally(CompletableFuture.java:1990)
	at scala.meta.internal.metals.CancelTokens$.$anonfun$future$1(CancelTokens.scala:40)
	at scala.meta.internal.metals.CancelTokens$.$anonfun$future$1$adapted(CancelTokens.scala:38)
	at scala.concurrent.impl.Promise$Transformation.run(Promise.scala:484)
	at java.util.concurrent.ThreadPoolExecutor.runWorker(ThreadPoolExecutor.java:1149)
	at java.util.concurrent.ThreadPoolExecutor$Worker.run(ThreadPoolExecutor.java:624)
	at java.lang.Thread.run(Thread.java:750)
Caused by: java.lang.UnsupportedOperationException: tail of empty list
	at scala.collection.immutable.Nil$.tail(List.scala:664)
	at scala.collection.immutable.Nil$.tail(List.scala:661)
	at scala.meta.internal.metals.codeactions.CreateCompanionObjectCodeAction.$anonfun$endPosOfTree$1(CreateCompanionObjectCodeAction.scala:77)
	at scala.Option.flatMap(Option.scala:283)
	at scala.meta.internal.metals.codeactions.CreateCompanionObjectCodeAction.endPosOfTree(CreateCompanionObjectCodeAction.scala:75)
	at scala.meta.internal.metals.codeactions.CreateCompanionObjectCodeAction.$anonfun$contribute$5(CreateCompanionObjectCodeAction.scala:61)
	at scala.Option.map(Option.scala:242)
	at scala.meta.internal.metals.codeactions.CreateCompanionObjectCodeAction.$anonfun$contribute$4(CreateCompanionObjectCodeAction.scala:58)
	at scala.Option$WithFilter.flatMap(Option.scala:283)
	at scala.meta.internal.metals.codeactions.CreateCompanionObjectCodeAction.$anonfun$contribute$2(CreateCompanionObjectCodeAction.scala:56)
	at scala.Option.flatMap(Option.scala:283)
	at scala.meta.internal.metals.codeactions.CreateCompanionObjectCodeAction.$anonfun$contribute$1(CreateCompanionObjectCodeAction.scala:55)
	at scala.concurrent.Future$.$anonfun$apply$1(Future.scala:687)
	at scala.concurrent.impl.Promise$Transformation.run(Promise.scala:467)
	... 3 more

2023.08.17 18:53:16 INFO  compiling gatlingtest-test (1 scala source)
2023.08.17 18:53:16 INFO  time: compiled gatlingtest-test in 0.54s
2023.08.17 18:53:21 INFO  compiling gatlingtest-test (1 scala source)
2023.08.17 18:53:21 INFO  time: compiled gatlingtest-test in 0.17s
2023.08.17 18:53:23 INFO  compiling gatlingtest-test (1 scala source)
2023.08.17 18:53:23 INFO  time: compiled gatlingtest-test in 0.58s
2023.08.17 18:53:27 INFO  compiling gatlingtest-test (1 scala source)
2023.08.17 18:53:27 INFO  time: compiled gatlingtest-test in 0.56s
рту 17, 2023 6:53:32 PM org.eclipse.lsp4j.jsonrpc.RemoteEndpoint handleCancellation
WARNING: Unmatched cancel notification for request id 1122
2023.08.17 18:53:34 INFO  compiling gatlingtest-test (1 scala source)
2023.08.17 18:53:34 INFO  time: compiled gatlingtest-test in 0.55s
2023.08.17 18:53:43 INFO  compiling gatlingtest-test (1 scala source)
2023.08.17 18:53:43 INFO  time: compiled gatlingtest-test in 0.17s
2023.08.17 18:54:00 INFO  compiling gatlingtest-test (1 scala source)
2023.08.17 18:54:00 INFO  time: compiled gatlingtest-test in 0.58s
2023.08.17 18:54:40 INFO  compiling gatlingtest-test (1 scala source)
2023.08.17 18:54:40 INFO  time: compiled gatlingtest-test in 0.18s
2023.08.17 18:54:43 INFO  compiling gatlingtest-test (1 scala source)
2023.08.17 18:54:43 INFO  time: compiled gatlingtest-test in 0.17s
2023.08.17 18:54:50 INFO  compiling gatlingtest-test (1 scala source)
2023.08.17 18:54:50 INFO  time: compiled gatlingtest-test in 0.17s
2023.08.17 18:55:01 INFO  compiling gatlingtest-test (1 scala source)
2023.08.17 18:55:01 INFO  time: compiled gatlingtest-test in 0.58s
2023.08.17 18:55:07 INFO  compiling gatlingtest-test (1 scala source)
2023.08.17 18:55:07 INFO  time: compiled gatlingtest-test in 0.17s
2023.08.17 18:55:11 INFO  compiling gatlingtest-test (1 scala source)
2023.08.17 18:55:11 INFO  time: compiled gatlingtest-test in 0.59s
2023.08.17 18:55:16 INFO  compiling gatlingtest-test (1 scala source)
2023.08.17 18:55:16 INFO  time: compiled gatlingtest-test in 0.58s
2023.08.17 18:55:20 WARN  Could not load snapshot text for E:\Extension\Projects\gatlingTest\src\test\scala\kindegarden\HttpSimulation.scala
2023.08.17 18:55:20 WARN  Could not load snapshot text for E:\Extension\Projects\gatlingTest\src\test\scala\kindegarden\HttpSimulation.scala
2023.08.17 18:55:21 INFO  compiling gatlingtest-test (1 scala source)
2023.08.17 18:55:21 WARN  Could not load snapshot text for E:\Extension\Projects\gatlingTest\src\test\scala\kindegarden\HttpSimulation.scala
2023.08.17 18:55:21 INFO  time: compiled gatlingtest-test in 0.6s
2023.08.17 18:55:25 INFO  compiling gatlingtest-test (1 scala source)
2023.08.17 18:55:25 INFO  time: compiled gatlingtest-test in 0.57s
2023.08.17 18:55:30 WARN  Could not load snapshot text for E:\Extension\Projects\gatlingTest\src\test\scala\kindegarden\HttpSimulation.scala
2023.08.17 18:55:30 WARN  Could not load snapshot text for E:\Extension\Projects\gatlingTest\src\test\scala\kindegarden\HttpSimulation.scala
2023.08.17 18:55:30 INFO  compiling gatlingtest-test (1 scala source)
2023.08.17 18:55:30 INFO  time: compiled gatlingtest-test in 0.59s
2023.08.17 18:55:36 INFO  compiling gatlingtest-test (1 scala source)
2023.08.17 18:55:36 INFO  time: compiled gatlingtest-test in 0.59s
2023.08.17 18:55:39 INFO  compiling gatlingtest-test (1 scala source)
2023.08.17 18:55:39 INFO  time: compiled gatlingtest-test in 0.6s
2023.08.17 18:56:07 INFO  compiling gatlingtest-test (1 scala source)
2023.08.17 18:56:07 INFO  time: compiled gatlingtest-test in 0.86s
2023.08.17 18:56:15 INFO  compiling gatlingtest-test (1 scala source)
2023.08.17 18:56:15 INFO  time: compiled gatlingtest-test in 0.72s
2023.08.17 18:56:23 INFO  compiling gatlingtest-test (1 scala source)
2023.08.17 18:56:23 INFO  time: compiled gatlingtest-test in 0.56s
2023.08.17 18:56:30 INFO  compiling gatlingtest-test (1 scala source)
2023.08.17 18:56:30 INFO  time: compiled gatlingtest-test in 0.57s
2023.08.17 18:56:38 INFO  compiling gatlingtest-test (1 scala source)
2023.08.17 18:56:38 WARN  Could not load snapshot text for E:\Extension\Projects\gatlingTest\src\test\scala\kindegarden\HttpSimulation.scala
2023.08.17 18:56:38 INFO  time: compiled gatlingtest-test in 0.58s
2023.08.17 18:56:41 INFO  compiling gatlingtest-test (1 scala source)
2023.08.17 18:56:41 INFO  time: compiled gatlingtest-test in 0.57s
2023.08.17 18:56:47 INFO  compiling gatlingtest-test (1 scala source)
2023.08.17 18:56:47 INFO  time: compiled gatlingtest-test in 0.56s
2023.08.17 18:56:51 INFO  compiling gatlingtest-test (1 scala source)
2023.08.17 18:56:51 WARN  Could not load snapshot text for E:\Extension\Projects\gatlingTest\src\test\scala\kindegarden\HttpSimulation.scala
2023.08.17 18:56:51 INFO  time: compiled gatlingtest-test in 0.57s
2023.08.17 18:56:54 INFO  compiling gatlingtest-test (1 scala source)
2023.08.17 18:56:54 INFO  time: compiled gatlingtest-test in 0.61s
рту 17, 2023 6:57:18 PM scala.meta.internal.pc.CompilerAccess handleError
SEVERE: A severe compiler error occurred, full details of the error can be found in the error report E:\Extension\Projects\gatlingTest\.metals\.reports\metals-full\r_compiler-error_1692280638083
2023.08.17 18:57:18 INFO  compiling gatlingtest-test (1 scala source)
2023.08.17 18:57:18 INFO  time: compiled gatlingtest-test in 0.59s
2023.08.17 18:57:34 INFO  compiling gatlingtest-test (1 scala source)
2023.08.17 18:57:34 INFO  time: compiled gatlingtest-test in 0.57s
2023.08.17 18:58:54 INFO  compiling gatlingtest-test (1 scala source)
2023.08.17 18:58:54 INFO  time: compiled gatlingtest-test in 0.57s
2023.08.17 19:06:12 INFO  compiling gatlingtest-test (1 scala source)
2023.08.17 19:06:12 INFO  time: compiled gatlingtest-test in 0.62s
2023.08.17 19:06:15 INFO  compiling gatlingtest-test (1 scala source)
2023.08.17 19:06:15 INFO  time: compiled gatlingtest-test in 0.58s
рту 17, 2023 7:17:32 PM org.eclipse.lsp4j.jsonrpc.RemoteEndpoint fallbackResponseError
SEVERE: Internal error: java.lang.UnsupportedOperationException: tail of empty list
java.util.concurrent.CompletionException: java.lang.UnsupportedOperationException: tail of empty list
	at java.util.concurrent.CompletableFuture.encodeThrowable(CompletableFuture.java:292)
	at java.util.concurrent.CompletableFuture.completeThrowable(CompletableFuture.java:308)
	at java.util.concurrent.CompletableFuture.uniAccept(CompletableFuture.java:661)
	at java.util.concurrent.CompletableFuture$UniAccept.tryFire(CompletableFuture.java:646)
	at java.util.concurrent.CompletableFuture.postComplete(CompletableFuture.java:488)
	at java.util.concurrent.CompletableFuture.completeExceptionally(CompletableFuture.java:1990)
	at scala.meta.internal.metals.CancelTokens$.$anonfun$future$1(CancelTokens.scala:40)
	at scala.meta.internal.metals.CancelTokens$.$anonfun$future$1$adapted(CancelTokens.scala:38)
	at scala.concurrent.impl.Promise$Transformation.run(Promise.scala:484)
	at java.util.concurrent.ThreadPoolExecutor.runWorker(ThreadPoolExecutor.java:1149)
	at java.util.concurrent.ThreadPoolExecutor$Worker.run(ThreadPoolExecutor.java:624)
	at java.lang.Thread.run(Thread.java:750)
Caused by: java.lang.UnsupportedOperationException: tail of empty list
	at scala.collection.immutable.Nil$.tail(List.scala:664)
	at scala.collection.immutable.Nil$.tail(List.scala:661)
	at scala.meta.internal.metals.codeactions.CreateCompanionObjectCodeAction.$anonfun$endPosOfTree$1(CreateCompanionObjectCodeAction.scala:77)
	at scala.Option.flatMap(Option.scala:283)
	at scala.meta.internal.metals.codeactions.CreateCompanionObjectCodeAction.endPosOfTree(CreateCompanionObjectCodeAction.scala:75)
	at scala.meta.internal.metals.codeactions.CreateCompanionObjectCodeAction.$anonfun$contribute$5(CreateCompanionObjectCodeAction.scala:61)
	at scala.Option.map(Option.scala:242)
	at scala.meta.internal.metals.codeactions.CreateCompanionObjectCodeAction.$anonfun$contribute$4(CreateCompanionObjectCodeAction.scala:58)
	at scala.Option$WithFilter.flatMap(Option.scala:283)
	at scala.meta.internal.metals.codeactions.CreateCompanionObjectCodeAction.$anonfun$contribute$2(CreateCompanionObjectCodeAction.scala:56)
	at scala.Option.flatMap(Option.scala:283)
	at scala.meta.internal.metals.codeactions.CreateCompanionObjectCodeAction.$anonfun$contribute$1(CreateCompanionObjectCodeAction.scala:55)
	at scala.concurrent.Future$.$anonfun$apply$1(Future.scala:687)
	at scala.concurrent.impl.Promise$Transformation.run(Promise.scala:467)
	... 3 more

2023.08.17 19:17:32 INFO  compiling gatlingtest-test (1 scala source)
2023.08.17 19:17:32 WARN  Could not load snapshot text for E:\Extension\Projects\gatlingTest\src\test\scala\kindegarden\HttpSimulation.scala
2023.08.17 19:17:32 INFO  time: compiled gatlingtest-test in 0.61s
2023.08.17 20:11:43 INFO  Shutting down server
2023.08.17 20:11:43 INFO  shutting down Metals
2023.08.17 20:11:43 INFO  Shut down connection with build server.
2023.08.17 20:11:43 INFO  Shut down connection with build server.
2023.08.17 20:11:43 INFO  Shut down connection with build server.
2023.08.17 20:11:43 INFO  Exiting server
2023.08.18 11:11:57 INFO  Started: Metals version 1.0.0 in folders 'E:\Extension\Projects\gatlingTest' for client Visual Studio Code 1.81.1.
рту 18, 2023 11:11:58 AM org.flywaydb.core.internal.license.VersionPrinter printVersionOnly
INFO: Flyway Community Edition 9.20.1 by Redgate
рту 18, 2023 11:11:58 AM org.flywaydb.core.internal.license.VersionPrinter printVersion
INFO: See release notes here: https://rd.gt/416ObMi
рту 18, 2023 11:11:58 AM org.flywaydb.core.internal.license.VersionPrinter printVersion
INFO: 
рту 18, 2023 11:11:58 AM org.flywaydb.core.internal.database.base.BaseDatabaseType createDatabase
INFO: Database: jdbc:h2:file:E:\Extension\Projects\gatlingTest\.metals\metals (H2 2.1)
рту 18, 2023 11:11:58 AM org.flywaydb.core.internal.command.DbValidate validate
INFO: Successfully validated 4 migrations (execution time 00:00.014s)
рту 18, 2023 11:11:58 AM org.flywaydb.core.internal.command.DbMigrate migrateGroup
INFO: Current version of schema "PUBLIC": 4
рту 18, 2023 11:11:58 AM org.flywaydb.core.internal.command.DbMigrate logSummary
INFO: Schema "PUBLIC" is up to date. No migration necessary.
2023.08.18 11:11:58 INFO  time: initialize in 0.55s
2023.08.18 11:11:59 INFO  Attempting to connect to the build server...
2023.08.18 11:11:59 INFO  Bloop uses C:\Program Files\Java\jdk1.8.0_341 defined at C:\Users\User\.bloop\bloop.json
2023.08.18 11:11:59 INFO  skipping build import with status 'Installed'
2023.08.18 11:12:00 INFO  no build target found for E:\Extension\Projects\gatlingTest\src\test\scala\kindegarden\HttpSimulation.scala. Using presentation compiler with project's scala-library version: 3.3.0
2023.08.18 11:12:01 INFO  time: code lens generation in 2.5s
2023.08.18 11:12:03 INFO  tracing is disabled for protocol BSP, to enable tracing of incoming and outgoing JSON messages create an empty file at E:\Extension\Projects\gatlingTest\.metals\bsp.trace.json or C:\Users\User\AppData\Local\scalameta\metals\cache\bsp.trace.json
2023.08.18 11:12:03 INFO  Attempting to connect to the build server...
2023.08.18 11:12:03 INFO  Bloop uses C:\Program Files\Java\jdk1.8.0_341 defined at C:\Users\User\.bloop\bloop.json
2023.08.18 11:12:03 INFO  Attempting to connect to the build server...
2023.08.18 11:12:03 INFO  Bloop uses C:\Program Files\Java\jdk1.8.0_341 defined at C:\Users\User\.bloop\bloop.json
2023.08.18 11:12:03 INFO  tracing is disabled for protocol BSP, to enable tracing of incoming and outgoing JSON messages create an empty file at E:\Extension\Projects\gatlingTest\project\project\.metals\bsp.trace.json or C:\Users\User\AppData\Local\scalameta\metals\cache\bsp.trace.json
2023.08.18 11:12:03 INFO  tracing is disabled for protocol BSP, to enable tracing of incoming and outgoing JSON messages create an empty file at E:\Extension\Projects\gatlingTest\project\.metals\bsp.trace.json or C:\Users\User\AppData\Local\scalameta\metals\cache\bsp.trace.json
2023.08.18 11:12:03 INFO  time: Connected to build server in 4.22s
2023.08.18 11:12:03 INFO  Connected to Build server: Bloop v1.5.8
2023.08.18 11:12:03 INFO  time: Imported build in 0.11s
2023.08.18 11:12:04 INFO  time: indexed workspace in 1.51s
2023.08.18 11:32:30 INFO  Shutting down server
2023.08.18 11:32:30 INFO  shutting down Metals
2023.08.18 11:32:30 INFO  Shut down connection with build server.
2023.08.18 11:32:30 INFO  Shut down connection with build server.
2023.08.18 11:32:30 INFO  Shut down connection with build server.
2023.08.18 11:32:30 INFO  Exiting server
2023.09.21 15:59:11 INFO  Started: Metals version 1.0.0 in folders 'E:\Extension\Projects\gatlingTest' for client Visual Studio Code 1.81.1.
ёхэ 21, 2023 3:59:11 PM org.flywaydb.core.internal.license.VersionPrinter printVersionOnly
INFO: Flyway Community Edition 9.20.1 by Redgate
ёхэ 21, 2023 3:59:11 PM org.flywaydb.core.internal.license.VersionPrinter printVersion
INFO: See release notes here: https://rd.gt/416ObMi
ёхэ 21, 2023 3:59:11 PM org.flywaydb.core.internal.license.VersionPrinter printVersion
INFO: 
ёхэ 21, 2023 3:59:11 PM org.flywaydb.core.internal.database.base.BaseDatabaseType createDatabase
INFO: Database: jdbc:h2:file:E:\Extension\Projects\gatlingTest\.metals\metals (H2 2.1)
ёхэ 21, 2023 3:59:11 PM org.flywaydb.core.internal.command.DbValidate validate
INFO: Successfully validated 4 migrations (execution time 00:00.016s)
ёхэ 21, 2023 3:59:11 PM org.flywaydb.core.internal.command.DbMigrate migrateGroup
INFO: Current version of schema "PUBLIC": 4
ёхэ 21, 2023 3:59:11 PM org.flywaydb.core.internal.command.DbMigrate logSummary
INFO: Schema "PUBLIC" is up to date. No migration necessary.
2023.09.21 15:59:11 INFO  time: initialize in 0.49s
2023.09.21 15:59:11 INFO  Attempting to connect to the build server...
2023.09.21 15:59:11 INFO  Bloop uses C:\Program Files\Java\jdk1.8.0_341 defined at C:\Users\User\.bloop\bloop.json
2023.09.21 15:59:12 INFO  skipping build import with status 'Installed'
2023.09.21 15:59:14 INFO  no build target found for E:\Extension\Projects\gatlingTest\src\test\scala\kindegarden\HttpSimulation.scala. Using presentation compiler with project's scala-library version: 3.3.0
2023.09.21 15:59:15 INFO  time: code lens generation in 3.42s
2023.09.21 15:59:15 INFO  tracing is disabled for protocol BSP, to enable tracing of incoming and outgoing JSON messages create an empty file at E:\Extension\Projects\gatlingTest\.metals\bsp.trace.json or C:\Users\User\AppData\Local\scalameta\metals\cache\bsp.trace.json
2023.09.21 15:59:15 INFO  Attempting to connect to the build server...
2023.09.21 15:59:15 INFO  Bloop uses C:\Program Files\Java\jdk1.8.0_341 defined at C:\Users\User\.bloop\bloop.json
2023.09.21 15:59:15 INFO  Attempting to connect to the build server...
2023.09.21 15:59:15 INFO  Bloop uses C:\Program Files\Java\jdk1.8.0_341 defined at C:\Users\User\.bloop\bloop.json
2023.09.21 15:59:16 INFO  tracing is disabled for protocol BSP, to enable tracing of incoming and outgoing JSON messages create an empty file at E:\Extension\Projects\gatlingTest\project\.metals\bsp.trace.json or C:\Users\User\AppData\Local\scalameta\metals\cache\bsp.trace.json
2023.09.21 15:59:16 INFO  tracing is disabled for protocol BSP, to enable tracing of incoming and outgoing JSON messages create an empty file at E:\Extension\Projects\gatlingTest\project\project\.metals\bsp.trace.json or C:\Users\User\AppData\Local\scalameta\metals\cache\bsp.trace.json
2023.09.21 15:59:16 INFO  time: Connected to build server in 4.25s
2023.09.21 15:59:16 INFO  Connected to Build server: Bloop v1.5.8
2023.09.21 15:59:18 INFO  time: indexed workspace in 1.73s
